#
# There is insufficient memory for the Java Runtime Environment to continue.
# Native memory allocation (malloc) failed to allocate 1797776 bytes for Chunk::new
# Possible reasons:
#   The system is out of physical RAM or swap space
#   The process is running with CompressedOops enabled, and the Java Heap may be blocking the growth of the native heap
# Possible solutions:
#   Reduce memory load on the system
#   Increase physical memory or swap space
#   Check if swap backing store is full
#   Decrease Java heap size (-Xmx/-Xms)
#   Decrease number of Java threads
#   Decrease Java thread stack sizes (-Xss)
#   Set larger code cache with -XX:ReservedCodeCacheSize=
#   JVM is running with Unscaled Compressed Oops mode in which the Java heap is
#     placed in the first 4GB address space. The Java Heap base address is the
#     maximum limit for the native heap growth. Please use -XX:HeapBaseMinAddress
#     to set the Java Heap base and to place the Java Heap above 4GB virtual address.
# This output file may be truncated or incomplete.
#
#  Out of Memory Error (./src/hotspot/share/memory/arena.cpp:197), pid=11900, tid=6816
#
# JRE version: OpenJDK Runtime Environment 18.9 (11.0.16+8) (build 11.0.16+8)
# Java VM: OpenJDK 64-Bit Server VM 18.9 (11.0.16+8, mixed mode, tiered, compressed oops, g1 gc, windows-amd64)
# No core dump will be written. Minidumps are not enabled by default on client versions of Windows
#

---------------  S U M M A R Y ------------

Command Line: --add-opens=java.base/java.util=ALL-UNNAMED --add-opens=java.base/java.lang=ALL-UNNAMED --add-opens=java.base/java.lang.invoke=ALL-UNNAMED --add-opens=java.base/java.util=ALL-UNNAMED --add-opens=java.prefs/java.util.prefs=ALL-UNNAMED --add-opens=java.prefs/java.util.prefs=ALL-UNNAMED --add-opens=java.base/java.nio.charset=ALL-UNNAMED --add-opens=java.base/java.net=ALL-UNNAMED --add-opens=java.base/java.util.concurrent.atomic=ALL-UNNAMED -XX:MaxMetaspaceSize=256m -XX:+HeapDumpOnOutOfMemoryError -Xms256m -Xmx512m -Dfile.encoding=utf8 -Duser.country=BR -Duser.language=pt -Duser.variant org.gradle.launcher.daemon.bootstrap.GradleDaemon 7.5.1

Host: Intel(R) Core(TM) i3-9100F CPU @ 3.60GHz, 4 cores, 3G,  Windows 10 , 64 bit Build 19041 (10.0.19041.2251)
Time: Sat Nov 19 22:30:21 2022 Hora oficial do Brasil elapsed time: 3.059405 seconds (0d 0h 0m 3s)

---------------  T H R E A D  ---------------

Current thread (0x00000201c4c0e000):  JavaThread "C2 CompilerThread0" daemon [_thread_in_native, id=6816, stack(0x000000ccaca00000,0x000000ccacb00000)]


Current CompileTask:
C2:   3059 2191       4       java.net.URLClassLoader$1::run (5 bytes)

Stack: [0x000000ccaca00000,0x000000ccacb00000]
Native frames: (J=compiled Java code, j=interpreted, Vv=VM code, C=native code)
V  [jvm.dll+0x61a63a]
V  [jvm.dll+0x757439]
V  [jvm.dll+0x758b28]
V  [jvm.dll+0x759203]
V  [jvm.dll+0x24d9a8]
V  [jvm.dll+0xc148c]
V  [jvm.dll+0xc1a4c]
V  [jvm.dll+0x357127]
V  [jvm.dll+0x323373]
V  [jvm.dll+0x3226aa]
V  [jvm.dll+0x206db5]
V  [jvm.dll+0x205edd]
V  [jvm.dll+0x187ec1]
V  [jvm.dll+0x2156a4]
V  [jvm.dll+0x2138eb]
V  [jvm.dll+0x71a000]
V  [jvm.dll+0x712f34]
V  [jvm.dll+0x6194a5]
C  [ucrtbase.dll+0x21bb2]
C  [KERNEL32.DLL+0x174b4]
C  [ntdll.dll+0x526a1]


---------------  P R O C E S S  ---------------

Threads class SMR info:
_java_thread_list=0x00000201c982e0a0, length=27, elements={
0x00000201a950d800, 0x00000201c4be5000, 0x00000201c4bee000, 0x00000201c4c06800,
0x00000201c4c07000, 0x00000201c4c09000, 0x00000201c4c0e000, 0x00000201c4c17800,
0x00000201c4c1d000, 0x00000201c5710800, 0x00000201c6b9a800, 0x00000201c7706800,
0x00000201c7950800, 0x00000201c7629000, 0x00000201c797e000, 0x00000201c76b9000,
0x00000201c76b4800, 0x00000201c7865000, 0x00000201c79b1000, 0x00000201c79b7000,
0x00000201c7841000, 0x00000201c7842800, 0x00000201c7844000, 0x00000201c7840000,
0x00000201c7841800, 0x00000201c7845000, 0x00000201c783f000
}

Java Threads: ( => current thread )
  0x00000201a950d800 JavaThread "main" [_thread_blocked, id=11880, stack(0x000000ccabe00000,0x000000ccabf00000)]
  0x00000201c4be5000 JavaThread "Reference Handler" daemon [_thread_blocked, id=3644, stack(0x000000ccac500000,0x000000ccac600000)]
  0x00000201c4bee000 JavaThread "Finalizer" daemon [_thread_blocked, id=1388, stack(0x000000ccac600000,0x000000ccac700000)]
  0x00000201c4c06800 JavaThread "Signal Dispatcher" daemon [_thread_blocked, id=5600, stack(0x000000ccac700000,0x000000ccac800000)]
  0x00000201c4c07000 JavaThread "Attach Listener" daemon [_thread_blocked, id=12516, stack(0x000000ccac800000,0x000000ccac900000)]
  0x00000201c4c09000 JavaThread "Service Thread" daemon [_thread_blocked, id=11480, stack(0x000000ccac900000,0x000000ccaca00000)]
=>0x00000201c4c0e000 JavaThread "C2 CompilerThread0" daemon [_thread_in_native, id=6816, stack(0x000000ccaca00000,0x000000ccacb00000)]
  0x00000201c4c17800 JavaThread "C1 CompilerThread0" daemon [_thread_blocked, id=12656, stack(0x000000ccacb00000,0x000000ccacc00000)]
  0x00000201c4c1d000 JavaThread "Sweeper thread" daemon [_thread_blocked, id=12004, stack(0x000000ccacc00000,0x000000ccacd00000)]
  0x00000201c5710800 JavaThread "Common-Cleaner" daemon [_thread_blocked, id=5312, stack(0x000000ccacd00000,0x000000ccace00000)]
  0x00000201c6b9a800 JavaThread "Daemon health stats" [_thread_blocked, id=1140, stack(0x000000ccad200000,0x000000ccad300000)]
  0x00000201c7706800 JavaThread "Incoming local TCP Connector on port 52324" [_thread_in_native, id=1104, stack(0x000000ccad300000,0x000000ccad400000)]
  0x00000201c7950800 JavaThread "Daemon periodic checks" [_thread_blocked, id=5700, stack(0x000000ccad400000,0x000000ccad500000)]
  0x00000201c7629000 JavaThread "Daemon" [_thread_blocked, id=1348, stack(0x000000ccad500000,0x000000ccad600000)]
  0x00000201c797e000 JavaThread "Handler for socket connection from /127.0.0.1:52324 to /127.0.0.1:52325" [_thread_in_native, id=10720, stack(0x000000ccad600000,0x000000ccad700000)]
  0x00000201c76b9000 JavaThread "Cancel handler" [_thread_blocked, id=2528, stack(0x000000ccad700000,0x000000ccad800000)]
  0x00000201c76b4800 JavaThread "Daemon worker" [_thread_in_vm, id=2664, stack(0x000000ccad800000,0x000000ccad900000)]
  0x00000201c7865000 JavaThread "Asynchronous log dispatcher for DefaultDaemonConnection: socket connection from /127.0.0.1:52324 to /127.0.0.1:52325" [_thread_blocked, id=312, stack(0x000000ccad900000,0x000000ccada00000)]
  0x00000201c79b1000 JavaThread "Stdin handler" [_thread_blocked, id=6020, stack(0x000000ccada00000,0x000000ccadb00000)]
  0x00000201c79b7000 JavaThread "Daemon client event forwarder" [_thread_blocked, id=1368, stack(0x000000ccadb00000,0x000000ccadc00000)]
  0x00000201c7841000 JavaThread "Cache worker for journal cache (C:\Users\patrickfv\.gradle\caches\journal-1)" [_thread_blocked, id=9928, stack(0x000000ccadc00000,0x000000ccadd00000)]
  0x00000201c7842800 JavaThread "File lock request listener" [_thread_in_native, id=1536, stack(0x000000ccadd00000,0x000000ccade00000)]
  0x00000201c7844000 JavaThread "Cache worker for file hash cache (C:\Users\patrickfv\.gradle\caches\7.5.1\fileHashes)" [_thread_blocked, id=2252, stack(0x000000ccade00000,0x000000ccadf00000)]
  0x00000201c7840000 JavaThread "File watcher server" daemon [_thread_in_native, id=12992, stack(0x000000ccadf00000,0x000000ccae000000)]
  0x00000201c7841800 JavaThread "File watcher consumer" daemon [_thread_blocked, id=3832, stack(0x000000ccae000000,0x000000ccae100000)]
  0x00000201c7845000 JavaThread "jar transforms" [_thread_blocked, id=13060, stack(0x000000ccae100000,0x000000ccae200000)]
  0x00000201c783f000 JavaThread "jar transforms Thread 2" [_thread_blocked, id=11116, stack(0x000000ccae200000,0x000000ccae300000)]

Other Threads:
  0x00000201c4be2800 VMThread "VM Thread" [stack: 0x000000ccac400000,0x000000ccac500000] [id=11940]
  0x00000201c571f800 WatcherThread [stack: 0x000000ccace00000,0x000000ccacf00000] [id=9612]
  0x00000201a9526000 GCTaskThread "GC Thread#0" [stack: 0x000000ccabf00000,0x000000ccac000000] [id=1716]
  0x00000201c5c1e800 GCTaskThread "GC Thread#1" [stack: 0x000000ccacf00000,0x000000ccad000000] [id=11196]
  0x00000201c5bbd800 GCTaskThread "GC Thread#2" [stack: 0x000000ccad000000,0x000000ccad100000] [id=5324]
  0x00000201c5a0c800 GCTaskThread "GC Thread#3" [stack: 0x000000ccad100000,0x000000ccad200000] [id=12044]
  0x00000201a9536000 ConcurrentGCThread "G1 Main Marker" [stack: 0x000000ccac000000,0x000000ccac100000] [id=12536]
  0x00000201a9537800 ConcurrentGCThread "G1 Conc#0" [stack: 0x000000ccac100000,0x000000ccac200000] [id=11348]
  0x00000201c4a5a800 ConcurrentGCThread "G1 Refine#0" [stack: 0x000000ccac200000,0x000000ccac300000] [id=6720]
  0x00000201c4a5b000 ConcurrentGCThread "G1 Young RemSet Sampling" [stack: 0x000000ccac300000,0x000000ccac400000] [id=13164]

Threads with active compile tasks:
C2 CompilerThread0     3110 2191       4       java.net.URLClassLoader$1::run (5 bytes)

VM state:not at safepoint (normal execution)

VM Mutex/Monitor currently owned by a thread: None

Heap address: 0x00000000e0000000, size: 512 MB, Compressed Oops mode: 32-bit
Narrow klass base: 0x0000000000000000, Narrow klass shift: 3
Compressed class space size: 260046848 Address: 0x0000000100000000

Heap:
 garbage-first heap   total 262144K, used 31788K [0x00000000e0000000, 0x0000000100000000)
  region size 1024K, 17 young (17408K), 3 survivors (3072K)
 Metaspace       used 27429K, capacity 28249K, committed 28464K, reserved 278528K
  class space    used 3583K, capacity 3863K, committed 3968K, reserved 253952K
Heap Regions: E=young(eden), S=young(survivor), O=old, HS=humongous(starts), HC=humongous(continues), CS=collection set, F=free, A=archive, TAMS=top-at-mark-start (previous, next)
|   0|0x00000000e0000000, 0x00000000e0100000, 0x00000000e0100000|100%|HS|  |TAMS 0x00000000e0100000, 0x00000000e0000000| Complete 
|   1|0x00000000e0100000, 0x00000000e0200000, 0x00000000e0200000|100%|HC|  |TAMS 0x00000000e0200000, 0x00000000e0100000| Complete 
|   2|0x00000000e0200000, 0x00000000e0300000, 0x00000000e0300000|100%|HC|  |TAMS 0x00000000e0300000, 0x00000000e0200000| Complete 
|   3|0x00000000e0300000, 0x00000000e0400000, 0x00000000e0400000|100%| O|  |TAMS 0x00000000e0400000, 0x00000000e0300000| Untracked 
|   4|0x00000000e0400000, 0x00000000e0500000, 0x00000000e0500000|100%| O|  |TAMS 0x00000000e0500000, 0x00000000e0400000| Untracked 
|   5|0x00000000e0500000, 0x00000000e0600000, 0x00000000e0600000|100%| O|  |TAMS 0x00000000e0600000, 0x00000000e0500000| Untracked 
|   6|0x00000000e0600000, 0x00000000e0700000, 0x00000000e0700000|100%| O|  |TAMS 0x00000000e0700000, 0x00000000e0600000| Untracked 
|   7|0x00000000e0700000, 0x00000000e0800000, 0x00000000e0800000|100%| O|  |TAMS 0x00000000e0800000, 0x00000000e0700000| Untracked 
|   8|0x00000000e0800000, 0x00000000e0900000, 0x00000000e0900000|100%| O|  |TAMS 0x00000000e0900000, 0x00000000e0800000| Untracked 
|   9|0x00000000e0900000, 0x00000000e0a00000, 0x00000000e0a00000|100%| O|  |TAMS 0x00000000e0a00000, 0x00000000e0900000| Untracked 
|  10|0x00000000e0a00000, 0x00000000e0b00000, 0x00000000e0b00000|100%| O|  |TAMS 0x00000000e0b00000, 0x00000000e0a00000| Untracked 
|  11|0x00000000e0b00000, 0x00000000e0c00000, 0x00000000e0c00000|100%| O|  |TAMS 0x00000000e0c00000, 0x00000000e0b00000| Untracked 
|  12|0x00000000e0c00000, 0x00000000e0d00000, 0x00000000e0d00000|100%| O|  |TAMS 0x00000000e0d00000, 0x00000000e0c00000| Untracked 
|  13|0x00000000e0d00000, 0x00000000e0e00000, 0x00000000e0e00000|100%| O|  |TAMS 0x00000000e0e00000, 0x00000000e0d00000| Untracked 
|  14|0x00000000e0e00000, 0x00000000e0f00000, 0x00000000e0f00000|100%| O|  |TAMS 0x00000000e0f00000, 0x00000000e0e00000| Untracked 
|  15|0x00000000e0f00000, 0x00000000e1000000, 0x00000000e1000000|100%| O|  |TAMS 0x00000000e1000000, 0x00000000e0f00000| Untracked 
|  16|0x00000000e1000000, 0x00000000e104ea00, 0x00000000e1100000| 30%| O|  |TAMS 0x00000000e104ea00, 0x00000000e1000000| Untracked 
|  17|0x00000000e1100000, 0x00000000e1100000, 0x00000000e1200000|  0%| F|  |TAMS 0x00000000e1100000, 0x00000000e1100000| Untracked 
|  18|0x00000000e1200000, 0x00000000e1200000, 0x00000000e1300000|  0%| F|  |TAMS 0x00000000e1200000, 0x00000000e1200000| Untracked 
|  19|0x00000000e1300000, 0x00000000e1300000, 0x00000000e1400000|  0%| F|  |TAMS 0x00000000e1300000, 0x00000000e1300000| Untracked 
|  20|0x00000000e1400000, 0x00000000e1400000, 0x00000000e1500000|  0%| F|  |TAMS 0x00000000e1400000, 0x00000000e1400000| Untracked 
|  21|0x00000000e1500000, 0x00000000e1500000, 0x00000000e1600000|  0%| F|  |TAMS 0x00000000e1500000, 0x00000000e1500000| Untracked 
|  22|0x00000000e1600000, 0x00000000e1600000, 0x00000000e1700000|  0%| F|  |TAMS 0x00000000e1600000, 0x00000000e1600000| Untracked 
|  23|0x00000000e1700000, 0x00000000e1700000, 0x00000000e1800000|  0%| F|  |TAMS 0x00000000e1700000, 0x00000000e1700000| Untracked 
|  24|0x00000000e1800000, 0x00000000e1800000, 0x00000000e1900000|  0%| F|  |TAMS 0x00000000e1800000, 0x00000000e1800000| Untracked 
|  25|0x00000000e1900000, 0x00000000e1900000, 0x00000000e1a00000|  0%| F|  |TAMS 0x00000000e1900000, 0x00000000e1900000| Untracked 
|  26|0x00000000e1a00000, 0x00000000e1a00000, 0x00000000e1b00000|  0%| F|  |TAMS 0x00000000e1a00000, 0x00000000e1a00000| Untracked 
|  27|0x00000000e1b00000, 0x00000000e1b00000, 0x00000000e1c00000|  0%| F|  |TAMS 0x00000000e1b00000, 0x00000000e1b00000| Untracked 
|  28|0x00000000e1c00000, 0x00000000e1c00000, 0x00000000e1d00000|  0%| F|  |TAMS 0x00000000e1c00000, 0x00000000e1c00000| Untracked 
|  29|0x00000000e1d00000, 0x00000000e1d00000, 0x00000000e1e00000|  0%| F|  |TAMS 0x00000000e1d00000, 0x00000000e1d00000| Untracked 
|  30|0x00000000e1e00000, 0x00000000e1e00000, 0x00000000e1f00000|  0%| F|  |TAMS 0x00000000e1e00000, 0x00000000e1e00000| Untracked 
|  31|0x00000000e1f00000, 0x00000000e1f00000, 0x00000000e2000000|  0%| F|  |TAMS 0x00000000e1f00000, 0x00000000e1f00000| Untracked 
|  32|0x00000000e2000000, 0x00000000e2000000, 0x00000000e2100000|  0%| F|  |TAMS 0x00000000e2000000, 0x00000000e2000000| Untracked 
|  33|0x00000000e2100000, 0x00000000e2100000, 0x00000000e2200000|  0%| F|  |TAMS 0x00000000e2100000, 0x00000000e2100000| Untracked 
|  34|0x00000000e2200000, 0x00000000e2200000, 0x00000000e2300000|  0%| F|  |TAMS 0x00000000e2200000, 0x00000000e2200000| Untracked 
|  35|0x00000000e2300000, 0x00000000e2300000, 0x00000000e2400000|  0%| F|  |TAMS 0x00000000e2300000, 0x00000000e2300000| Untracked 
|  36|0x00000000e2400000, 0x00000000e2400000, 0x00000000e2500000|  0%| F|  |TAMS 0x00000000e2400000, 0x00000000e2400000| Untracked 
|  37|0x00000000e2500000, 0x00000000e2500000, 0x00000000e2600000|  0%| F|  |TAMS 0x00000000e2500000, 0x00000000e2500000| Untracked 
|  38|0x00000000e2600000, 0x00000000e2600000, 0x00000000e2700000|  0%| F|  |TAMS 0x00000000e2600000, 0x00000000e2600000| Untracked 
|  39|0x00000000e2700000, 0x00000000e2700000, 0x00000000e2800000|  0%| F|  |TAMS 0x00000000e2700000, 0x00000000e2700000| Untracked 
|  40|0x00000000e2800000, 0x00000000e2800000, 0x00000000e2900000|  0%| F|  |TAMS 0x00000000e2800000, 0x00000000e2800000| Untracked 
|  41|0x00000000e2900000, 0x00000000e2900000, 0x00000000e2a00000|  0%| F|  |TAMS 0x00000000e2900000, 0x00000000e2900000| Untracked 
|  42|0x00000000e2a00000, 0x00000000e2a00000, 0x00000000e2b00000|  0%| F|  |TAMS 0x00000000e2a00000, 0x00000000e2a00000| Untracked 
|  43|0x00000000e2b00000, 0x00000000e2b00000, 0x00000000e2c00000|  0%| F|  |TAMS 0x00000000e2b00000, 0x00000000e2b00000| Untracked 
|  44|0x00000000e2c00000, 0x00000000e2c00000, 0x00000000e2d00000|  0%| F|  |TAMS 0x00000000e2c00000, 0x00000000e2c00000| Untracked 
|  45|0x00000000e2d00000, 0x00000000e2d00000, 0x00000000e2e00000|  0%| F|  |TAMS 0x00000000e2d00000, 0x00000000e2d00000| Untracked 
|  46|0x00000000e2e00000, 0x00000000e2e00000, 0x00000000e2f00000|  0%| F|  |TAMS 0x00000000e2e00000, 0x00000000e2e00000| Untracked 
|  47|0x00000000e2f00000, 0x00000000e2f00000, 0x00000000e3000000|  0%| F|  |TAMS 0x00000000e2f00000, 0x00000000e2f00000| Untracked 
|  48|0x00000000e3000000, 0x00000000e3000000, 0x00000000e3100000|  0%| F|  |TAMS 0x00000000e3000000, 0x00000000e3000000| Untracked 
|  49|0x00000000e3100000, 0x00000000e3100000, 0x00000000e3200000|  0%| F|  |TAMS 0x00000000e3100000, 0x00000000e3100000| Untracked 
|  50|0x00000000e3200000, 0x00000000e3200000, 0x00000000e3300000|  0%| F|  |TAMS 0x00000000e3200000, 0x00000000e3200000| Untracked 
|  51|0x00000000e3300000, 0x00000000e3300000, 0x00000000e3400000|  0%| F|  |TAMS 0x00000000e3300000, 0x00000000e3300000| Untracked 
|  52|0x00000000e3400000, 0x00000000e3400000, 0x00000000e3500000|  0%| F|  |TAMS 0x00000000e3400000, 0x00000000e3400000| Untracked 
|  53|0x00000000e3500000, 0x00000000e3500000, 0x00000000e3600000|  0%| F|  |TAMS 0x00000000e3500000, 0x00000000e3500000| Untracked 
|  54|0x00000000e3600000, 0x00000000e3600000, 0x00000000e3700000|  0%| F|  |TAMS 0x00000000e3600000, 0x00000000e3600000| Untracked 
|  55|0x00000000e3700000, 0x00000000e3700000, 0x00000000e3800000|  0%| F|  |TAMS 0x00000000e3700000, 0x00000000e3700000| Untracked 
|  56|0x00000000e3800000, 0x00000000e3800000, 0x00000000e3900000|  0%| F|  |TAMS 0x00000000e3800000, 0x00000000e3800000| Untracked 
|  57|0x00000000e3900000, 0x00000000e3900000, 0x00000000e3a00000|  0%| F|  |TAMS 0x00000000e3900000, 0x00000000e3900000| Untracked 
|  58|0x00000000e3a00000, 0x00000000e3a00000, 0x00000000e3b00000|  0%| F|  |TAMS 0x00000000e3a00000, 0x00000000e3a00000| Untracked 
|  59|0x00000000e3b00000, 0x00000000e3b00000, 0x00000000e3c00000|  0%| F|  |TAMS 0x00000000e3b00000, 0x00000000e3b00000| Untracked 
|  60|0x00000000e3c00000, 0x00000000e3c00000, 0x00000000e3d00000|  0%| F|  |TAMS 0x00000000e3c00000, 0x00000000e3c00000| Untracked 
|  61|0x00000000e3d00000, 0x00000000e3d00000, 0x00000000e3e00000|  0%| F|  |TAMS 0x00000000e3d00000, 0x00000000e3d00000| Untracked 
|  62|0x00000000e3e00000, 0x00000000e3e00000, 0x00000000e3f00000|  0%| F|  |TAMS 0x00000000e3e00000, 0x00000000e3e00000| Untracked 
|  63|0x00000000e3f00000, 0x00000000e3f00000, 0x00000000e4000000|  0%| F|  |TAMS 0x00000000e3f00000, 0x00000000e3f00000| Untracked 
|  64|0x00000000e4000000, 0x00000000e4000000, 0x00000000e4100000|  0%| F|  |TAMS 0x00000000e4000000, 0x00000000e4000000| Untracked 
|  65|0x00000000e4100000, 0x00000000e4100000, 0x00000000e4200000|  0%| F|  |TAMS 0x00000000e4100000, 0x00000000e4100000| Untracked 
|  66|0x00000000e4200000, 0x00000000e4200000, 0x00000000e4300000|  0%| F|  |TAMS 0x00000000e4200000, 0x00000000e4200000| Untracked 
|  67|0x00000000e4300000, 0x00000000e4300000, 0x00000000e4400000|  0%| F|  |TAMS 0x00000000e4300000, 0x00000000e4300000| Untracked 
|  68|0x00000000e4400000, 0x00000000e4400000, 0x00000000e4500000|  0%| F|  |TAMS 0x00000000e4400000, 0x00000000e4400000| Untracked 
|  69|0x00000000e4500000, 0x00000000e4500000, 0x00000000e4600000|  0%| F|  |TAMS 0x00000000e4500000, 0x00000000e4500000| Untracked 
|  70|0x00000000e4600000, 0x00000000e4600000, 0x00000000e4700000|  0%| F|  |TAMS 0x00000000e4600000, 0x00000000e4600000| Untracked 
|  71|0x00000000e4700000, 0x00000000e4700000, 0x00000000e4800000|  0%| F|  |TAMS 0x00000000e4700000, 0x00000000e4700000| Untracked 
|  72|0x00000000e4800000, 0x00000000e4800000, 0x00000000e4900000|  0%| F|  |TAMS 0x00000000e4800000, 0x00000000e4800000| Untracked 
|  73|0x00000000e4900000, 0x00000000e4900000, 0x00000000e4a00000|  0%| F|  |TAMS 0x00000000e4900000, 0x00000000e4900000| Untracked 
|  74|0x00000000e4a00000, 0x00000000e4a00000, 0x00000000e4b00000|  0%| F|  |TAMS 0x00000000e4a00000, 0x00000000e4a00000| Untracked 
|  75|0x00000000e4b00000, 0x00000000e4b00000, 0x00000000e4c00000|  0%| F|  |TAMS 0x00000000e4b00000, 0x00000000e4b00000| Untracked 
|  76|0x00000000e4c00000, 0x00000000e4c00000, 0x00000000e4d00000|  0%| F|  |TAMS 0x00000000e4c00000, 0x00000000e4c00000| Untracked 
|  77|0x00000000e4d00000, 0x00000000e4d00000, 0x00000000e4e00000|  0%| F|  |TAMS 0x00000000e4d00000, 0x00000000e4d00000| Untracked 
|  78|0x00000000e4e00000, 0x00000000e4e00000, 0x00000000e4f00000|  0%| F|  |TAMS 0x00000000e4e00000, 0x00000000e4e00000| Untracked 
|  79|0x00000000e4f00000, 0x00000000e4f00000, 0x00000000e5000000|  0%| F|  |TAMS 0x00000000e4f00000, 0x00000000e4f00000| Untracked 
|  80|0x00000000e5000000, 0x00000000e5000000, 0x00000000e5100000|  0%| F|  |TAMS 0x00000000e5000000, 0x00000000e5000000| Untracked 
|  81|0x00000000e5100000, 0x00000000e5100000, 0x00000000e5200000|  0%| F|  |TAMS 0x00000000e5100000, 0x00000000e5100000| Untracked 
|  82|0x00000000e5200000, 0x00000000e5200000, 0x00000000e5300000|  0%| F|  |TAMS 0x00000000e5200000, 0x00000000e5200000| Untracked 
|  83|0x00000000e5300000, 0x00000000e5300000, 0x00000000e5400000|  0%| F|  |TAMS 0x00000000e5300000, 0x00000000e5300000| Untracked 
|  84|0x00000000e5400000, 0x00000000e5400000, 0x00000000e5500000|  0%| F|  |TAMS 0x00000000e5400000, 0x00000000e5400000| Untracked 
|  85|0x00000000e5500000, 0x00000000e5500000, 0x00000000e5600000|  0%| F|  |TAMS 0x00000000e5500000, 0x00000000e5500000| Untracked 
|  86|0x00000000e5600000, 0x00000000e5600000, 0x00000000e5700000|  0%| F|  |TAMS 0x00000000e5600000, 0x00000000e5600000| Untracked 
|  87|0x00000000e5700000, 0x00000000e5700000, 0x00000000e5800000|  0%| F|  |TAMS 0x00000000e5700000, 0x00000000e5700000| Untracked 
|  88|0x00000000e5800000, 0x00000000e5800000, 0x00000000e5900000|  0%| F|  |TAMS 0x00000000e5800000, 0x00000000e5800000| Untracked 
|  89|0x00000000e5900000, 0x00000000e5900000, 0x00000000e5a00000|  0%| F|  |TAMS 0x00000000e5900000, 0x00000000e5900000| Untracked 
|  90|0x00000000e5a00000, 0x00000000e5a00000, 0x00000000e5b00000|  0%| F|  |TAMS 0x00000000e5a00000, 0x00000000e5a00000| Untracked 
|  91|0x00000000e5b00000, 0x00000000e5b00000, 0x00000000e5c00000|  0%| F|  |TAMS 0x00000000e5b00000, 0x00000000e5b00000| Untracked 
|  92|0x00000000e5c00000, 0x00000000e5c00000, 0x00000000e5d00000|  0%| F|  |TAMS 0x00000000e5c00000, 0x00000000e5c00000| Untracked 
|  93|0x00000000e5d00000, 0x00000000e5d00000, 0x00000000e5e00000|  0%| F|  |TAMS 0x00000000e5d00000, 0x00000000e5d00000| Untracked 
|  94|0x00000000e5e00000, 0x00000000e5e00000, 0x00000000e5f00000|  0%| F|  |TAMS 0x00000000e5e00000, 0x00000000e5e00000| Untracked 
|  95|0x00000000e5f00000, 0x00000000e5f00000, 0x00000000e6000000|  0%| F|  |TAMS 0x00000000e5f00000, 0x00000000e5f00000| Untracked 
|  96|0x00000000e6000000, 0x00000000e6000000, 0x00000000e6100000|  0%| F|  |TAMS 0x00000000e6000000, 0x00000000e6000000| Untracked 
|  97|0x00000000e6100000, 0x00000000e6100000, 0x00000000e6200000|  0%| F|  |TAMS 0x00000000e6100000, 0x00000000e6100000| Untracked 
|  98|0x00000000e6200000, 0x00000000e6200000, 0x00000000e6300000|  0%| F|  |TAMS 0x00000000e6200000, 0x00000000e6200000| Untracked 
|  99|0x00000000e6300000, 0x00000000e6300000, 0x00000000e6400000|  0%| F|  |TAMS 0x00000000e6300000, 0x00000000e6300000| Untracked 
| 100|0x00000000e6400000, 0x00000000e6400000, 0x00000000e6500000|  0%| F|  |TAMS 0x00000000e6400000, 0x00000000e6400000| Untracked 
| 101|0x00000000e6500000, 0x00000000e6500000, 0x00000000e6600000|  0%| F|  |TAMS 0x00000000e6500000, 0x00000000e6500000| Untracked 
| 102|0x00000000e6600000, 0x00000000e6600000, 0x00000000e6700000|  0%| F|  |TAMS 0x00000000e6600000, 0x00000000e6600000| Untracked 
| 103|0x00000000e6700000, 0x00000000e6700000, 0x00000000e6800000|  0%| F|  |TAMS 0x00000000e6700000, 0x00000000e6700000| Untracked 
| 104|0x00000000e6800000, 0x00000000e6800000, 0x00000000e6900000|  0%| F|  |TAMS 0x00000000e6800000, 0x00000000e6800000| Untracked 
| 105|0x00000000e6900000, 0x00000000e6900000, 0x00000000e6a00000|  0%| F|  |TAMS 0x00000000e6900000, 0x00000000e6900000| Untracked 
| 106|0x00000000e6a00000, 0x00000000e6a00000, 0x00000000e6b00000|  0%| F|  |TAMS 0x00000000e6a00000, 0x00000000e6a00000| Untracked 
| 107|0x00000000e6b00000, 0x00000000e6b00000, 0x00000000e6c00000|  0%| F|  |TAMS 0x00000000e6b00000, 0x00000000e6b00000| Untracked 
| 108|0x00000000e6c00000, 0x00000000e6c00000, 0x00000000e6d00000|  0%| F|  |TAMS 0x00000000e6c00000, 0x00000000e6c00000| Untracked 
| 109|0x00000000e6d00000, 0x00000000e6d00000, 0x00000000e6e00000|  0%| F|  |TAMS 0x00000000e6d00000, 0x00000000e6d00000| Untracked 
| 110|0x00000000e6e00000, 0x00000000e6e00000, 0x00000000e6f00000|  0%| F|  |TAMS 0x00000000e6e00000, 0x00000000e6e00000| Untracked 
| 111|0x00000000e6f00000, 0x00000000e6f00000, 0x00000000e7000000|  0%| F|  |TAMS 0x00000000e6f00000, 0x00000000e6f00000| Untracked 
| 112|0x00000000e7000000, 0x00000000e7000000, 0x00000000e7100000|  0%| F|  |TAMS 0x00000000e7000000, 0x00000000e7000000| Untracked 
| 113|0x00000000e7100000, 0x00000000e7100000, 0x00000000e7200000|  0%| F|  |TAMS 0x00000000e7100000, 0x00000000e7100000| Untracked 
| 114|0x00000000e7200000, 0x00000000e7200000, 0x00000000e7300000|  0%| F|  |TAMS 0x00000000e7200000, 0x00000000e7200000| Untracked 
| 115|0x00000000e7300000, 0x00000000e7300000, 0x00000000e7400000|  0%| F|  |TAMS 0x00000000e7300000, 0x00000000e7300000| Untracked 
| 116|0x00000000e7400000, 0x00000000e7400000, 0x00000000e7500000|  0%| F|  |TAMS 0x00000000e7400000, 0x00000000e7400000| Untracked 
| 117|0x00000000e7500000, 0x00000000e7500000, 0x00000000e7600000|  0%| F|  |TAMS 0x00000000e7500000, 0x00000000e7500000| Untracked 
| 118|0x00000000e7600000, 0x00000000e7600000, 0x00000000e7700000|  0%| F|  |TAMS 0x00000000e7600000, 0x00000000e7600000| Untracked 
| 119|0x00000000e7700000, 0x00000000e7700000, 0x00000000e7800000|  0%| F|  |TAMS 0x00000000e7700000, 0x00000000e7700000| Untracked 
| 120|0x00000000e7800000, 0x00000000e7800000, 0x00000000e7900000|  0%| F|  |TAMS 0x00000000e7800000, 0x00000000e7800000| Untracked 
| 121|0x00000000e7900000, 0x00000000e7900000, 0x00000000e7a00000|  0%| F|  |TAMS 0x00000000e7900000, 0x00000000e7900000| Untracked 
| 122|0x00000000e7a00000, 0x00000000e7a00000, 0x00000000e7b00000|  0%| F|  |TAMS 0x00000000e7a00000, 0x00000000e7a00000| Untracked 
| 123|0x00000000e7b00000, 0x00000000e7b00000, 0x00000000e7c00000|  0%| F|  |TAMS 0x00000000e7b00000, 0x00000000e7b00000| Untracked 
| 124|0x00000000e7c00000, 0x00000000e7c00000, 0x00000000e7d00000|  0%| F|  |TAMS 0x00000000e7c00000, 0x00000000e7c00000| Untracked 
| 125|0x00000000e7d00000, 0x00000000e7d00000, 0x00000000e7e00000|  0%| F|  |TAMS 0x00000000e7d00000, 0x00000000e7d00000| Untracked 
| 126|0x00000000e7e00000, 0x00000000e7e00000, 0x00000000e7f00000|  0%| F|  |TAMS 0x00000000e7e00000, 0x00000000e7e00000| Untracked 
| 127|0x00000000e7f00000, 0x00000000e7f00000, 0x00000000e8000000|  0%| F|  |TAMS 0x00000000e7f00000, 0x00000000e7f00000| Untracked 
| 128|0x00000000e8000000, 0x00000000e8000000, 0x00000000e8100000|  0%| F|  |TAMS 0x00000000e8000000, 0x00000000e8000000| Untracked 
| 129|0x00000000e8100000, 0x00000000e8100000, 0x00000000e8200000|  0%| F|  |TAMS 0x00000000e8100000, 0x00000000e8100000| Untracked 
| 130|0x00000000e8200000, 0x00000000e8200000, 0x00000000e8300000|  0%| F|  |TAMS 0x00000000e8200000, 0x00000000e8200000| Untracked 
| 131|0x00000000e8300000, 0x00000000e8300000, 0x00000000e8400000|  0%| F|  |TAMS 0x00000000e8300000, 0x00000000e8300000| Untracked 
| 132|0x00000000e8400000, 0x00000000e8400000, 0x00000000e8500000|  0%| F|  |TAMS 0x00000000e8400000, 0x00000000e8400000| Untracked 
| 133|0x00000000e8500000, 0x00000000e8500000, 0x00000000e8600000|  0%| F|  |TAMS 0x00000000e8500000, 0x00000000e8500000| Untracked 
| 134|0x00000000e8600000, 0x00000000e8600000, 0x00000000e8700000|  0%| F|  |TAMS 0x00000000e8600000, 0x00000000e8600000| Untracked 
| 135|0x00000000e8700000, 0x00000000e8700000, 0x00000000e8800000|  0%| F|  |TAMS 0x00000000e8700000, 0x00000000e8700000| Untracked 
| 136|0x00000000e8800000, 0x00000000e8800000, 0x00000000e8900000|  0%| F|  |TAMS 0x00000000e8800000, 0x00000000e8800000| Untracked 
| 137|0x00000000e8900000, 0x00000000e8900000, 0x00000000e8a00000|  0%| F|  |TAMS 0x00000000e8900000, 0x00000000e8900000| Untracked 
| 138|0x00000000e8a00000, 0x00000000e8a00000, 0x00000000e8b00000|  0%| F|  |TAMS 0x00000000e8a00000, 0x00000000e8a00000| Untracked 
| 139|0x00000000e8b00000, 0x00000000e8b00000, 0x00000000e8c00000|  0%| F|  |TAMS 0x00000000e8b00000, 0x00000000e8b00000| Untracked 
| 140|0x00000000e8c00000, 0x00000000e8c00000, 0x00000000e8d00000|  0%| F|  |TAMS 0x00000000e8c00000, 0x00000000e8c00000| Untracked 
| 141|0x00000000e8d00000, 0x00000000e8d00000, 0x00000000e8e00000|  0%| F|  |TAMS 0x00000000e8d00000, 0x00000000e8d00000| Untracked 
| 142|0x00000000e8e00000, 0x00000000e8e00000, 0x00000000e8f00000|  0%| F|  |TAMS 0x00000000e8e00000, 0x00000000e8e00000| Untracked 
| 143|0x00000000e8f00000, 0x00000000e8f00000, 0x00000000e9000000|  0%| F|  |TAMS 0x00000000e8f00000, 0x00000000e8f00000| Untracked 
| 144|0x00000000e9000000, 0x00000000e9000000, 0x00000000e9100000|  0%| F|  |TAMS 0x00000000e9000000, 0x00000000e9000000| Untracked 
| 145|0x00000000e9100000, 0x00000000e9100000, 0x00000000e9200000|  0%| F|  |TAMS 0x00000000e9100000, 0x00000000e9100000| Untracked 
| 146|0x00000000e9200000, 0x00000000e9200000, 0x00000000e9300000|  0%| F|  |TAMS 0x00000000e9200000, 0x00000000e9200000| Untracked 
| 147|0x00000000e9300000, 0x00000000e9300000, 0x00000000e9400000|  0%| F|  |TAMS 0x00000000e9300000, 0x00000000e9300000| Untracked 
| 148|0x00000000e9400000, 0x00000000e9400000, 0x00000000e9500000|  0%| F|  |TAMS 0x00000000e9400000, 0x00000000e9400000| Untracked 
| 149|0x00000000e9500000, 0x00000000e9500000, 0x00000000e9600000|  0%| F|  |TAMS 0x00000000e9500000, 0x00000000e9500000| Untracked 
| 150|0x00000000e9600000, 0x00000000e9600000, 0x00000000e9700000|  0%| F|  |TAMS 0x00000000e9600000, 0x00000000e9600000| Untracked 
| 151|0x00000000e9700000, 0x00000000e9700000, 0x00000000e9800000|  0%| F|  |TAMS 0x00000000e9700000, 0x00000000e9700000| Untracked 
| 152|0x00000000e9800000, 0x00000000e9800000, 0x00000000e9900000|  0%| F|  |TAMS 0x00000000e9800000, 0x00000000e9800000| Untracked 
| 153|0x00000000e9900000, 0x00000000e9900000, 0x00000000e9a00000|  0%| F|  |TAMS 0x00000000e9900000, 0x00000000e9900000| Untracked 
| 154|0x00000000e9a00000, 0x00000000e9a00000, 0x00000000e9b00000|  0%| F|  |TAMS 0x00000000e9a00000, 0x00000000e9a00000| Untracked 
| 155|0x00000000e9b00000, 0x00000000e9b00000, 0x00000000e9c00000|  0%| F|  |TAMS 0x00000000e9b00000, 0x00000000e9b00000| Untracked 
| 156|0x00000000e9c00000, 0x00000000e9c00000, 0x00000000e9d00000|  0%| F|  |TAMS 0x00000000e9c00000, 0x00000000e9c00000| Untracked 
| 157|0x00000000e9d00000, 0x00000000e9d00000, 0x00000000e9e00000|  0%| F|  |TAMS 0x00000000e9d00000, 0x00000000e9d00000| Untracked 
| 158|0x00000000e9e00000, 0x00000000e9e00000, 0x00000000e9f00000|  0%| F|  |TAMS 0x00000000e9e00000, 0x00000000e9e00000| Untracked 
| 159|0x00000000e9f00000, 0x00000000e9f00000, 0x00000000ea000000|  0%| F|  |TAMS 0x00000000e9f00000, 0x00000000e9f00000| Untracked 
| 160|0x00000000ea000000, 0x00000000ea000000, 0x00000000ea100000|  0%| F|  |TAMS 0x00000000ea000000, 0x00000000ea000000| Untracked 
| 161|0x00000000ea100000, 0x00000000ea100000, 0x00000000ea200000|  0%| F|  |TAMS 0x00000000ea100000, 0x00000000ea100000| Untracked 
| 162|0x00000000ea200000, 0x00000000ea200000, 0x00000000ea300000|  0%| F|  |TAMS 0x00000000ea200000, 0x00000000ea200000| Untracked 
| 163|0x00000000ea300000, 0x00000000ea300000, 0x00000000ea400000|  0%| F|  |TAMS 0x00000000ea300000, 0x00000000ea300000| Untracked 
| 164|0x00000000ea400000, 0x00000000ea400000, 0x00000000ea500000|  0%| F|  |TAMS 0x00000000ea400000, 0x00000000ea400000| Untracked 
| 165|0x00000000ea500000, 0x00000000ea500000, 0x00000000ea600000|  0%| F|  |TAMS 0x00000000ea500000, 0x00000000ea500000| Untracked 
| 166|0x00000000ea600000, 0x00000000ea600000, 0x00000000ea700000|  0%| F|  |TAMS 0x00000000ea600000, 0x00000000ea600000| Untracked 
| 167|0x00000000ea700000, 0x00000000ea700000, 0x00000000ea800000|  0%| F|  |TAMS 0x00000000ea700000, 0x00000000ea700000| Untracked 
| 168|0x00000000ea800000, 0x00000000ea800000, 0x00000000ea900000|  0%| F|  |TAMS 0x00000000ea800000, 0x00000000ea800000| Untracked 
| 169|0x00000000ea900000, 0x00000000ea900000, 0x00000000eaa00000|  0%| F|  |TAMS 0x00000000ea900000, 0x00000000ea900000| Untracked 
| 170|0x00000000eaa00000, 0x00000000eaa00000, 0x00000000eab00000|  0%| F|  |TAMS 0x00000000eaa00000, 0x00000000eaa00000| Untracked 
| 171|0x00000000eab00000, 0x00000000eab00000, 0x00000000eac00000|  0%| F|  |TAMS 0x00000000eab00000, 0x00000000eab00000| Untracked 
| 172|0x00000000eac00000, 0x00000000eac00000, 0x00000000ead00000|  0%| F|  |TAMS 0x00000000eac00000, 0x00000000eac00000| Untracked 
| 173|0x00000000ead00000, 0x00000000ead00000, 0x00000000eae00000|  0%| F|  |TAMS 0x00000000ead00000, 0x00000000ead00000| Untracked 
| 174|0x00000000eae00000, 0x00000000eae00000, 0x00000000eaf00000|  0%| F|  |TAMS 0x00000000eae00000, 0x00000000eae00000| Untracked 
| 175|0x00000000eaf00000, 0x00000000eaf00000, 0x00000000eb000000|  0%| F|  |TAMS 0x00000000eaf00000, 0x00000000eaf00000| Untracked 
| 176|0x00000000eb000000, 0x00000000eb000000, 0x00000000eb100000|  0%| F|  |TAMS 0x00000000eb000000, 0x00000000eb000000| Untracked 
| 177|0x00000000eb100000, 0x00000000eb100000, 0x00000000eb200000|  0%| F|  |TAMS 0x00000000eb100000, 0x00000000eb100000| Untracked 
| 178|0x00000000eb200000, 0x00000000eb200000, 0x00000000eb300000|  0%| F|  |TAMS 0x00000000eb200000, 0x00000000eb200000| Untracked 
| 179|0x00000000eb300000, 0x00000000eb300000, 0x00000000eb400000|  0%| F|  |TAMS 0x00000000eb300000, 0x00000000eb300000| Untracked 
| 180|0x00000000eb400000, 0x00000000eb400000, 0x00000000eb500000|  0%| F|  |TAMS 0x00000000eb400000, 0x00000000eb400000| Untracked 
| 181|0x00000000eb500000, 0x00000000eb500000, 0x00000000eb600000|  0%| F|  |TAMS 0x00000000eb500000, 0x00000000eb500000| Untracked 
| 182|0x00000000eb600000, 0x00000000eb600000, 0x00000000eb700000|  0%| F|  |TAMS 0x00000000eb600000, 0x00000000eb600000| Untracked 
| 183|0x00000000eb700000, 0x00000000eb700000, 0x00000000eb800000|  0%| F|  |TAMS 0x00000000eb700000, 0x00000000eb700000| Untracked 
| 184|0x00000000eb800000, 0x00000000eb800000, 0x00000000eb900000|  0%| F|  |TAMS 0x00000000eb800000, 0x00000000eb800000| Untracked 
| 185|0x00000000eb900000, 0x00000000eb900000, 0x00000000eba00000|  0%| F|  |TAMS 0x00000000eb900000, 0x00000000eb900000| Untracked 
| 186|0x00000000eba00000, 0x00000000eba00000, 0x00000000ebb00000|  0%| F|  |TAMS 0x00000000eba00000, 0x00000000eba00000| Untracked 
| 187|0x00000000ebb00000, 0x00000000ebb00000, 0x00000000ebc00000|  0%| F|  |TAMS 0x00000000ebb00000, 0x00000000ebb00000| Untracked 
| 188|0x00000000ebc00000, 0x00000000ebc00000, 0x00000000ebd00000|  0%| F|  |TAMS 0x00000000ebc00000, 0x00000000ebc00000| Untracked 
| 189|0x00000000ebd00000, 0x00000000ebd00000, 0x00000000ebe00000|  0%| F|  |TAMS 0x00000000ebd00000, 0x00000000ebd00000| Untracked 
| 190|0x00000000ebe00000, 0x00000000ebe00000, 0x00000000ebf00000|  0%| F|  |TAMS 0x00000000ebe00000, 0x00000000ebe00000| Untracked 
| 191|0x00000000ebf00000, 0x00000000ebf00000, 0x00000000ec000000|  0%| F|  |TAMS 0x00000000ebf00000, 0x00000000ebf00000| Untracked 
| 192|0x00000000ec000000, 0x00000000ec000000, 0x00000000ec100000|  0%| F|  |TAMS 0x00000000ec000000, 0x00000000ec000000| Untracked 
| 193|0x00000000ec100000, 0x00000000ec100000, 0x00000000ec200000|  0%| F|  |TAMS 0x00000000ec100000, 0x00000000ec100000| Untracked 
| 194|0x00000000ec200000, 0x00000000ec200000, 0x00000000ec300000|  0%| F|  |TAMS 0x00000000ec200000, 0x00000000ec200000| Untracked 
| 195|0x00000000ec300000, 0x00000000ec300000, 0x00000000ec400000|  0%| F|  |TAMS 0x00000000ec300000, 0x00000000ec300000| Untracked 
| 196|0x00000000ec400000, 0x00000000ec400000, 0x00000000ec500000|  0%| F|  |TAMS 0x00000000ec400000, 0x00000000ec400000| Untracked 
| 197|0x00000000ec500000, 0x00000000ec5bc610, 0x00000000ec600000| 73%| S|CS|TAMS 0x00000000ec500000, 0x00000000ec500000| Complete 
| 198|0x00000000ec600000, 0x00000000ec700000, 0x00000000ec700000|100%| S|CS|TAMS 0x00000000ec600000, 0x00000000ec600000| Complete 
| 199|0x00000000ec700000, 0x00000000ec800000, 0x00000000ec800000|100%| S|CS|TAMS 0x00000000ec700000, 0x00000000ec700000| Complete 
| 200|0x00000000ec800000, 0x00000000ec800000, 0x00000000ec900000|  0%| F|  |TAMS 0x00000000ec800000, 0x00000000ec800000| Untracked 
| 201|0x00000000ec900000, 0x00000000ec900000, 0x00000000eca00000|  0%| F|  |TAMS 0x00000000ec900000, 0x00000000ec900000| Untracked 
| 202|0x00000000eca00000, 0x00000000eca00000, 0x00000000ecb00000|  0%| F|  |TAMS 0x00000000eca00000, 0x00000000eca00000| Untracked 
| 203|0x00000000ecb00000, 0x00000000ecb00000, 0x00000000ecc00000|  0%| F|  |TAMS 0x00000000ecb00000, 0x00000000ecb00000| Untracked 
| 204|0x00000000ecc00000, 0x00000000ecc00000, 0x00000000ecd00000|  0%| F|  |TAMS 0x00000000ecc00000, 0x00000000ecc00000| Untracked 
| 205|0x00000000ecd00000, 0x00000000ecd00000, 0x00000000ece00000|  0%| F|  |TAMS 0x00000000ecd00000, 0x00000000ecd00000| Untracked 
| 206|0x00000000ece00000, 0x00000000ece00000, 0x00000000ecf00000|  0%| F|  |TAMS 0x00000000ece00000, 0x00000000ece00000| Untracked 
| 207|0x00000000ecf00000, 0x00000000ecf00000, 0x00000000ed000000|  0%| F|  |TAMS 0x00000000ecf00000, 0x00000000ecf00000| Untracked 
| 208|0x00000000ed000000, 0x00000000ed000000, 0x00000000ed100000|  0%| F|  |TAMS 0x00000000ed000000, 0x00000000ed000000| Untracked 
| 209|0x00000000ed100000, 0x00000000ed100000, 0x00000000ed200000|  0%| F|  |TAMS 0x00000000ed100000, 0x00000000ed100000| Untracked 
| 210|0x00000000ed200000, 0x00000000ed200000, 0x00000000ed300000|  0%| F|  |TAMS 0x00000000ed200000, 0x00000000ed200000| Untracked 
| 211|0x00000000ed300000, 0x00000000ed300000, 0x00000000ed400000|  0%| F|  |TAMS 0x00000000ed300000, 0x00000000ed300000| Untracked 
| 212|0x00000000ed400000, 0x00000000ed400000, 0x00000000ed500000|  0%| F|  |TAMS 0x00000000ed400000, 0x00000000ed400000| Untracked 
| 213|0x00000000ed500000, 0x00000000ed500000, 0x00000000ed600000|  0%| F|  |TAMS 0x00000000ed500000, 0x00000000ed500000| Untracked 
| 214|0x00000000ed600000, 0x00000000ed600000, 0x00000000ed700000|  0%| F|  |TAMS 0x00000000ed600000, 0x00000000ed600000| Untracked 
| 215|0x00000000ed700000, 0x00000000ed700000, 0x00000000ed800000|  0%| F|  |TAMS 0x00000000ed700000, 0x00000000ed700000| Untracked 
| 216|0x00000000ed800000, 0x00000000ed800000, 0x00000000ed900000|  0%| F|  |TAMS 0x00000000ed800000, 0x00000000ed800000| Untracked 
| 217|0x00000000ed900000, 0x00000000ed900000, 0x00000000eda00000|  0%| F|  |TAMS 0x00000000ed900000, 0x00000000ed900000| Untracked 
| 218|0x00000000eda00000, 0x00000000eda00000, 0x00000000edb00000|  0%| F|  |TAMS 0x00000000eda00000, 0x00000000eda00000| Untracked 
| 219|0x00000000edb00000, 0x00000000edb00000, 0x00000000edc00000|  0%| F|  |TAMS 0x00000000edb00000, 0x00000000edb00000| Untracked 
| 220|0x00000000edc00000, 0x00000000edc00000, 0x00000000edd00000|  0%| F|  |TAMS 0x00000000edc00000, 0x00000000edc00000| Untracked 
| 221|0x00000000edd00000, 0x00000000edd00000, 0x00000000ede00000|  0%| F|  |TAMS 0x00000000edd00000, 0x00000000edd00000| Untracked 
| 222|0x00000000ede00000, 0x00000000ede00000, 0x00000000edf00000|  0%| F|  |TAMS 0x00000000ede00000, 0x00000000ede00000| Untracked 
| 223|0x00000000edf00000, 0x00000000edf00000, 0x00000000ee000000|  0%| F|  |TAMS 0x00000000edf00000, 0x00000000edf00000| Untracked 
| 224|0x00000000ee000000, 0x00000000ee000000, 0x00000000ee100000|  0%| F|  |TAMS 0x00000000ee000000, 0x00000000ee000000| Untracked 
| 225|0x00000000ee100000, 0x00000000ee100000, 0x00000000ee200000|  0%| F|  |TAMS 0x00000000ee100000, 0x00000000ee100000| Untracked 
| 226|0x00000000ee200000, 0x00000000ee200000, 0x00000000ee300000|  0%| F|  |TAMS 0x00000000ee200000, 0x00000000ee200000| Untracked 
| 227|0x00000000ee300000, 0x00000000ee300000, 0x00000000ee400000|  0%| F|  |TAMS 0x00000000ee300000, 0x00000000ee300000| Untracked 
| 228|0x00000000ee400000, 0x00000000ee400000, 0x00000000ee500000|  0%| F|  |TAMS 0x00000000ee400000, 0x00000000ee400000| Untracked 
| 229|0x00000000ee500000, 0x00000000ee500000, 0x00000000ee600000|  0%| F|  |TAMS 0x00000000ee500000, 0x00000000ee500000| Untracked 
| 230|0x00000000ee600000, 0x00000000ee600000, 0x00000000ee700000|  0%| F|  |TAMS 0x00000000ee600000, 0x00000000ee600000| Untracked 
| 231|0x00000000ee700000, 0x00000000ee700000, 0x00000000ee800000|  0%| F|  |TAMS 0x00000000ee700000, 0x00000000ee700000| Untracked 
| 232|0x00000000ee800000, 0x00000000ee800000, 0x00000000ee900000|  0%| F|  |TAMS 0x00000000ee800000, 0x00000000ee800000| Untracked 
| 233|0x00000000ee900000, 0x00000000ee900000, 0x00000000eea00000|  0%| F|  |TAMS 0x00000000ee900000, 0x00000000ee900000| Untracked 
| 234|0x00000000eea00000, 0x00000000eea00000, 0x00000000eeb00000|  0%| F|  |TAMS 0x00000000eea00000, 0x00000000eea00000| Untracked 
| 235|0x00000000eeb00000, 0x00000000eeb00000, 0x00000000eec00000|  0%| F|  |TAMS 0x00000000eeb00000, 0x00000000eeb00000| Untracked 
| 236|0x00000000eec00000, 0x00000000eec00000, 0x00000000eed00000|  0%| F|  |TAMS 0x00000000eec00000, 0x00000000eec00000| Untracked 
| 237|0x00000000eed00000, 0x00000000eed00000, 0x00000000eee00000|  0%| F|  |TAMS 0x00000000eed00000, 0x00000000eed00000| Untracked 
| 238|0x00000000eee00000, 0x00000000eee00000, 0x00000000eef00000|  0%| F|  |TAMS 0x00000000eee00000, 0x00000000eee00000| Untracked 
| 239|0x00000000eef00000, 0x00000000eef00000, 0x00000000ef000000|  0%| F|  |TAMS 0x00000000eef00000, 0x00000000eef00000| Untracked 
| 240|0x00000000ef000000, 0x00000000ef000000, 0x00000000ef100000|  0%| F|  |TAMS 0x00000000ef000000, 0x00000000ef000000| Untracked 
| 241|0x00000000ef100000, 0x00000000ef100000, 0x00000000ef200000|  0%| F|  |TAMS 0x00000000ef100000, 0x00000000ef100000| Untracked 
| 242|0x00000000ef200000, 0x00000000ef28b020, 0x00000000ef300000| 54%| E|  |TAMS 0x00000000ef200000, 0x00000000ef200000| Complete 
| 243|0x00000000ef300000, 0x00000000ef3c5d10, 0x00000000ef400000| 77%| E|  |TAMS 0x00000000ef300000, 0x00000000ef300000| Complete 
| 244|0x00000000ef400000, 0x00000000ef500000, 0x00000000ef500000|100%| E|CS|TAMS 0x00000000ef400000, 0x00000000ef400000| Complete 
| 245|0x00000000ef500000, 0x00000000ef600000, 0x00000000ef600000|100%| E|CS|TAMS 0x00000000ef500000, 0x00000000ef500000| Complete 
| 246|0x00000000ef600000, 0x00000000ef700000, 0x00000000ef700000|100%| E|CS|TAMS 0x00000000ef600000, 0x00000000ef600000| Complete 
| 247|0x00000000ef700000, 0x00000000ef800000, 0x00000000ef800000|100%| E|CS|TAMS 0x00000000ef700000, 0x00000000ef700000| Complete 
| 248|0x00000000ef800000, 0x00000000ef900000, 0x00000000ef900000|100%| E|CS|TAMS 0x00000000ef800000, 0x00000000ef800000| Complete 
| 249|0x00000000ef900000, 0x00000000efa00000, 0x00000000efa00000|100%| E|CS|TAMS 0x00000000ef900000, 0x00000000ef900000| Complete 
| 250|0x00000000efa00000, 0x00000000efb00000, 0x00000000efb00000|100%| E|CS|TAMS 0x00000000efa00000, 0x00000000efa00000| Complete 
| 251|0x00000000efb00000, 0x00000000efc00000, 0x00000000efc00000|100%| E|CS|TAMS 0x00000000efb00000, 0x00000000efb00000| Complete 
| 252|0x00000000efc00000, 0x00000000efd00000, 0x00000000efd00000|100%| E|CS|TAMS 0x00000000efc00000, 0x00000000efc00000| Complete 
| 253|0x00000000efd00000, 0x00000000efe00000, 0x00000000efe00000|100%| E|CS|TAMS 0x00000000efd00000, 0x00000000efd00000| Complete 
| 254|0x00000000efe00000, 0x00000000eff00000, 0x00000000eff00000|100%| E|CS|TAMS 0x00000000efe00000, 0x00000000efe00000| Complete 
| 255|0x00000000eff00000, 0x00000000f0000000, 0x00000000f0000000|100%| E|CS|TAMS 0x00000000eff00000, 0x00000000eff00000| Complete 

Card table byte_map: [0x00000201c13c0000,0x00000201c14c0000] _byte_map_base: 0x00000201c0cc0000

Marking Bits (Prev, Next): (CMBitMap*) 0x00000201a9533600, (CMBitMap*) 0x00000201a95335c8
 Prev Bits: [0x00000201c1dc0000, 0x00000201c25c0000)
 Next Bits: [0x00000201c15c0000, 0x00000201c1dc0000)

Polling page: 0x00000201a95f0000

Metaspace:

Usage:
  Non-class:     23.82 MB capacity,    23.29 MB ( 98%) used,   474.95 KB (  2%) free+waste,    63.06 KB ( <1%) overhead. 
      Class:      3.77 MB capacity,     3.50 MB ( 93%) used,   247.58 KB (  6%) free+waste,    32.13 KB ( <1%) overhead. 
       Both:     27.59 MB capacity,    26.79 MB ( 97%) used,   722.53 KB (  3%) free+waste,    95.19 KB ( <1%) overhead. 

Virtual space:
  Non-class space:       24.00 MB reserved,      23.92 MB (>99%) committed 
      Class space:      248.00 MB reserved,       3.88 MB (  2%) committed 
             Both:      272.00 MB reserved,      27.80 MB ( 10%) committed 

Chunk freelists:
   Non-Class:  44.00 KB
       Class:  0 bytes
        Both:  44.00 KB

MaxMetaspaceSize: 256.00 MB
CompressedClassSpaceSize: 248.00 MB
Initial GC threshold: 20.80 MB
Current GC threshold: 35.08 MB
CDS: off

CodeHeap 'non-profiled nmethods': size=120064Kb used=1060Kb max_used=1060Kb free=119003Kb
 bounds [0x00000201b9750000, 0x00000201b99c0000, 0x00000201c0c90000]
CodeHeap 'profiled nmethods': size=120000Kb used=4897Kb max_used=4897Kb free=115102Kb
 bounds [0x00000201b2220000, 0x00000201b26f0000, 0x00000201b9750000]
CodeHeap 'non-nmethods': size=5696Kb used=1231Kb max_used=1250Kb free=4464Kb
 bounds [0x00000201b1c90000, 0x00000201b1f00000, 0x00000201b2220000]
 total_blobs=2898 nmethods=2388 adapters=422
 compilation: enabled
              stopped_count=0, restarted_count=0
 full_count=0

Compilation events (20 events):
Event: 2.973 Thread 0x00000201c4c17800 nmethod 2312 0x00000201b26bd990 code [0x00000201b26bdd40, 0x00000201b26bfdf8]
Event: 2.973 Thread 0x00000201c4c17800 2314       3       java.io.ObjectStreamClass::requireInitialized (18 bytes)
Event: 2.973 Thread 0x00000201c4c17800 nmethod 2314 0x00000201b26c0c90 code [0x00000201b26c0e60, 0x00000201b26c1068]
Event: 2.990 Thread 0x00000201c4c17800 2317       3       jdk.internal.misc.Unsafe::weakCompareAndSetInt (11 bytes)
Event: 2.990 Thread 0x00000201c4c17800 nmethod 2317 0x00000201b26c1190 code [0x00000201b26c1340, 0x00000201b26c1458]
Event: 2.990 Thread 0x00000201c4c17800 2318       3       java.lang.invoke.ConstantCallSite::getTarget (20 bytes)
Event: 2.990 Thread 0x00000201c4c17800 nmethod 2318 0x00000201b26c1510 code [0x00000201b26c16e0, 0x00000201b26c18e8]
Event: 2.990 Thread 0x00000201c4c17800 2319       3       jdk.internal.misc.Unsafe::getAndAddInt (27 bytes)
Event: 2.991 Thread 0x00000201c4c17800 nmethod 2319 0x00000201b26c1a10 code [0x00000201b26c1bc0, 0x00000201b26c1df8]
Event: 2.994 Thread 0x00000201c4c17800 2321       1       java.util.stream.AbstractPipeline::getStreamAndOpFlags (5 bytes)
Event: 2.994 Thread 0x00000201c4c17800 nmethod 2321 0x00000201b9857710 code [0x00000201b98578c0, 0x00000201b9857978]
Event: 2.995 Thread 0x00000201c4c17800 2323       3       jdk.internal.org.objectweb.asm.AnnotationVisitor::<init> (35 bytes)
Event: 2.995 Thread 0x00000201c4c17800 nmethod 2323 0x00000201b26c1f10 code [0x00000201b26c20e0, 0x00000201b26c23c8]
Event: 2.996 Thread 0x00000201c4c17800 2324       3       jdk.internal.reflect.ReflectionFactory::newConstructorAccessor (154 bytes)
Event: 2.998 Thread 0x00000201c4c17800 nmethod 2324 0x00000201b26c2510 code [0x00000201b26c28c0, 0x00000201b26c4278]
Event: 2.998 Thread 0x00000201c4c17800 2325       3       jdk.internal.reflect.Reflection::isSubclassOf (21 bytes)
Event: 2.998 Thread 0x00000201c4c17800 nmethod 2325 0x00000201b26c4b10 code [0x00000201b26c4ce0, 0x00000201b26c4f08]
Event: 3.010 Thread 0x00000201c4c17800 2326       3       java.util.StringJoiner::getChars (15 bytes)
Event: 3.010 Thread 0x00000201c4c17800 nmethod 2326 0x00000201b26c5010 code [0x00000201b26c51e0, 0x00000201b26c5428]
Event: 3.010 Thread 0x00000201c4c17800 2327       3       java.io.ObjectStreamField::getTypeCode (9 bytes)

GC Heap History (12 events):
Event: 0.419 GC heap before
{Heap before GC invocations=0 (full 0):
 garbage-first heap   total 262144K, used 16384K [0x00000000e0000000, 0x0000000100000000)
  region size 1024K, 14 young (14336K), 0 survivors (0K)
 Metaspace       used 6749K, capacity 6937K, committed 7168K, reserved 262144K
  class space    used 571K, capacity 650K, committed 768K, reserved 253952K
}
Event: 0.425 GC heap after
{Heap after GC invocations=1 (full 0):
 garbage-first heap   total 262144K, used 3680K [0x00000000e0000000, 0x0000000100000000)
  region size 1024K, 2 young (2048K), 2 survivors (2048K)
 Metaspace       used 6749K, capacity 6937K, committed 7168K, reserved 262144K
  class space    used 571K, capacity 650K, committed 768K, reserved 253952K
}
Event: 0.667 GC heap before
{Heap before GC invocations=1 (full 0):
 garbage-first heap   total 262144K, used 19040K [0x00000000e0000000, 0x0000000100000000)
  region size 1024K, 14 young (14336K), 2 survivors (2048K)
 Metaspace       used 10205K, capacity 10498K, committed 10624K, reserved 264192K
  class space    used 1043K, capacity 1138K, committed 1152K, reserved 253952K
}
Event: 0.669 GC heap after
{Heap after GC invocations=2 (full 0):
 garbage-first heap   total 262144K, used 9639K [0x00000000e0000000, 0x0000000100000000)
  region size 1024K, 2 young (2048K), 2 survivors (2048K)
 Metaspace       used 10205K, capacity 10498K, committed 10624K, reserved 264192K
  class space    used 1043K, capacity 1138K, committed 1152K, reserved 253952K
}
Event: 1.135 GC heap before
{Heap before GC invocations=2 (full 0):
 garbage-first heap   total 262144K, used 39335K [0x00000000e0000000, 0x0000000100000000)
  region size 1024K, 30 young (30720K), 2 survivors (2048K)
 Metaspace       used 11236K, capacity 11517K, committed 11776K, reserved 266240K
  class space    used 1144K, capacity 1243K, committed 1280K, reserved 253952K
}
Event: 1.138 GC heap after
{Heap after GC invocations=3 (full 0):
 garbage-first heap   total 262144K, used 12114K [0x00000000e0000000, 0x0000000100000000)
  region size 1024K, 4 young (4096K), 4 survivors (4096K)
 Metaspace       used 11236K, capacity 11517K, committed 11776K, reserved 266240K
  class space    used 1144K, capacity 1243K, committed 1280K, reserved 253952K
}
Event: 2.193 GC heap before
{Heap before GC invocations=3 (full 0):
 garbage-first heap   total 262144K, used 54098K [0x00000000e0000000, 0x0000000100000000)
  region size 1024K, 45 young (46080K), 4 survivors (4096K)
 Metaspace       used 18112K, capacity 18598K, committed 18688K, reserved 270336K
  class space    used 2105K, capacity 2257K, committed 2304K, reserved 253952K
}
Event: 2.199 GC heap after
{Heap after GC invocations=4 (full 0):
 garbage-first heap   total 262144K, used 16546K [0x00000000e0000000, 0x0000000100000000)
  region size 1024K, 6 young (6144K), 6 survivors (6144K)
 Metaspace       used 18112K, capacity 18598K, committed 18688K, reserved 270336K
  class space    used 2105K, capacity 2257K, committed 2304K, reserved 253952K
}
Event: 2.416 GC heap before
{Heap before GC invocations=4 (full 0):
 garbage-first heap   total 262144K, used 36002K [0x00000000e0000000, 0x0000000100000000)
  region size 1024K, 26 young (26624K), 6 survivors (6144K)
 Metaspace       used 20707K, capacity 21157K, committed 21296K, reserved 274432K
  class space    used 2486K, capacity 2638K, committed 2688K, reserved 253952K
}
Event: 2.421 GC heap after
{Heap after GC invocations=5 (full 0):
 garbage-first heap   total 262144K, used 17643K [0x00000000e0000000, 0x0000000100000000)
  region size 1024K, 1 young (1024K), 1 survivors (1024K)
 Metaspace       used 20707K, capacity 21157K, committed 21296K, reserved 274432K
  class space    used 2486K, capacity 2638K, committed 2688K, reserved 253952K
}
Event: 2.942 GC heap before
{Heap before GC invocations=6 (full 0):
 garbage-first heap   total 262144K, used 73963K [0x00000000e0000000, 0x0000000100000000)
  region size 1024K, 56 young (57344K), 1 survivors (1024K)
 Metaspace       used 26247K, capacity 26934K, committed 27184K, reserved 278528K
  class space    used 3389K, capacity 3635K, committed 3712K, reserved 253952K
}
Event: 2.947 GC heap after
{Heap after GC invocations=7 (full 0):
 garbage-first heap   total 262144K, used 19500K [0x00000000e0000000, 0x0000000100000000)
  region size 1024K, 3 young (3072K), 3 survivors (3072K)
 Metaspace       used 26247K, capacity 26934K, committed 27184K, reserved 278528K
  class space    used 3389K, capacity 3635K, committed 3712K, reserved 253952K
}

Deoptimization events (20 events):
Event: 2.348 Thread 0x00000201c76b4800 Uncommon trap: trap_request=0xffffff4d fr.pc=0x00000201b97c1cac relative=0x000000000000046c
Event: 2.348 Thread 0x00000201c76b4800 Uncommon trap: reason=unstable_if action=reinterpret pc=0x00000201b97c1cac method=java.lang.String.substring(I)Ljava/lang/String; @ 34 c2
Event: 2.348 Thread 0x00000201c76b4800 DEOPT PACKING pc=0x00000201b97c1cac sp=0x000000ccad8fcc80
Event: 2.348 Thread 0x00000201c76b4800 DEOPT UNPACKING pc=0x00000201b1cda1af sp=0x000000ccad8fcc58 mode 2
Event: 2.414 Thread 0x00000201c76b4800 Uncommon trap: trap_request=0xffffffcc fr.pc=0x00000201b9822ae8 relative=0x00000000000002a8
Event: 2.414 Thread 0x00000201c76b4800 Uncommon trap: reason=intrinsic_or_type_checked_inlining action=make_not_entrant pc=0x00000201b9822ae8 method=java.util.Arrays.copyOf([Ljava/lang/Object;ILjava/lang/Class;)[Ljava/lang/Object; @ 35 c2
Event: 2.414 Thread 0x00000201c76b4800 DEOPT PACKING pc=0x00000201b9822ae8 sp=0x000000ccad8fd630
Event: 2.414 Thread 0x00000201c76b4800 DEOPT UNPACKING pc=0x00000201b1cda1af sp=0x000000ccad8fd5c0 mode 2
Event: 2.565 Thread 0x00000201c76b4800 Uncommon trap: trap_request=0xffffff4d fr.pc=0x00000201b9820330 relative=0x00000000000003b0
Event: 2.565 Thread 0x00000201c76b4800 Uncommon trap: reason=unstable_if action=reinterpret pc=0x00000201b9820330 method=jdk.internal.org.objectweb.asm.Type.getArgumentsAndReturnSizes(Ljava/lang/String;)I @ 88 c2
Event: 2.565 Thread 0x00000201c76b4800 DEOPT PACKING pc=0x00000201b9820330 sp=0x000000ccad8f9850
Event: 2.565 Thread 0x00000201c76b4800 DEOPT UNPACKING pc=0x00000201b1cda1af sp=0x000000ccad8f97d8 mode 2
Event: 2.716 Thread 0x00000201c76b4800 Uncommon trap: trap_request=0xffffff4d fr.pc=0x00000201b97f0c70 relative=0x0000000000000230
Event: 2.716 Thread 0x00000201c76b4800 Uncommon trap: reason=unstable_if action=reinterpret pc=0x00000201b97f0c70 method=java.util.concurrent.ConcurrentHashMap.get(Ljava/lang/Object;)Ljava/lang/Object; @ 76 c2
Event: 2.716 Thread 0x00000201c76b4800 DEOPT PACKING pc=0x00000201b97f0c70 sp=0x000000ccad8f89b0
Event: 2.716 Thread 0x00000201c76b4800 DEOPT UNPACKING pc=0x00000201b1cda1af sp=0x000000ccad8f8918 mode 2
Event: 2.952 Thread 0x00000201c76b4800 Uncommon trap: trap_request=0xffffff7e fr.pc=0x00000201b9852910 relative=0x0000000000000150
Event: 2.952 Thread 0x00000201c76b4800 Uncommon trap: reason=predicate action=maybe_recompile pc=0x00000201b9852910 method=com.google.common.base.CharMatcher.indexIn(Ljava/lang/CharSequence;I)I @ 19 c2
Event: 2.952 Thread 0x00000201c76b4800 DEOPT PACKING pc=0x00000201b9852910 sp=0x000000ccad8fb770
Event: 2.952 Thread 0x00000201c76b4800 DEOPT UNPACKING pc=0x00000201b1cda1af sp=0x000000ccad8fb700 mode 2

Classes redefined (0 events):
No events

Internal exceptions (20 events):
Event: 2.523 Thread 0x00000201c76b4800 Exception <a 'java/lang/NoSuchMethodError'{0x00000000ef7832c0}: 'int java.lang.invoke.DirectMethodHandle$Holder.invokeSpecialIFC(java.lang.Object, java.lang.Object, java.lang.Object, java.lang.Object)'> (0x00000000ef7832c0) thrown at [./src/hotspot/share/interpreter/linkResolver.cpp, line 773]
Event: 2.524 Thread 0x00000201c76b4800 Exception <a 'java/lang/NoSuchMethodError'{0x00000000ef791278}: 'java.lang.Object java.lang.invoke.DirectMethodHandle$Holder.invokeInterface(java.lang.Object, java.lang.Object, java.lang.Object)'> (0x00000000ef791278) thrown at [./src/hotspot/share/interpreter/linkResolver.cpp, line 773]
Event: 2.524 Thread 0x00000201c76b4800 Exception <a 'java/lang/IncompatibleClassChangeError'{0x00000000ef794750}: Found class java.lang.Object, but interface was expected> (0x00000000ef794750) thrown at [./src/hotspot/share/interpreter/linkResolver.cpp, line 839]
Event: 2.599 Thread 0x00000201c76b4800 Exception <a 'java/lang/NoSuchMethodError'{0x00000000ef0e7338}: 'void java.lang.invoke.DirectMethodHandle$Holder.invokeSpecial(java.lang.Object, java.lang.Object, java.lang.Object, java.lang.Object, java.lang.Object)'> (0x00000000ef0e7338) thrown at [./src/hotspot/share/interpreter/linkResolver.cpp, line 773]
Event: 2.618 Thread 0x00000201c76b4800 Exception <a 'java/lang/NoSuchMethodError'{0x00000000eed23de0}: 'java.lang.Object java.lang.invoke.DirectMethodHandle$Holder.invokeSpecial(java.lang.Object, java.lang.Object, java.lang.Object, java.lang.Object, java.lang.Object, java.lang.Object, java.lang.Object, java.lang.Object, java.lang.Object)'> (0x00000000eed23de0) thrown at [./src/hotspot/share/interpreter/linkResolver.cpp, line 773]
Event: 2.678 Thread 0x00000201c76b4800 Exception <a 'java/lang/NoSuchMethodError'{0x00000000ee238e30}: 'java.lang.Object java.lang.invoke.DirectMethodHandle$Holder.invokeVirtual(java.lang.Object, java.lang.Object, java.lang.Object, java.lang.Object)'> (0x00000000ee238e30) thrown at [./src/hotspot/share/interpreter/linkResolver.cpp, line 773]
Event: 2.746 Thread 0x00000201c76b4800 Exception <a 'java/lang/NoSuchMethodError'{0x00000000edcdee30}: 'void java.lang.invoke.DirectMethodHandle$Holder.invokeSpecial(java.lang.Object, java.lang.Object, java.lang.Object, java.lang.Object, java.lang.Object, java.lang.Object)'> (0x00000000edcdee30) thrown at [./src/hotspot/share/interpreter/linkResolver.cpp, line 773]
Event: 2.748 Thread 0x00000201c76b4800 Exception <a 'java/lang/NoSuchMethodError'{0x00000000edb0d7c0}: 'java.lang.Object java.lang.invoke.DirectMethodHandle$Holder.invokeSpecial(java.lang.Object, java.lang.Object, java.lang.Object, java.lang.Object, java.lang.Object, java.lang.Object, java.lang.Object, java.lang.Object, int, int)'> (0x00000000edb0d7c0) thrown at [./src/hotspot/share/interpreter/linkResolver.cpp, line 773]
Event: 2.750 Thread 0x00000201c76b4800 Exception <a 'java/lang/NoSuchMethodError'{0x00000000edb2a140}: 'java.lang.Object java.lang.invoke.Invokers$Holder.linkToTargetMethod(java.lang.Object, java.lang.Object, java.lang.Object, java.lang.Object, java.lang.Object, java.lang.Object, java.lang.Object)'> (0x00000000edb2a140) thrown at [./src/hotspot/share/interpreter/linkResolver.cpp, line 773]
Event: 2.762 Thread 0x00000201c76b4800 Exception <a 'java/lang/NoSuchMethodError'{0x00000000eda30f68}: 'void java.lang.invoke.DirectMethodHandle$Holder.invokeSpecial(java.lang.Object, java.lang.Object, java.lang.Object, java.lang.Object, java.lang.Object, java.lang.Object, java.lang.Object)'> (0x00000000eda30f68) thrown at [./src/hotspot/share/interpreter/linkResolver.cpp, line 773]
Event: 2.765 Thread 0x00000201c76b4800 Exception <a 'java/lang/NoSuchMethodError'{0x00000000eda74250}: 'java.lang.Object java.lang.invoke.DirectMethodHandle$Holder.invokeStatic(java.lang.Object, java.lang.Object, java.lang.Object, int, java.lang.Object, java.lang.Object)'> (0x00000000eda74250) thrown at [./src/hotspot/share/interpreter/linkResolver.cpp, line 773]
Event: 2.765 Thread 0x00000201c76b4800 Exception <a 'java/lang/NoSuchMethodError'{0x00000000eda7b960}: 'java.lang.Object java.lang.invoke.Invokers$Holder.linkToTargetMethod(java.lang.Object, java.lang.Object, int, java.lang.Object, java.lang.Object, java.lang.Object)'> (0x00000000eda7b960) thrown at [./src/hotspot/share/interpreter/linkResolver.cpp, line 773]
Event: 2.785 Thread 0x00000201c76b4800 Exception <a 'java/lang/NoSuchMethodError'{0x00000000ed832230}: 'java.lang.Object java.lang.invoke.DirectMethodHandle$Holder.invokeVirtual(java.lang.Object, java.lang.Object, java.lang.Object, java.lang.Object, java.lang.Object, java.lang.Object, java.lang.Object, java.lang.Object, java.lang.Object, java.lang.Object, java.lang.Object, java.lang.Object, java.lang.Object, java.lang.Object, java.lang.Object, java.lang.Object, java.lang.Object, java.lang.Object, java.lang.Object, java.lang.Object, java.lang.Ob
Event: 2.834 Thread 0x00000201c76b4800 Exception <a 'java/lang/NoSuchMethodError'{0x00000000ed077458}: 'int java.lang.invoke.DirectMethodHandle$Holder.invokeStaticInit(java.lang.Object, java.lang.Object, java.lang.Object)'> (0x00000000ed077458) thrown at [./src/hotspot/share/interpreter/linkResolver.cpp, line 773]
Event: 2.885 Thread 0x00000201c76b4800 Exception <a 'java/lang/NoSuchMethodError'{0x00000000ecb2d230}: 'void java.lang.invoke.DirectMethodHandle$Holder.invokeStaticInit(java.lang.Object, java.lang.Object)'> (0x00000000ecb2d230) thrown at [./src/hotspot/share/interpreter/linkResolver.cpp, line 773]
Event: 2.988 Thread 0x00000201c76b4800 Exception <a 'java/lang/NoSuchMethodError'{0x00000000efc0ea40}: 'void java.lang.invoke.DirectMethodHandle$Holder.invokeStatic(java.lang.Object, java.lang.Object, java.lang.Object, java.lang.Object)'> (0x00000000efc0ea40) thrown at [./src/hotspot/share/interpreter/linkResolver.cpp, line 773]
Event: 2.990 Thread 0x00000201c76b4800 Exception <a 'java/lang/NoSuchMethodError'{0x00000000efc2e038}: 'int java.lang.invoke.DirectMethodHandle$Holder.invokeVirtual(java.lang.Object, java.lang.Object)'> (0x00000000efc2e038) thrown at [./src/hotspot/share/interpreter/linkResolver.cpp, line 773]
Event: 2.991 Thread 0x00000201c76b4800 Exception <a 'java/lang/NoSuchMethodError'{0x00000000efc46e10}: 'java.lang.Object java.lang.invoke.DirectMethodHandle$Holder.invokeVirtual(java.lang.Object, java.lang.Object, java.lang.Object)'> (0x00000000efc46e10) thrown at [./src/hotspot/share/interpreter/linkResolver.cpp, line 773]
Event: 2.994 Thread 0x00000201c76b4800 Exception <a 'java/lang/NoSuchMethodError'{0x00000000efc6f5e0}: 'int java.lang.invoke.DirectMethodHandle$Holder.invokeVirtual(java.lang.Object, java.lang.Object, java.lang.Object)'> (0x00000000efc6f5e0) thrown at [./src/hotspot/share/interpreter/linkResolver.cpp, line 773]
Event: 3.010 Thread 0x00000201c79b7000 Exception <a 'java/lang/NoSuchMethodError'{0x00000000eff891a0}: <clinit>> (0x00000000eff891a0) thrown at [./src/hotspot/share/prims/jni.cpp, line 1367]

Events (20 events):
Event: 3.007 loading class org/gradle/internal/operations/OperationFinishEvent
Event: 3.007 loading class org/gradle/internal/operations/OperationFinishEvent done
Event: 3.007 loading class org/gradle/internal/operations/notify/BuildOperationNotificationBridge$Finished
Event: 3.007 loading class org/gradle/internal/operations/notify/BuildOperationNotificationBridge$Finished done
Event: 3.007 loading class org/gradle/api/internal/tasks/compile/CompileJavaBuildOperationType$Result
Event: 3.007 loading class org/gradle/api/internal/tasks/compile/CompileJavaBuildOperationType$Result done
Event: 3.008 loading class org/gradle/internal/build/event/types/DefaultOperationFinishedProgressEvent
Event: 3.008 loading class org/gradle/internal/build/event/types/DefaultOperationFinishedProgressEvent done
Event: 3.009 loading class org/gradle/tooling/internal/provider/FileSystemWatchingBuildActionRunner$1
Event: 3.009 loading class org/gradle/tooling/internal/provider/FileSystemWatchingBuildActionRunner$1 done
Event: 3.009 loading class org/gradle/internal/watch/options/FileSystemWatchingSettingsFinalizedProgressDetails
Event: 3.009 loading class org/gradle/internal/watch/options/FileSystemWatchingSettingsFinalizedProgressDetails done
Event: 3.009 loading class org/gradle/api/internal/tasks/execution/statistics/TaskExecutionStatisticsEventAdapter
Event: 3.009 loading class org/gradle/api/internal/tasks/execution/statistics/TaskExecutionStatisticsEventAdapter done
Event: 3.010 loading class org/gradle/internal/buildevents/BuildLogger
Event: 3.010 loading class org/gradle/internal/buildevents/BuildLogger done
Event: 3.010 loading class org/gradle/internal/logging/format/DurationFormatter
Event: 3.010 loading class org/gradle/internal/logging/format/DurationFormatter done
Event: 3.010 loading class org/gradle/internal/buildevents/BuildExceptionReporter
Event: 3.010 loading class org/gradle/internal/buildevents/BuildExceptionReporter done


Dynamic libraries:
0x00007ff6cfe50000 - 0x00007ff6cfe5d000 	C:\Program Files\OpenJDK\openjdk-11.0.16_8\bin\java.exe
0x00007ff91a250000 - 0x00007ff91a448000 	C:\Windows\SYSTEM32\ntdll.dll
0x00007ff919910000 - 0x00007ff9199cf000 	C:\Windows\System32\KERNEL32.DLL
0x00007ff917f50000 - 0x00007ff918222000 	C:\Windows\System32\KERNELBASE.dll
0x00007ff917950000 - 0x00007ff917a50000 	C:\Windows\System32\ucrtbase.dll
0x00007ff906ba0000 - 0x00007ff906bb5000 	C:\Program Files\OpenJDK\openjdk-11.0.16_8\bin\VCRUNTIME140.dll
0x00007ff906c00000 - 0x00007ff906c17000 	C:\Program Files\OpenJDK\openjdk-11.0.16_8\bin\jli.dll
0x00007ff9196d0000 - 0x00007ff91986d000 	C:\Windows\System32\USER32.dll
0x00007ff916d60000 - 0x00007ff916ffa000 	C:\Windows\WinSxS\amd64_microsoft.windows.common-controls_6595b64144ccf1df_6.0.19041.1110_none_60b5254171f9507e\COMCTL32.dll
0x00007ff917be0000 - 0x00007ff917c02000 	C:\Windows\System32\win32u.dll
0x00007ff918760000 - 0x00007ff9187fe000 	C:\Windows\System32\msvcrt.dll
0x00007ff918730000 - 0x00007ff91875b000 	C:\Windows\System32\GDI32.dll
0x00007ff917d40000 - 0x00007ff917e4f000 	C:\Windows\System32\gdi32full.dll
0x00007ff917c10000 - 0x00007ff917cad000 	C:\Windows\System32\msvcp_win.dll
0x00007ff919a80000 - 0x00007ff919ab2000 	C:\Windows\System32\IMM32.DLL
0x00007ff8eb570000 - 0x00007ff8eb60b000 	C:\Program Files\OpenJDK\openjdk-11.0.16_8\bin\msvcp140.dll
0x00007ff8d08f0000 - 0x00007ff8d13fe000 	C:\Program Files\OpenJDK\openjdk-11.0.16_8\bin\server\jvm.dll
0x00007ff9182a0000 - 0x00007ff91834e000 	C:\Windows\System32\ADVAPI32.dll
0x00007ff919870000 - 0x00007ff91990c000 	C:\Windows\System32\sechost.dll
0x00007ff918600000 - 0x00007ff918725000 	C:\Windows\System32\RPCRT4.dll
0x00007ff9185f0000 - 0x00007ff9185f8000 	C:\Windows\System32\PSAPI.DLL
0x00007ff914ba0000 - 0x00007ff914ba9000 	C:\Windows\SYSTEM32\WSOCK32.dll
0x00007ff9119a0000 - 0x00007ff9119aa000 	C:\Windows\SYSTEM32\VERSION.dll
0x00007ff910600000 - 0x00007ff910627000 	C:\Windows\SYSTEM32\WINMM.dll
0x00007ff9192a0000 - 0x00007ff91930b000 	C:\Windows\System32\WS2_32.dll
0x00007ff9151d0000 - 0x00007ff9151e2000 	C:\Windows\SYSTEM32\kernel.appcore.dll
0x00007ff90a780000 - 0x00007ff90a790000 	C:\Program Files\OpenJDK\openjdk-11.0.16_8\bin\verify.dll
0x00007ff9171e0000 - 0x00007ff9173c4000 	C:\Windows\SYSTEM32\DBGHELP.DLL
0x00007ff917130000 - 0x00007ff91715c000 	C:\Windows\SYSTEM32\dbgcore.DLL
0x00007ff917cb0000 - 0x00007ff917d32000 	C:\Windows\System32\bcryptPrimitives.dll
0x00007ff9055e0000 - 0x00007ff905608000 	C:\Program Files\OpenJDK\openjdk-11.0.16_8\bin\java.dll
0x00007ff907650000 - 0x00007ff90765a000 	C:\Program Files\OpenJDK\openjdk-11.0.16_8\bin\jimage.dll
0x00007ff906250000 - 0x00007ff906268000 	C:\Program Files\OpenJDK\openjdk-11.0.16_8\bin\zip.dll
0x00007ff919ac0000 - 0x00007ff91a203000 	C:\Windows\System32\SHELL32.dll
0x00007ff9153d0000 - 0x00007ff915b62000 	C:\Windows\SYSTEM32\windows.storage.dll
0x00007ff918ee0000 - 0x00007ff919234000 	C:\Windows\System32\combase.dll
0x00007ff916cc0000 - 0x00007ff916cf0000 	C:\Windows\SYSTEM32\Wldp.dll
0x00007ff918410000 - 0x00007ff9184bd000 	C:\Windows\System32\SHCORE.dll
0x00007ff918e20000 - 0x00007ff918e75000 	C:\Windows\System32\shlwapi.dll
0x00007ff917890000 - 0x00007ff9178af000 	C:\Windows\SYSTEM32\profapi.dll
0x00007ff9055c0000 - 0x00007ff9055d9000 	C:\Program Files\OpenJDK\openjdk-11.0.16_8\bin\net.dll
0x00007ff90a900000 - 0x00007ff90aa0c000 	C:\Windows\SYSTEM32\WINHTTP.dll
0x00007ff916b90000 - 0x00007ff916bfa000 	C:\Windows\system32\mswsock.dll
0x00007ff904510000 - 0x00007ff904523000 	C:\Program Files\OpenJDK\openjdk-11.0.16_8\bin\nio.dll
0x00007ff8d20d0000 - 0x00007ff8d20f7000 	C:\Users\patrickfv\.gradle\native\e1d6ef7f7dcc3fd88c89a11ec53ec762bb8ba0a96d01ffa2cd45eb1d1d8dd5c5\windows-amd64\native-platform.dll
0x00007ff8cd5e0000 - 0x00007ff8cd724000 	C:\Users\patrickfv\.gradle\native\0d407fdbe67a94daf76414ababcb853783967236a71b16ec16e742cd7a986fd3\windows-amd64\native-platform-file-events.dll
0x00007ff906510000 - 0x00007ff906519000 	C:\Program Files\OpenJDK\openjdk-11.0.16_8\bin\management.dll
0x00007ff9061f0000 - 0x00007ff9061fb000 	C:\Program Files\OpenJDK\openjdk-11.0.16_8\bin\management_ext.dll
0x00007ff9176e0000 - 0x00007ff9176f8000 	C:\Windows\SYSTEM32\CRYPTSP.dll
0x00007ff9163a0000 - 0x00007ff9163d4000 	C:\Windows\system32\rsaenh.dll
0x00007ff917a50000 - 0x00007ff917a77000 	C:\Windows\System32\bcrypt.dll
0x00007ff917850000 - 0x00007ff91787e000 	C:\Windows\SYSTEM32\USERENV.dll
0x00007ff916c80000 - 0x00007ff916c8c000 	C:\Windows\SYSTEM32\CRYPTBASE.dll
0x00007ff916710000 - 0x00007ff91674b000 	C:\Windows\SYSTEM32\IPHLPAPI.DLL
0x00007ff918370000 - 0x00007ff918378000 	C:\Windows\System32\NSI.dll
0x00007ff9119b0000 - 0x00007ff9119c7000 	C:\Windows\SYSTEM32\dhcpcsvc6.DLL
0x00007ff9119f0000 - 0x00007ff911a0d000 	C:\Windows\SYSTEM32\dhcpcsvc.DLL
0x00007ff916750000 - 0x00007ff91681a000 	C:\Windows\SYSTEM32\DNSAPI.dll

dbghelp: loaded successfully - version: 4.0.5 - missing functions: none
symbol engine: initialized successfully - sym options: 0x614 - pdb path: .;C:\Program Files\OpenJDK\openjdk-11.0.16_8\bin;C:\Windows\SYSTEM32;C:\Windows\WinSxS\amd64_microsoft.windows.common-controls_6595b64144ccf1df_6.0.19041.1110_none_60b5254171f9507e;C:\Program Files\OpenJDK\openjdk-11.0.16_8\bin\server;C:\Users\patrickfv\.gradle\native\e1d6ef7f7dcc3fd88c89a11ec53ec762bb8ba0a96d01ffa2cd45eb1d1d8dd5c5\windows-amd64;C:\Users\patrickfv\.gradle\native\0d407fdbe67a94daf76414ababcb853783967236a71b16ec16e742cd7a986fd3\windows-amd64

VM Arguments:
jvm_args: --add-opens=java.base/java.util=ALL-UNNAMED --add-opens=java.base/java.lang=ALL-UNNAMED --add-opens=java.base/java.lang.invoke=ALL-UNNAMED --add-opens=java.base/java.util=ALL-UNNAMED --add-opens=java.prefs/java.util.prefs=ALL-UNNAMED --add-opens=java.prefs/java.util.prefs=ALL-UNNAMED --add-opens=java.base/java.nio.charset=ALL-UNNAMED --add-opens=java.base/java.net=ALL-UNNAMED --add-opens=java.base/java.util.concurrent.atomic=ALL-UNNAMED -XX:MaxMetaspaceSize=256m -XX:+HeapDumpOnOutOfMemoryError -Xms256m -Xmx512m -Dfile.encoding=utf8 -Duser.country=BR -Duser.language=pt -Duser.variant 
java_command: org.gradle.launcher.daemon.bootstrap.GradleDaemon 7.5.1
java_class_path (initial): C:\Users\patrickfv\.gradle\wrapper\dists\gradle-7.5.1-bin\7jzzequgds1hbszbhq3npc5ng\gradle-7.5.1\lib\gradle-launcher-7.5.1.jar
Launcher Type: SUN_STANDARD

[Global flags]
     intx CICompilerCount                          = 3                                         {product} {ergonomic}
   size_t CompressedClassSpaceSize                 = 260046848                                 {product} {ergonomic}
     uint ConcGCThreads                            = 1                                         {product} {ergonomic}
     uint G1ConcRefinementThreads                  = 4                                         {product} {ergonomic}
   size_t G1HeapRegionSize                         = 1048576                                   {product} {ergonomic}
    uintx GCDrainStackTargetSize                   = 64                                        {product} {ergonomic}
     bool HeapDumpOnOutOfMemoryError               = true                                   {manageable} {command line}
   size_t InitialHeapSize                          = 268435456                                 {product} {command line}
   size_t MarkStackSize                            = 4194304                                   {product} {ergonomic}
   size_t MaxHeapSize                              = 536870912                                 {product} {command line}
   size_t MaxMetaspaceSize                         = 268435456                                 {product} {command line}
   size_t MaxNewSize                               = 321912832                                 {product} {ergonomic}
   size_t MinHeapDeltaBytes                        = 1048576                                   {product} {ergonomic}
    uintx NonNMethodCodeHeapSize                   = 5830732                                {pd product} {ergonomic}
    uintx NonProfiledCodeHeapSize                  = 122913754                              {pd product} {ergonomic}
    uintx ProfiledCodeHeapSize                     = 122913754                              {pd product} {ergonomic}
    uintx ReservedCodeCacheSize                    = 251658240                              {pd product} {ergonomic}
     bool SegmentedCodeCache                       = true                                      {product} {ergonomic}
     bool UseCompressedClassPointers               = true                                 {lp64_product} {ergonomic}
     bool UseCompressedOops                        = true                                 {lp64_product} {ergonomic}
     bool UseG1GC                                  = true                                      {product} {ergonomic}
     bool UseLargePagesIndividualAllocation        = false                                  {pd product} {ergonomic}

Logging:
Log output configuration:
 #0: stdout all=warning uptime,level,tags
 #1: stderr all=off uptime,level,tags

Environment Variables:
JAVA_HOME=C:\Program Files\OpenJDK\openjdk-11.0.16_8
PATH=C:\Program Files (x86)\NVIDIA Corporation\PhysX\Common;C:\Windows\system32;C:\Windows;C:\Windows\System32\Wbem;C:\Windows\System32\WindowsPowerShell\v1.0\;C:\Windows\System32\OpenSSH\;C:\Program Files\Git\cmd;C:\Program Files\nodejs\;C:\ProgramData\chocolatey\bin;C:\Program Files\OpenJDK\openjdk-11.0.16_8\bin;C:\Program Files (x86)\Yarn\bin\;C:\Program Files\PowerShell\7\;C:\Users\patrickfv\AppData\Local\Microsoft\WindowsApps;C:\Users\patrickfv\AppData\Local\Programs\Microsoft VS Code\bin;C:\Users\patrickfv\AppData\Roaming\npm;C:\tools\flutter\bin;E:\programs\IntelliJ IDEA Community Edition 2022.2.1\bin;C:\Users\patrickfv\AppData\Local\JetBrains\Toolbox\scripts;C:\Users\patrickfv\AppData\Local\Yarn\bin;C:\Users\patrickfv\AppData\Local\Programs\Hyper\resources\bin
USERNAME=patrickfv
OS=Windows_NT
PROCESSOR_IDENTIFIER=Intel64 Family 6 Model 158 Stepping 10, GenuineIntel
TMP=C:\Users\PATRIC~1\AppData\Local\Temp
TEMP=C:\Users\PATRIC~1\AppData\Local\Temp



---------------  S Y S T E M  ---------------

OS: Windows 10 , 64 bit Build 19041 (10.0.19041.2251)
OS uptime: 0 days 13:08 hours

CPU:total 4 (initial active 4) (4 cores per cpu, 1 threads per core) family 6 model 158 stepping 10 microcode 0xd6, cmov, cx8, fxsr, mmx, sse, sse2, sse3, ssse3, sse4.1, sse4.2, popcnt, avx, avx2, aes, clmul, erms, 3dnowpref, lzcnt, tsc, tscinvbit, bmi1, bmi2, adx, fma

Memory: 4k page, system-wide physical 4018M (257M free)
TotalPageFile size 8114M (AvailPageFile size 0M)
current process WorkingSet (physical memory assigned to process): 184M, peak: 184M
current process commit charge ("private bytes"): 402M, peak: 403M

vm_info: OpenJDK 64-Bit Server VM (11.0.16+8) for windows-amd64 JRE (11.0.16+8), built on Jul 17 2022 01:33:05 by "tester" with MS VC++ 15.9 (VS2017)

END.
