#
# There is insufficient memory for the Java Runtime Environment to continue.
# Native memory allocation (malloc) failed to allocate 1252656 bytes for Chunk::new
# Possible reasons:
#   The system is out of physical RAM or swap space
#   The process is running with CompressedOops enabled, and the Java Heap may be blocking the growth of the native heap
# Possible solutions:
#   Reduce memory load on the system
#   Increase physical memory or swap space
#   Check if swap backing store is full
#   Decrease Java heap size (-Xmx/-Xms)
#   Decrease number of Java threads
#   Decrease Java thread stack sizes (-Xss)
#   Set larger code cache with -XX:ReservedCodeCacheSize=
#   JVM is running with Unscaled Compressed Oops mode in which the Java heap is
#     placed in the first 4GB address space. The Java Heap base address is the
#     maximum limit for the native heap growth. Please use -XX:HeapBaseMinAddress
#     to set the Java Heap base and to place the Java Heap above 4GB virtual address.
# This output file may be truncated or incomplete.
#
#  Out of Memory Error (./src/hotspot/share/memory/arena.cpp:197), pid=8680, tid=10456
#
# JRE version: OpenJDK Runtime Environment 18.9 (11.0.16+8) (build 11.0.16+8)
# Java VM: OpenJDK 64-Bit Server VM 18.9 (11.0.16+8, mixed mode, tiered, compressed oops, g1 gc, windows-amd64)
# No core dump will be written. Minidumps are not enabled by default on client versions of Windows
#

---------------  S U M M A R Y ------------

Command Line: -Didea.config.path=C:\Users\patrickfv\horizon-intellij\build\idea-sandbox\config-test -Didea.force.use.core.classloader=true -Didea.plugins.path=C:\Users\patrickfv\horizon-intellij\build\idea-sandbox\plugins-test -Didea.required.plugins.id=com.github.patrickfv.horizonintellij -Didea.system.path=C:\Users\patrickfv\horizon-intellij\build\idea-sandbox\system-test -Didea.use.core.classloader.for=com.github.patrickfv.horizonintellij -Didea.use.core.classloader.for.plugin.path=true -Dorg.gradle.internal.worker.tmpdir=C:\Users\patrickfv\horizon-intellij\build\tmp\test\work -Dorg.gradle.native=false -Dplugin.path=C:\Users\patrickfv\horizon-intellij\build\idea-sandbox\plugins-test\horizon-intellij --add-opens=java.base/java.io=ALL-UNNAMED --add-opens=java.base/java.lang=ALL-UNNAMED --add-opens=java.base/java.lang.reflect=ALL-UNNAMED --add-opens=java.base/java.net=ALL-UNNAMED --add-opens=java.base/java.nio=ALL-UNNAMED --add-opens=java.base/java.nio.charset=ALL-UNNAMED --add-opens=java.base/java.text=ALL-UNNAMED --add-opens=java.base/java.time=ALL-UNNAMED --add-opens=java.base/java.util=ALL-UNNAMED --add-opens=java.base/java.util.concurrent=ALL-UNNAMED --add-opens=java.base/java.util.concurrent.atomic=ALL-UNNAMED --add-opens=java.base/jdk.internal.vm=ALL-UNNAMED --add-opens=java.base/sun.nio.ch=ALL-UNNAMED --add-opens=java.base/sun.security.ssl=ALL-UNNAMED --add-opens=java.base/sun.security.util=ALL-UNNAMED --add-opens=java.desktop/java.awt=ALL-UNNAMED --add-opens=java.desktop/java.awt.dnd.peer=ALL-UNNAMED --add-opens=java.desktop/java.awt.event=ALL-UNNAMED --add-opens=java.desktop/java.awt.image=ALL-UNNAMED --add-opens=java.desktop/java.awt.peer=ALL-UNNAMED --add-opens=java.desktop/javax.swing=ALL-UNNAMED --add-opens=java.desktop/javax.swing.plaf.basic=ALL-UNNAMED --add-opens=java.desktop/javax.swing.text.html=ALL-UNNAMED --add-opens=java.desktop/sun.awt.datatransfer=ALL-UNNAMED --add-opens=java.desktop/sun.awt.image=ALL-UNNAMED --add-opens=java.desktop/sun.awt=ALL-UNNAMED --add-opens=java.desktop/sun.font=ALL-UNNAMED --add-opens=java.desktop/sun.java2d=ALL-UNNAMED --add-opens=java.desktop/sun.swing=ALL-UNNAMED --add-opens=jdk.attach/sun.tools.attach=ALL-UNNAMED --add-opens=jdk.compiler/com.sun.tools.javac.api=ALL-UNNAMED --add-opens=jdk.internal.jvmstat/sun.jvmstat.monitor=ALL-UNNAMED --add-opens=jdk.jdi/com.sun.tools.jdi=ALL-UNNAMED --add-opens=java.desktop/sun.awt.windows=ALL-UNNAMED -Xms256m -Xmx512m -Dfile.encoding=windows-1252 -Duser.country=BR -Duser.language=pt -Duser.variant -ea worker.org.gradle.process.internal.worker.GradleWorkerMain 'Gradle Test Executor 1'

Host: Intel(R) Core(TM) i3-9100F CPU @ 3.60GHz, 4 cores, 3G,  Windows 11 , 64 bit Build 22621 (10.0.22621.1344)
Time: Wed Apr  5 01:07:21 2023 Hora oficial do Brasil elapsed time: 7.657106 seconds (0d 0h 0m 7s)

---------------  T H R E A D  ---------------

Current thread (0x000001f67915f000):  JavaThread "C2 CompilerThread1" daemon [_thread_in_native, id=10456, stack(0x000000deced00000,0x000000decee00000)]


Current CompileTask:
C2:   7657 5251       4       com.intellij.util.indexing.impl.storage.TransientChangesIndexStorage::addValue (56 bytes)

Stack: [0x000000deced00000,0x000000decee00000]
Native frames: (J=compiled Java code, j=interpreted, Vv=VM code, C=native code)
V  [jvm.dll+0x61a63a]
V  [jvm.dll+0x757439]
V  [jvm.dll+0x758b28]
V  [jvm.dll+0x759203]
V  [jvm.dll+0x24d9a8]
V  [jvm.dll+0xc148c]
V  [jvm.dll+0xc1a4c]
V  [jvm.dll+0x3570e2]
V  [jvm.dll+0x323373]
V  [jvm.dll+0x3226aa]
V  [jvm.dll+0x206db5]
V  [jvm.dll+0x205edd]
V  [jvm.dll+0x187ec1]
V  [jvm.dll+0x2156a4]
V  [jvm.dll+0x2138eb]
V  [jvm.dll+0x71a000]
V  [jvm.dll+0x712f34]
V  [jvm.dll+0x6194a5]
C  [ucrtbase.dll+0x29363]
C  [KERNEL32.DLL+0x126bd]
C  [ntdll.dll+0x5a9f8]


---------------  P R O C E S S  ---------------

Threads class SMR info:
_java_thread_list=0x000001f67b394d70, length=28, elements={
0x000001f659f0c000, 0x000001f676dad800, 0x000001f676db8000, 0x000001f677634800,
0x000001f677635800, 0x000001f67763a800, 0x000001f67763c000, 0x000001f67764a000,
0x000001f677653800, 0x000001f6777e6000, 0x000001f677e92000, 0x000001f678053000,
0x000001f678053800, 0x000001f678a34000, 0x000001f678a35000, 0x000001f678a36000,
0x000001f678c51000, 0x000001f67950a000, 0x000001f67929b000, 0x000001f679652000,
0x000001f67915f000, 0x000001f679555800, 0x000001f679556800, 0x000001f679557000,
0x000001f679558000, 0x000001f679552800, 0x000001f679554000, 0x000001f679559000
}

Java Threads: ( => current thread )
  0x000001f659f0c000 JavaThread "Test worker" [_thread_blocked, id=12044, stack(0x000000deccd00000,0x000000decce00000)]
  0x000001f676dad800 JavaThread "Reference Handler" daemon [_thread_blocked, id=7116, stack(0x000000decd400000,0x000000decd500000)]
  0x000001f676db8000 JavaThread "Finalizer" daemon [_thread_blocked, id=10516, stack(0x000000decd500000,0x000000decd600000)]
  0x000001f677634800 JavaThread "Signal Dispatcher" daemon [_thread_blocked, id=10544, stack(0x000000decd600000,0x000000decd700000)]
  0x000001f677635800 JavaThread "Attach Listener" daemon [_thread_blocked, id=5800, stack(0x000000decd700000,0x000000decd800000)]
  0x000001f67763a800 JavaThread "Service Thread" daemon [_thread_blocked, id=10728, stack(0x000000decd800000,0x000000decd900000)]
  0x000001f67763c000 JavaThread "C2 CompilerThread0" daemon [_thread_in_native, id=9196, stack(0x000000decd900000,0x000000decda00000)]
  0x000001f67764a000 JavaThread "C1 CompilerThread0" daemon [_thread_in_native, id=4708, stack(0x000000decda00000,0x000000decdb00000)]
  0x000001f677653800 JavaThread "Sweeper thread" daemon [_thread_blocked, id=4784, stack(0x000000decdb00000,0x000000decdc00000)]
  0x000001f6777e6000 JavaThread "Common-Cleaner" daemon [_thread_blocked, id=1968, stack(0x000000decdc00000,0x000000decdd00000)]
  0x000001f677e92000 JavaThread "/127.0.0.1:52672 to /127.0.0.1:52671 workers" [_thread_blocked, id=10012, stack(0x000000dece300000,0x000000dece400000)]
  0x000001f678053000 JavaThread "/127.0.0.1:52672 to /127.0.0.1:52671 workers Thread 2" [_thread_blocked, id=7420, stack(0x000000dece400000,0x000000dece500000)]
  0x000001f678053800 JavaThread "/127.0.0.1:52672 to /127.0.0.1:52671 workers Thread 3" [_thread_in_native, id=11228, stack(0x000000dece500000,0x000000dece600000)]
  0x000001f678a34000 JavaThread "Java2D Disposer" daemon [_thread_blocked, id=9024, stack(0x000000dece700000,0x000000dece800000)]
  0x000001f678a35000 JavaThread "AWT-Shutdown" [_thread_blocked, id=6696, stack(0x000000dece800000,0x000000dece900000)]
  0x000001f678a36000 JavaThread "AWT-Windows" daemon [_thread_in_native, id=4480, stack(0x000000dece900000,0x000000decea00000)]
  0x000001f678c51000 JavaThread "AWT-EventQueue-0" [_thread_blocked, id=3752, stack(0x000000decea00000,0x000000deceb00000)]
  0x000001f67950a000 JavaThread "Periodic tasks thread" daemon [_thread_blocked, id=6384, stack(0x000000deceb00000,0x000000decec00000)]
  0x000001f67929b000 JavaThread "Indexing" [_thread_in_native, id=5716, stack(0x000000decec00000,0x000000deced00000)]
  0x000001f679652000 JavaThread "JobScheduler FJ pool 0/4" daemon [_thread_blocked, id=4416, stack(0x000000dece600000,0x000000dece700000)]
=>0x000001f67915f000 JavaThread "C2 CompilerThread1" daemon [_thread_in_native, id=10456, stack(0x000000deced00000,0x000000decee00000)]
  0x000001f679555800 JavaThread "JobScheduler FJ pool 1/4" daemon [_thread_blocked, id=2728, stack(0x000000decee00000,0x000000decef00000)]
  0x000001f679556800 JavaThread "JobScheduler FJ pool 2/4" daemon [_thread_blocked, id=11580, stack(0x000000decef00000,0x000000decf000000)]
  0x000001f679557000 JavaThread "JobScheduler FJ pool 3/4" daemon [_thread_blocked, id=5648, stack(0x000000decf000000,0x000000decf100000)]
  0x000001f679558000 JavaThread "Indexing" [_thread_blocked, id=9608, stack(0x000000decf100000,0x000000decf200000)]
  0x000001f679552800 JavaThread "I/O pool 1" [_thread_blocked, id=9924, stack(0x000000decf200000,0x000000decf300000)]
  0x000001f679554000 JavaThread "Indexing" [_thread_in_Java, id=10780, stack(0x000000decf300000,0x000000decf400000)]
  0x000001f679559000 JavaThread "Indexing" [_thread_blocked, id=6472, stack(0x000000decf400000,0x000000decf500000)]

Other Threads:
  0x000001f676daa800 VMThread "VM Thread" [stack: 0x000000decd300000,0x000000decd400000] [id=8332]
  0x000001f6777ed800 WatcherThread [stack: 0x000000decdd00000,0x000000decde00000] [id=2104]
  0x000001f659f23000 GCTaskThread "GC Thread#0" [stack: 0x000000decce00000,0x000000deccf00000] [id=288]
  0x000001f677e5f000 GCTaskThread "GC Thread#1" [stack: 0x000000decdf00000,0x000000dece000000] [id=9716]
  0x000001f677f66000 GCTaskThread "GC Thread#2" [stack: 0x000000dece000000,0x000000dece100000] [id=10596]
  0x000001f677fed800 GCTaskThread "GC Thread#3" [stack: 0x000000dece100000,0x000000dece200000] [id=1820]
  0x000001f659f33800 ConcurrentGCThread "G1 Main Marker" [stack: 0x000000deccf00000,0x000000decd000000] [id=11556]
  0x000001f659f35800 ConcurrentGCThread "G1 Conc#0" [stack: 0x000000decd000000,0x000000decd100000] [id=5044]
  0x000001f659fce000 ConcurrentGCThread "G1 Refine#0" [stack: 0x000000decd100000,0x000000decd200000] [id=11092]
  0x000001f6777e4000 ConcurrentGCThread "G1 Refine#1" [stack: 0x000000dece200000,0x000000dece300000] [id=1388]
  0x000001f676c17800 ConcurrentGCThread "G1 Young RemSet Sampling" [stack: 0x000000decd200000,0x000000decd300000] [id=7864]

Threads with active compile tasks:
C2 CompilerThread0     7703 5250       4       com.intellij.util.indexing.impl.MapReduceIndex$2::process (23 bytes)
C2 CompilerThread1     7703 5251       4       com.intellij.util.indexing.impl.storage.TransientChangesIndexStorage::addValue (56 bytes)

VM state:not at safepoint (normal execution)

VM Mutex/Monitor currently owned by a thread: None

Heap address: 0x00000000e0000000, size: 512 MB, Compressed Oops mode: 32-bit
Narrow klass base: 0x0000000000000000, Narrow klass shift: 3
Compressed class space size: 1073741824 Address: 0x0000000100000000

Heap:
 garbage-first heap   total 262144K, used 97608K [0x00000000e0000000, 0x0000000100000000)
  region size 1024K, 50 young (51200K), 5 survivors (5120K)
 Metaspace       used 60821K, capacity 62923K, committed 63132K, reserved 1105920K
  class space    used 6560K, capacity 7508K, committed 7552K, reserved 1048576K
Heap Regions: E=young(eden), S=young(survivor), O=old, HS=humongous(starts), HC=humongous(continues), CS=collection set, F=free, A=archive, TAMS=top-at-mark-start (previous, next)
|   0|0x00000000e0000000, 0x00000000e0100000, 0x00000000e0100000|100%|HS|  |TAMS 0x00000000e0100000, 0x00000000e0000000| Complete 
|   1|0x00000000e0100000, 0x00000000e0200000, 0x00000000e0200000|100%|HC|  |TAMS 0x00000000e0200000, 0x00000000e0100000| Complete 
|   2|0x00000000e0200000, 0x00000000e0300000, 0x00000000e0300000|100%|HS|  |TAMS 0x00000000e0300000, 0x00000000e0200000| Complete 
|   3|0x00000000e0300000, 0x00000000e0400000, 0x00000000e0400000|100%|HC|  |TAMS 0x00000000e0400000, 0x00000000e0300000| Complete 
|   4|0x00000000e0400000, 0x00000000e0500000, 0x00000000e0500000|100%|HC|  |TAMS 0x00000000e0500000, 0x00000000e0400000| Complete 
|   5|0x00000000e0500000, 0x00000000e0600000, 0x00000000e0600000|100%|HC|  |TAMS 0x00000000e0600000, 0x00000000e0500000| Complete 
|   6|0x00000000e0600000, 0x00000000e0700000, 0x00000000e0700000|100%|HC|  |TAMS 0x00000000e0700000, 0x00000000e0600000| Complete 
|   7|0x00000000e0700000, 0x00000000e0800000, 0x00000000e0800000|100%|HC|  |TAMS 0x00000000e0800000, 0x00000000e0700000| Complete 
|   8|0x00000000e0800000, 0x00000000e0900000, 0x00000000e0900000|100%|HC|  |TAMS 0x00000000e0900000, 0x00000000e0800000| Complete 
|   9|0x00000000e0900000, 0x00000000e0a00000, 0x00000000e0a00000|100%|HC|  |TAMS 0x00000000e0a00000, 0x00000000e0900000| Complete 
|  10|0x00000000e0a00000, 0x00000000e0b00000, 0x00000000e0b00000|100%|HC|  |TAMS 0x00000000e0b00000, 0x00000000e0a00000| Complete 
|  11|0x00000000e0b00000, 0x00000000e0c00000, 0x00000000e0c00000|100%|HC|  |TAMS 0x00000000e0c00000, 0x00000000e0b00000| Complete 
|  12|0x00000000e0c00000, 0x00000000e0d00000, 0x00000000e0d00000|100%|HS|  |TAMS 0x00000000e0d00000, 0x00000000e0c00000| Complete 
|  13|0x00000000e0d00000, 0x00000000e0e00000, 0x00000000e0e00000|100%|HC|  |TAMS 0x00000000e0e00000, 0x00000000e0d00000| Complete 
|  14|0x00000000e0e00000, 0x00000000e0f00000, 0x00000000e0f00000|100%| O|  |TAMS 0x00000000e0f00000, 0x00000000e0e00000| Untracked 
|  15|0x00000000e0f00000, 0x00000000e1000000, 0x00000000e1000000|100%| O|  |TAMS 0x00000000e1000000, 0x00000000e0f00000| Untracked 
|  16|0x00000000e1000000, 0x00000000e1100000, 0x00000000e1100000|100%| O|  |TAMS 0x00000000e1100000, 0x00000000e1000000| Untracked 
|  17|0x00000000e1100000, 0x00000000e1200000, 0x00000000e1200000|100%| O|  |TAMS 0x00000000e1200000, 0x00000000e1100000| Untracked 
|  18|0x00000000e1200000, 0x00000000e1300000, 0x00000000e1300000|100%| O|  |TAMS 0x00000000e1300000, 0x00000000e1200000| Untracked 
|  19|0x00000000e1300000, 0x00000000e1400000, 0x00000000e1400000|100%| O|  |TAMS 0x00000000e1400000, 0x00000000e1300000| Untracked 
|  20|0x00000000e1400000, 0x00000000e1500000, 0x00000000e1500000|100%| O|  |TAMS 0x00000000e1500000, 0x00000000e1400000| Untracked 
|  21|0x00000000e1500000, 0x00000000e1600000, 0x00000000e1600000|100%| O|  |TAMS 0x00000000e1600000, 0x00000000e1500000| Untracked 
|  22|0x00000000e1600000, 0x00000000e1700000, 0x00000000e1700000|100%| O|  |TAMS 0x00000000e1700000, 0x00000000e1600000| Untracked 
|  23|0x00000000e1700000, 0x00000000e1800000, 0x00000000e1800000|100%| O|  |TAMS 0x00000000e1800000, 0x00000000e1700000| Untracked 
|  24|0x00000000e1800000, 0x00000000e1900000, 0x00000000e1900000|100%|HS|  |TAMS 0x00000000e1900000, 0x00000000e1800000| Complete 
|  25|0x00000000e1900000, 0x00000000e1a00000, 0x00000000e1a00000|100%| O|  |TAMS 0x00000000e1900000, 0x00000000e1900000| Untracked 
|  26|0x00000000e1a00000, 0x00000000e1b00000, 0x00000000e1b00000|100%| O|  |TAMS 0x00000000e1b00000, 0x00000000e1a00000| Untracked 
|  27|0x00000000e1b00000, 0x00000000e1c00000, 0x00000000e1c00000|100%| O|  |TAMS 0x00000000e1c00000, 0x00000000e1b00000| Untracked 
|  28|0x00000000e1c00000, 0x00000000e1d00000, 0x00000000e1d00000|100%| O|  |TAMS 0x00000000e1c11200, 0x00000000e1c00000| Untracked 
|  29|0x00000000e1d00000, 0x00000000e1e00000, 0x00000000e1e00000|100%| O|  |TAMS 0x00000000e1d00000, 0x00000000e1d00000| Untracked 
|  30|0x00000000e1e00000, 0x00000000e1f00000, 0x00000000e1f00000|100%| O|  |TAMS 0x00000000e1e00000, 0x00000000e1e00000| Untracked 
|  31|0x00000000e1f00000, 0x00000000e2000000, 0x00000000e2000000|100%| O|  |TAMS 0x00000000e1f00000, 0x00000000e1f00000| Untracked 
|  32|0x00000000e2000000, 0x00000000e2100000, 0x00000000e2100000|100%| O|  |TAMS 0x00000000e2000000, 0x00000000e2000000| Untracked 
|  33|0x00000000e2100000, 0x00000000e2200000, 0x00000000e2200000|100%| O|  |TAMS 0x00000000e2100000, 0x00000000e2100000| Untracked 
|  34|0x00000000e2200000, 0x00000000e2300000, 0x00000000e2300000|100%| O|  |TAMS 0x00000000e2200000, 0x00000000e2200000| Untracked 
|  35|0x00000000e2300000, 0x00000000e2400000, 0x00000000e2400000|100%| O|  |TAMS 0x00000000e2300000, 0x00000000e2300000| Untracked 
|  36|0x00000000e2400000, 0x00000000e2500000, 0x00000000e2500000|100%| O|  |TAMS 0x00000000e2400000, 0x00000000e2400000| Untracked 
|  37|0x00000000e2500000, 0x00000000e2600000, 0x00000000e2600000|100%| O|  |TAMS 0x00000000e2500000, 0x00000000e2500000| Untracked 
|  38|0x00000000e2600000, 0x00000000e2700000, 0x00000000e2700000|100%| O|  |TAMS 0x00000000e2600000, 0x00000000e2600000| Untracked 
|  39|0x00000000e2700000, 0x00000000e2800000, 0x00000000e2800000|100%| O|  |TAMS 0x00000000e2700000, 0x00000000e2700000| Untracked 
|  40|0x00000000e2800000, 0x00000000e2900000, 0x00000000e2900000|100%| O|  |TAMS 0x00000000e2800000, 0x00000000e2800000| Untracked 
|  41|0x00000000e2900000, 0x00000000e2a00000, 0x00000000e2a00000|100%| O|  |TAMS 0x00000000e2900000, 0x00000000e2900000| Untracked 
|  42|0x00000000e2a00000, 0x00000000e2b00000, 0x00000000e2b00000|100%| O|  |TAMS 0x00000000e2a00000, 0x00000000e2a00000| Untracked 
|  43|0x00000000e2b00000, 0x00000000e2c00000, 0x00000000e2c00000|100%| O|  |TAMS 0x00000000e2b00000, 0x00000000e2b00000| Untracked 
|  44|0x00000000e2c00000, 0x00000000e2d00000, 0x00000000e2d00000|100%| O|  |TAMS 0x00000000e2c00000, 0x00000000e2c00000| Untracked 
|  45|0x00000000e2d00000, 0x00000000e2e00000, 0x00000000e2e00000|100%| O|  |TAMS 0x00000000e2d00000, 0x00000000e2d00000| Untracked 
|  46|0x00000000e2e00000, 0x00000000e2ed2200, 0x00000000e2f00000| 82%| O|  |TAMS 0x00000000e2e00000, 0x00000000e2e00000| Untracked 
|  47|0x00000000e2f00000, 0x00000000e2f00000, 0x00000000e3000000|  0%| F|  |TAMS 0x00000000e2f00000, 0x00000000e2f00000| Untracked 
|  48|0x00000000e3000000, 0x00000000e3000000, 0x00000000e3100000|  0%| F|  |TAMS 0x00000000e3000000, 0x00000000e3000000| Untracked 
|  49|0x00000000e3100000, 0x00000000e3100000, 0x00000000e3200000|  0%| F|  |TAMS 0x00000000e3100000, 0x00000000e3100000| Untracked 
|  50|0x00000000e3200000, 0x00000000e3200000, 0x00000000e3300000|  0%| F|  |TAMS 0x00000000e3200000, 0x00000000e3200000| Untracked 
|  51|0x00000000e3300000, 0x00000000e3300000, 0x00000000e3400000|  0%| F|  |TAMS 0x00000000e3300000, 0x00000000e3300000| Untracked 
|  52|0x00000000e3400000, 0x00000000e3400000, 0x00000000e3500000|  0%| F|  |TAMS 0x00000000e3400000, 0x00000000e3400000| Untracked 
|  53|0x00000000e3500000, 0x00000000e3500000, 0x00000000e3600000|  0%| F|  |TAMS 0x00000000e3500000, 0x00000000e3500000| Untracked 
|  54|0x00000000e3600000, 0x00000000e3600000, 0x00000000e3700000|  0%| F|  |TAMS 0x00000000e3600000, 0x00000000e3600000| Untracked 
|  55|0x00000000e3700000, 0x00000000e3700000, 0x00000000e3800000|  0%| F|  |TAMS 0x00000000e3700000, 0x00000000e3700000| Untracked 
|  56|0x00000000e3800000, 0x00000000e3800000, 0x00000000e3900000|  0%| F|  |TAMS 0x00000000e3800000, 0x00000000e3800000| Untracked 
|  57|0x00000000e3900000, 0x00000000e3900000, 0x00000000e3a00000|  0%| F|  |TAMS 0x00000000e3900000, 0x00000000e3900000| Untracked 
|  58|0x00000000e3a00000, 0x00000000e3a00000, 0x00000000e3b00000|  0%| F|  |TAMS 0x00000000e3a00000, 0x00000000e3a00000| Untracked 
|  59|0x00000000e3b00000, 0x00000000e3b00000, 0x00000000e3c00000|  0%| F|  |TAMS 0x00000000e3b00000, 0x00000000e3b00000| Untracked 
|  60|0x00000000e3c00000, 0x00000000e3c00000, 0x00000000e3d00000|  0%| F|  |TAMS 0x00000000e3c00000, 0x00000000e3c00000| Untracked 
|  61|0x00000000e3d00000, 0x00000000e3d00000, 0x00000000e3e00000|  0%| F|  |TAMS 0x00000000e3d00000, 0x00000000e3d00000| Untracked 
|  62|0x00000000e3e00000, 0x00000000e3e00000, 0x00000000e3f00000|  0%| F|  |TAMS 0x00000000e3e00000, 0x00000000e3e00000| Untracked 
|  63|0x00000000e3f00000, 0x00000000e3f00000, 0x00000000e4000000|  0%| F|  |TAMS 0x00000000e3f00000, 0x00000000e3f00000| Untracked 
|  64|0x00000000e4000000, 0x00000000e4000000, 0x00000000e4100000|  0%| F|  |TAMS 0x00000000e4000000, 0x00000000e4000000| Untracked 
|  65|0x00000000e4100000, 0x00000000e4100000, 0x00000000e4200000|  0%| F|  |TAMS 0x00000000e4100000, 0x00000000e4100000| Untracked 
|  66|0x00000000e4200000, 0x00000000e4200000, 0x00000000e4300000|  0%| F|  |TAMS 0x00000000e4200000, 0x00000000e4200000| Untracked 
|  67|0x00000000e4300000, 0x00000000e4300000, 0x00000000e4400000|  0%| F|  |TAMS 0x00000000e4300000, 0x00000000e4300000| Untracked 
|  68|0x00000000e4400000, 0x00000000e4400000, 0x00000000e4500000|  0%| F|  |TAMS 0x00000000e4400000, 0x00000000e4400000| Untracked 
|  69|0x00000000e4500000, 0x00000000e4500000, 0x00000000e4600000|  0%| F|  |TAMS 0x00000000e4500000, 0x00000000e4500000| Untracked 
|  70|0x00000000e4600000, 0x00000000e4600000, 0x00000000e4700000|  0%| F|  |TAMS 0x00000000e4600000, 0x00000000e4600000| Untracked 
|  71|0x00000000e4700000, 0x00000000e4700000, 0x00000000e4800000|  0%| F|  |TAMS 0x00000000e4700000, 0x00000000e4700000| Untracked 
|  72|0x00000000e4800000, 0x00000000e4800000, 0x00000000e4900000|  0%| F|  |TAMS 0x00000000e4800000, 0x00000000e4800000| Untracked 
|  73|0x00000000e4900000, 0x00000000e4900000, 0x00000000e4a00000|  0%| F|  |TAMS 0x00000000e4900000, 0x00000000e4900000| Untracked 
|  74|0x00000000e4a00000, 0x00000000e4a00000, 0x00000000e4b00000|  0%| F|  |TAMS 0x00000000e4a00000, 0x00000000e4a00000| Untracked 
|  75|0x00000000e4b00000, 0x00000000e4b00000, 0x00000000e4c00000|  0%| F|  |TAMS 0x00000000e4b00000, 0x00000000e4b00000| Untracked 
|  76|0x00000000e4c00000, 0x00000000e4c00000, 0x00000000e4d00000|  0%| F|  |TAMS 0x00000000e4c00000, 0x00000000e4c00000| Untracked 
|  77|0x00000000e4d00000, 0x00000000e4d00000, 0x00000000e4e00000|  0%| F|  |TAMS 0x00000000e4d00000, 0x00000000e4d00000| Untracked 
|  78|0x00000000e4e00000, 0x00000000e4e00000, 0x00000000e4f00000|  0%| F|  |TAMS 0x00000000e4e00000, 0x00000000e4e00000| Untracked 
|  79|0x00000000e4f00000, 0x00000000e4f00000, 0x00000000e5000000|  0%| F|  |TAMS 0x00000000e4f00000, 0x00000000e4f00000| Untracked 
|  80|0x00000000e5000000, 0x00000000e5000000, 0x00000000e5100000|  0%| F|  |TAMS 0x00000000e5000000, 0x00000000e5000000| Untracked 
|  81|0x00000000e5100000, 0x00000000e5100000, 0x00000000e5200000|  0%| F|  |TAMS 0x00000000e5100000, 0x00000000e5100000| Untracked 
|  82|0x00000000e5200000, 0x00000000e5200000, 0x00000000e5300000|  0%| F|  |TAMS 0x00000000e5200000, 0x00000000e5200000| Untracked 
|  83|0x00000000e5300000, 0x00000000e5300000, 0x00000000e5400000|  0%| F|  |TAMS 0x00000000e5300000, 0x00000000e5300000| Untracked 
|  84|0x00000000e5400000, 0x00000000e5400000, 0x00000000e5500000|  0%| F|  |TAMS 0x00000000e5400000, 0x00000000e5400000| Untracked 
|  85|0x00000000e5500000, 0x00000000e5500000, 0x00000000e5600000|  0%| F|  |TAMS 0x00000000e5500000, 0x00000000e5500000| Untracked 
|  86|0x00000000e5600000, 0x00000000e5600000, 0x00000000e5700000|  0%| F|  |TAMS 0x00000000e5600000, 0x00000000e5600000| Untracked 
|  87|0x00000000e5700000, 0x00000000e5700000, 0x00000000e5800000|  0%| F|  |TAMS 0x00000000e5700000, 0x00000000e5700000| Untracked 
|  88|0x00000000e5800000, 0x00000000e5800000, 0x00000000e5900000|  0%| F|  |TAMS 0x00000000e5800000, 0x00000000e5800000| Untracked 
|  89|0x00000000e5900000, 0x00000000e5900000, 0x00000000e5a00000|  0%| F|  |TAMS 0x00000000e5900000, 0x00000000e5900000| Untracked 
|  90|0x00000000e5a00000, 0x00000000e5a00000, 0x00000000e5b00000|  0%| F|  |TAMS 0x00000000e5a00000, 0x00000000e5a00000| Untracked 
|  91|0x00000000e5b00000, 0x00000000e5b00000, 0x00000000e5c00000|  0%| F|  |TAMS 0x00000000e5b00000, 0x00000000e5b00000| Untracked 
|  92|0x00000000e5c00000, 0x00000000e5c00000, 0x00000000e5d00000|  0%| F|  |TAMS 0x00000000e5c00000, 0x00000000e5c00000| Untracked 
|  93|0x00000000e5d00000, 0x00000000e5d00000, 0x00000000e5e00000|  0%| F|  |TAMS 0x00000000e5d00000, 0x00000000e5d00000| Untracked 
|  94|0x00000000e5e00000, 0x00000000e5e00000, 0x00000000e5f00000|  0%| F|  |TAMS 0x00000000e5e00000, 0x00000000e5e00000| Untracked 
|  95|0x00000000e5f00000, 0x00000000e5f00000, 0x00000000e6000000|  0%| F|  |TAMS 0x00000000e5f00000, 0x00000000e5f00000| Untracked 
|  96|0x00000000e6000000, 0x00000000e6000000, 0x00000000e6100000|  0%| F|  |TAMS 0x00000000e6000000, 0x00000000e6000000| Untracked 
|  97|0x00000000e6100000, 0x00000000e6100000, 0x00000000e6200000|  0%| F|  |TAMS 0x00000000e6100000, 0x00000000e6100000| Untracked 
|  98|0x00000000e6200000, 0x00000000e6280000, 0x00000000e6300000| 50%| S|CS|TAMS 0x00000000e6200000, 0x00000000e6200000| Complete 
|  99|0x00000000e6300000, 0x00000000e6400000, 0x00000000e6400000|100%| S|CS|TAMS 0x00000000e6300000, 0x00000000e6300000| Complete 
| 100|0x00000000e6400000, 0x00000000e6500000, 0x00000000e6500000|100%| S|CS|TAMS 0x00000000e6400000, 0x00000000e6400000| Complete 
| 101|0x00000000e6500000, 0x00000000e6600000, 0x00000000e6600000|100%| S|CS|TAMS 0x00000000e6500000, 0x00000000e6500000| Complete 
| 102|0x00000000e6600000, 0x00000000e6700000, 0x00000000e6700000|100%| S|CS|TAMS 0x00000000e6600000, 0x00000000e6600000| Complete 
| 103|0x00000000e6700000, 0x00000000e6700000, 0x00000000e6800000|  0%| F|  |TAMS 0x00000000e6700000, 0x00000000e6700000| Untracked 
| 104|0x00000000e6800000, 0x00000000e6800000, 0x00000000e6900000|  0%| F|  |TAMS 0x00000000e6800000, 0x00000000e6800000| Untracked 
| 105|0x00000000e6900000, 0x00000000e6900000, 0x00000000e6a00000|  0%| F|  |TAMS 0x00000000e6900000, 0x00000000e6900000| Untracked 
| 106|0x00000000e6a00000, 0x00000000e6a00000, 0x00000000e6b00000|  0%| F|  |TAMS 0x00000000e6a00000, 0x00000000e6a00000| Untracked 
| 107|0x00000000e6b00000, 0x00000000e6b00000, 0x00000000e6c00000|  0%| F|  |TAMS 0x00000000e6b00000, 0x00000000e6b00000| Untracked 
| 108|0x00000000e6c00000, 0x00000000e6c00000, 0x00000000e6d00000|  0%| F|  |TAMS 0x00000000e6c00000, 0x00000000e6c00000| Untracked 
| 109|0x00000000e6d00000, 0x00000000e6d00000, 0x00000000e6e00000|  0%| F|  |TAMS 0x00000000e6d00000, 0x00000000e6d00000| Untracked 
| 110|0x00000000e6e00000, 0x00000000e6e00000, 0x00000000e6f00000|  0%| F|  |TAMS 0x00000000e6e00000, 0x00000000e6e00000| Untracked 
| 111|0x00000000e6f00000, 0x00000000e6f00000, 0x00000000e7000000|  0%| F|  |TAMS 0x00000000e6f00000, 0x00000000e6f00000| Untracked 
| 112|0x00000000e7000000, 0x00000000e7000000, 0x00000000e7100000|  0%| F|  |TAMS 0x00000000e7000000, 0x00000000e7000000| Untracked 
| 113|0x00000000e7100000, 0x00000000e7100000, 0x00000000e7200000|  0%| F|  |TAMS 0x00000000e7100000, 0x00000000e7100000| Untracked 
| 114|0x00000000e7200000, 0x00000000e7200000, 0x00000000e7300000|  0%| F|  |TAMS 0x00000000e7200000, 0x00000000e7200000| Untracked 
| 115|0x00000000e7300000, 0x00000000e7300000, 0x00000000e7400000|  0%| F|  |TAMS 0x00000000e7300000, 0x00000000e7300000| Untracked 
| 116|0x00000000e7400000, 0x00000000e7400000, 0x00000000e7500000|  0%| F|  |TAMS 0x00000000e7400000, 0x00000000e7400000| Untracked 
| 117|0x00000000e7500000, 0x00000000e7500000, 0x00000000e7600000|  0%| F|  |TAMS 0x00000000e7500000, 0x00000000e7500000| Untracked 
| 118|0x00000000e7600000, 0x00000000e7600000, 0x00000000e7700000|  0%| F|  |TAMS 0x00000000e7600000, 0x00000000e7600000| Untracked 
| 119|0x00000000e7700000, 0x00000000e7700000, 0x00000000e7800000|  0%| F|  |TAMS 0x00000000e7700000, 0x00000000e7700000| Untracked 
| 120|0x00000000e7800000, 0x00000000e7800000, 0x00000000e7900000|  0%| F|  |TAMS 0x00000000e7800000, 0x00000000e7800000| Untracked 
| 121|0x00000000e7900000, 0x00000000e7900000, 0x00000000e7a00000|  0%| F|  |TAMS 0x00000000e7900000, 0x00000000e7900000| Untracked 
| 122|0x00000000e7a00000, 0x00000000e7a00000, 0x00000000e7b00000|  0%| F|  |TAMS 0x00000000e7a00000, 0x00000000e7a00000| Untracked 
| 123|0x00000000e7b00000, 0x00000000e7b00000, 0x00000000e7c00000|  0%| F|  |TAMS 0x00000000e7b00000, 0x00000000e7b00000| Untracked 
| 124|0x00000000e7c00000, 0x00000000e7c00000, 0x00000000e7d00000|  0%| F|  |TAMS 0x00000000e7c00000, 0x00000000e7c00000| Untracked 
| 125|0x00000000e7d00000, 0x00000000e7d00000, 0x00000000e7e00000|  0%| F|  |TAMS 0x00000000e7d00000, 0x00000000e7d00000| Untracked 
| 126|0x00000000e7e00000, 0x00000000e7e00000, 0x00000000e7f00000|  0%| F|  |TAMS 0x00000000e7e00000, 0x00000000e7e00000| Untracked 
| 127|0x00000000e7f00000, 0x00000000e7f00000, 0x00000000e8000000|  0%| F|  |TAMS 0x00000000e7f00000, 0x00000000e7f00000| Untracked 
| 128|0x00000000e8000000, 0x00000000e8000000, 0x00000000e8100000|  0%| F|  |TAMS 0x00000000e8000000, 0x00000000e8000000| Untracked 
| 129|0x00000000e8100000, 0x00000000e8100000, 0x00000000e8200000|  0%| F|  |TAMS 0x00000000e8100000, 0x00000000e8100000| Untracked 
| 130|0x00000000e8200000, 0x00000000e8200000, 0x00000000e8300000|  0%| F|  |TAMS 0x00000000e8200000, 0x00000000e8200000| Untracked 
| 131|0x00000000e8300000, 0x00000000e8300000, 0x00000000e8400000|  0%| F|  |TAMS 0x00000000e8300000, 0x00000000e8300000| Untracked 
| 132|0x00000000e8400000, 0x00000000e8400000, 0x00000000e8500000|  0%| F|  |TAMS 0x00000000e8400000, 0x00000000e8400000| Untracked 
| 133|0x00000000e8500000, 0x00000000e8500000, 0x00000000e8600000|  0%| F|  |TAMS 0x00000000e8500000, 0x00000000e8500000| Untracked 
| 134|0x00000000e8600000, 0x00000000e8600000, 0x00000000e8700000|  0%| F|  |TAMS 0x00000000e8600000, 0x00000000e8600000| Untracked 
| 135|0x00000000e8700000, 0x00000000e8700000, 0x00000000e8800000|  0%| F|  |TAMS 0x00000000e8700000, 0x00000000e8700000| Untracked 
| 136|0x00000000e8800000, 0x00000000e8800000, 0x00000000e8900000|  0%| F|  |TAMS 0x00000000e8800000, 0x00000000e8800000| Untracked 
| 137|0x00000000e8900000, 0x00000000e8900000, 0x00000000e8a00000|  0%| F|  |TAMS 0x00000000e8900000, 0x00000000e8900000| Untracked 
| 138|0x00000000e8a00000, 0x00000000e8a00000, 0x00000000e8b00000|  0%| F|  |TAMS 0x00000000e8a00000, 0x00000000e8a00000| Untracked 
| 139|0x00000000e8b00000, 0x00000000e8b00000, 0x00000000e8c00000|  0%| F|  |TAMS 0x00000000e8b00000, 0x00000000e8b00000| Untracked 
| 140|0x00000000e8c00000, 0x00000000e8c00000, 0x00000000e8d00000|  0%| F|  |TAMS 0x00000000e8c00000, 0x00000000e8c00000| Untracked 
| 141|0x00000000e8d00000, 0x00000000e8d00000, 0x00000000e8e00000|  0%| F|  |TAMS 0x00000000e8d00000, 0x00000000e8d00000| Untracked 
| 142|0x00000000e8e00000, 0x00000000e8e00000, 0x00000000e8f00000|  0%| F|  |TAMS 0x00000000e8e00000, 0x00000000e8e00000| Untracked 
| 143|0x00000000e8f00000, 0x00000000e8f00000, 0x00000000e9000000|  0%| F|  |TAMS 0x00000000e8f00000, 0x00000000e8f00000| Untracked 
| 144|0x00000000e9000000, 0x00000000e9000000, 0x00000000e9100000|  0%| F|  |TAMS 0x00000000e9000000, 0x00000000e9000000| Untracked 
| 145|0x00000000e9100000, 0x00000000e9100000, 0x00000000e9200000|  0%| F|  |TAMS 0x00000000e9100000, 0x00000000e9100000| Untracked 
| 146|0x00000000e9200000, 0x00000000e9200000, 0x00000000e9300000|  0%| F|  |TAMS 0x00000000e9200000, 0x00000000e9200000| Untracked 
| 147|0x00000000e9300000, 0x00000000e9300000, 0x00000000e9400000|  0%| F|  |TAMS 0x00000000e9300000, 0x00000000e9300000| Untracked 
| 148|0x00000000e9400000, 0x00000000e9400000, 0x00000000e9500000|  0%| F|  |TAMS 0x00000000e9400000, 0x00000000e9400000| Untracked 
| 149|0x00000000e9500000, 0x00000000e9500000, 0x00000000e9600000|  0%| F|  |TAMS 0x00000000e9500000, 0x00000000e9500000| Untracked 
| 150|0x00000000e9600000, 0x00000000e9600000, 0x00000000e9700000|  0%| F|  |TAMS 0x00000000e9600000, 0x00000000e9600000| Untracked 
| 151|0x00000000e9700000, 0x00000000e9700000, 0x00000000e9800000|  0%| F|  |TAMS 0x00000000e9700000, 0x00000000e9700000| Untracked 
| 152|0x00000000e9800000, 0x00000000e9800000, 0x00000000e9900000|  0%| F|  |TAMS 0x00000000e9800000, 0x00000000e9800000| Untracked 
| 153|0x00000000e9900000, 0x00000000e9900000, 0x00000000e9a00000|  0%| F|  |TAMS 0x00000000e9900000, 0x00000000e9900000| Untracked 
| 154|0x00000000e9a00000, 0x00000000e9a00000, 0x00000000e9b00000|  0%| F|  |TAMS 0x00000000e9a00000, 0x00000000e9a00000| Untracked 
| 155|0x00000000e9b00000, 0x00000000e9b00000, 0x00000000e9c00000|  0%| F|  |TAMS 0x00000000e9b00000, 0x00000000e9b00000| Untracked 
| 156|0x00000000e9c00000, 0x00000000e9c00000, 0x00000000e9d00000|  0%| F|  |TAMS 0x00000000e9c00000, 0x00000000e9c00000| Untracked 
| 157|0x00000000e9d00000, 0x00000000e9d00000, 0x00000000e9e00000|  0%| F|  |TAMS 0x00000000e9d00000, 0x00000000e9d00000| Untracked 
| 158|0x00000000e9e00000, 0x00000000e9e00000, 0x00000000e9f00000|  0%| F|  |TAMS 0x00000000e9e00000, 0x00000000e9e00000| Untracked 
| 159|0x00000000e9f00000, 0x00000000e9f00000, 0x00000000ea000000|  0%| F|  |TAMS 0x00000000e9f00000, 0x00000000e9f00000| Untracked 
| 160|0x00000000ea000000, 0x00000000ea000000, 0x00000000ea100000|  0%| F|  |TAMS 0x00000000ea000000, 0x00000000ea000000| Untracked 
| 161|0x00000000ea100000, 0x00000000ea100000, 0x00000000ea200000|  0%| F|  |TAMS 0x00000000ea100000, 0x00000000ea100000| Untracked 
| 162|0x00000000ea200000, 0x00000000ea200000, 0x00000000ea300000|  0%| F|  |TAMS 0x00000000ea200000, 0x00000000ea200000| Untracked 
| 163|0x00000000ea300000, 0x00000000ea300000, 0x00000000ea400000|  0%| F|  |TAMS 0x00000000ea300000, 0x00000000ea300000| Untracked 
| 164|0x00000000ea400000, 0x00000000ea400000, 0x00000000ea500000|  0%| F|  |TAMS 0x00000000ea400000, 0x00000000ea400000| Untracked 
| 165|0x00000000ea500000, 0x00000000ea500000, 0x00000000ea600000|  0%| F|  |TAMS 0x00000000ea500000, 0x00000000ea500000| Untracked 
| 166|0x00000000ea600000, 0x00000000ea600000, 0x00000000ea700000|  0%| F|  |TAMS 0x00000000ea600000, 0x00000000ea600000| Untracked 
| 167|0x00000000ea700000, 0x00000000ea700000, 0x00000000ea800000|  0%| F|  |TAMS 0x00000000ea700000, 0x00000000ea700000| Untracked 
| 168|0x00000000ea800000, 0x00000000ea800000, 0x00000000ea900000|  0%| F|  |TAMS 0x00000000ea800000, 0x00000000ea800000| Untracked 
| 169|0x00000000ea900000, 0x00000000ea900000, 0x00000000eaa00000|  0%| F|  |TAMS 0x00000000ea900000, 0x00000000ea900000| Untracked 
| 170|0x00000000eaa00000, 0x00000000eaa00000, 0x00000000eab00000|  0%| F|  |TAMS 0x00000000eaa00000, 0x00000000eaa00000| Untracked 
| 171|0x00000000eab00000, 0x00000000eab00000, 0x00000000eac00000|  0%| F|  |TAMS 0x00000000eab00000, 0x00000000eab00000| Untracked 
| 172|0x00000000eac00000, 0x00000000eac00000, 0x00000000ead00000|  0%| F|  |TAMS 0x00000000eac00000, 0x00000000eac00000| Untracked 
| 173|0x00000000ead00000, 0x00000000ead00000, 0x00000000eae00000|  0%| F|  |TAMS 0x00000000ead00000, 0x00000000ead00000| Untracked 
| 174|0x00000000eae00000, 0x00000000eae00000, 0x00000000eaf00000|  0%| F|  |TAMS 0x00000000eae00000, 0x00000000eae00000| Untracked 
| 175|0x00000000eaf00000, 0x00000000eaf00000, 0x00000000eb000000|  0%| F|  |TAMS 0x00000000eaf00000, 0x00000000eaf00000| Untracked 
| 176|0x00000000eb000000, 0x00000000eb000000, 0x00000000eb100000|  0%| F|  |TAMS 0x00000000eb000000, 0x00000000eb000000| Untracked 
| 177|0x00000000eb100000, 0x00000000eb100000, 0x00000000eb200000|  0%| F|  |TAMS 0x00000000eb100000, 0x00000000eb100000| Untracked 
| 178|0x00000000eb200000, 0x00000000eb200000, 0x00000000eb300000|  0%| F|  |TAMS 0x00000000eb200000, 0x00000000eb200000| Untracked 
| 179|0x00000000eb300000, 0x00000000eb300000, 0x00000000eb400000|  0%| F|  |TAMS 0x00000000eb300000, 0x00000000eb300000| Untracked 
| 180|0x00000000eb400000, 0x00000000eb400000, 0x00000000eb500000|  0%| F|  |TAMS 0x00000000eb400000, 0x00000000eb400000| Untracked 
| 181|0x00000000eb500000, 0x00000000eb500000, 0x00000000eb600000|  0%| F|  |TAMS 0x00000000eb500000, 0x00000000eb500000| Untracked 
| 182|0x00000000eb600000, 0x00000000eb600000, 0x00000000eb700000|  0%| F|  |TAMS 0x00000000eb600000, 0x00000000eb600000| Untracked 
| 183|0x00000000eb700000, 0x00000000eb700000, 0x00000000eb800000|  0%| F|  |TAMS 0x00000000eb700000, 0x00000000eb700000| Untracked 
| 184|0x00000000eb800000, 0x00000000eb800000, 0x00000000eb900000|  0%| F|  |TAMS 0x00000000eb800000, 0x00000000eb800000| Untracked 
| 185|0x00000000eb900000, 0x00000000eb900000, 0x00000000eba00000|  0%| F|  |TAMS 0x00000000eb900000, 0x00000000eb900000| Untracked 
| 186|0x00000000eba00000, 0x00000000eba00000, 0x00000000ebb00000|  0%| F|  |TAMS 0x00000000eba00000, 0x00000000eba00000| Untracked 
| 187|0x00000000ebb00000, 0x00000000ebb00000, 0x00000000ebc00000|  0%| F|  |TAMS 0x00000000ebb00000, 0x00000000ebb00000| Untracked 
| 188|0x00000000ebc00000, 0x00000000ebc00000, 0x00000000ebd00000|  0%| F|  |TAMS 0x00000000ebc00000, 0x00000000ebc00000| Untracked 
| 189|0x00000000ebd00000, 0x00000000ebd00000, 0x00000000ebe00000|  0%| F|  |TAMS 0x00000000ebd00000, 0x00000000ebd00000| Untracked 
| 190|0x00000000ebe00000, 0x00000000ebe00000, 0x00000000ebf00000|  0%| F|  |TAMS 0x00000000ebe00000, 0x00000000ebe00000| Untracked 
| 191|0x00000000ebf00000, 0x00000000ebf00000, 0x00000000ec000000|  0%| F|  |TAMS 0x00000000ebf00000, 0x00000000ebf00000| Untracked 
| 192|0x00000000ec000000, 0x00000000ec000000, 0x00000000ec100000|  0%| F|  |TAMS 0x00000000ec000000, 0x00000000ec000000| Untracked 
| 193|0x00000000ec100000, 0x00000000ec100000, 0x00000000ec200000|  0%| F|  |TAMS 0x00000000ec100000, 0x00000000ec100000| Untracked 
| 194|0x00000000ec200000, 0x00000000ec200000, 0x00000000ec300000|  0%| F|  |TAMS 0x00000000ec200000, 0x00000000ec200000| Untracked 
| 195|0x00000000ec300000, 0x00000000ec300000, 0x00000000ec400000|  0%| F|  |TAMS 0x00000000ec300000, 0x00000000ec300000| Untracked 
| 196|0x00000000ec400000, 0x00000000ec400000, 0x00000000ec500000|  0%| F|  |TAMS 0x00000000ec400000, 0x00000000ec400000| Untracked 
| 197|0x00000000ec500000, 0x00000000ec500000, 0x00000000ec600000|  0%| F|  |TAMS 0x00000000ec500000, 0x00000000ec500000| Untracked 
| 198|0x00000000ec600000, 0x00000000ec600000, 0x00000000ec700000|  0%| F|  |TAMS 0x00000000ec600000, 0x00000000ec600000| Untracked 
| 199|0x00000000ec700000, 0x00000000ec700000, 0x00000000ec800000|  0%| F|  |TAMS 0x00000000ec700000, 0x00000000ec700000| Untracked 
| 200|0x00000000ec800000, 0x00000000ec800000, 0x00000000ec900000|  0%| F|  |TAMS 0x00000000ec800000, 0x00000000ec800000| Untracked 
| 201|0x00000000ec900000, 0x00000000ec900000, 0x00000000eca00000|  0%| F|  |TAMS 0x00000000ec900000, 0x00000000ec900000| Untracked 
| 202|0x00000000eca00000, 0x00000000eca00000, 0x00000000ecb00000|  0%| F|  |TAMS 0x00000000eca00000, 0x00000000eca00000| Untracked 
| 203|0x00000000ecb00000, 0x00000000ecb00000, 0x00000000ecc00000|  0%| F|  |TAMS 0x00000000ecb00000, 0x00000000ecb00000| Untracked 
| 204|0x00000000ecc00000, 0x00000000ecc00000, 0x00000000ecd00000|  0%| F|  |TAMS 0x00000000ecc00000, 0x00000000ecc00000| Untracked 
| 205|0x00000000ecd00000, 0x00000000ecd00000, 0x00000000ece00000|  0%| F|  |TAMS 0x00000000ecd00000, 0x00000000ecd00000| Untracked 
| 206|0x00000000ece00000, 0x00000000ece00000, 0x00000000ecf00000|  0%| F|  |TAMS 0x00000000ece00000, 0x00000000ece00000| Untracked 
| 207|0x00000000ecf00000, 0x00000000ecf00000, 0x00000000ed000000|  0%| F|  |TAMS 0x00000000ecf00000, 0x00000000ecf00000| Untracked 
| 208|0x00000000ed000000, 0x00000000ed000000, 0x00000000ed100000|  0%| F|  |TAMS 0x00000000ed000000, 0x00000000ed000000| Untracked 
| 209|0x00000000ed100000, 0x00000000ed100000, 0x00000000ed200000|  0%| F|  |TAMS 0x00000000ed100000, 0x00000000ed100000| Untracked 
| 210|0x00000000ed200000, 0x00000000ed200000, 0x00000000ed300000|  0%| F|  |TAMS 0x00000000ed200000, 0x00000000ed200000| Untracked 
| 211|0x00000000ed300000, 0x00000000ed39ae80, 0x00000000ed400000| 60%| E|  |TAMS 0x00000000ed300000, 0x00000000ed300000| Complete 
| 212|0x00000000ed400000, 0x00000000ed500000, 0x00000000ed500000|100%| E|CS|TAMS 0x00000000ed400000, 0x00000000ed400000| Complete 
| 213|0x00000000ed500000, 0x00000000ed600000, 0x00000000ed600000|100%| E|CS|TAMS 0x00000000ed500000, 0x00000000ed500000| Complete 
| 214|0x00000000ed600000, 0x00000000ed700000, 0x00000000ed700000|100%| E|CS|TAMS 0x00000000ed600000, 0x00000000ed600000| Complete 
| 215|0x00000000ed700000, 0x00000000ed800000, 0x00000000ed800000|100%| E|CS|TAMS 0x00000000ed700000, 0x00000000ed700000| Complete 
| 216|0x00000000ed800000, 0x00000000ed900000, 0x00000000ed900000|100%| E|CS|TAMS 0x00000000ed800000, 0x00000000ed800000| Complete 
| 217|0x00000000ed900000, 0x00000000eda00000, 0x00000000eda00000|100%| E|CS|TAMS 0x00000000ed900000, 0x00000000ed900000| Complete 
| 218|0x00000000eda00000, 0x00000000edb00000, 0x00000000edb00000|100%| E|CS|TAMS 0x00000000eda00000, 0x00000000eda00000| Complete 
| 219|0x00000000edb00000, 0x00000000edc00000, 0x00000000edc00000|100%| E|CS|TAMS 0x00000000edb00000, 0x00000000edb00000| Complete 
| 220|0x00000000edc00000, 0x00000000edd00000, 0x00000000edd00000|100%| E|CS|TAMS 0x00000000edc00000, 0x00000000edc00000| Complete 
| 221|0x00000000edd00000, 0x00000000ede00000, 0x00000000ede00000|100%| E|CS|TAMS 0x00000000edd00000, 0x00000000edd00000| Complete 
| 222|0x00000000ede00000, 0x00000000edf00000, 0x00000000edf00000|100%| E|CS|TAMS 0x00000000ede00000, 0x00000000ede00000| Complete 
| 223|0x00000000edf00000, 0x00000000ee000000, 0x00000000ee000000|100%| E|CS|TAMS 0x00000000edf00000, 0x00000000edf00000| Complete 
| 224|0x00000000ee000000, 0x00000000ee100000, 0x00000000ee100000|100%| E|CS|TAMS 0x00000000ee000000, 0x00000000ee000000| Complete 
| 225|0x00000000ee100000, 0x00000000ee200000, 0x00000000ee200000|100%| E|CS|TAMS 0x00000000ee100000, 0x00000000ee100000| Complete 
| 226|0x00000000ee200000, 0x00000000ee300000, 0x00000000ee300000|100%| E|CS|TAMS 0x00000000ee200000, 0x00000000ee200000| Complete 
| 227|0x00000000ee300000, 0x00000000ee400000, 0x00000000ee400000|100%| E|CS|TAMS 0x00000000ee300000, 0x00000000ee300000| Complete 
| 228|0x00000000ee400000, 0x00000000ee500000, 0x00000000ee500000|100%| E|CS|TAMS 0x00000000ee400000, 0x00000000ee400000| Complete 
| 229|0x00000000ee500000, 0x00000000ee600000, 0x00000000ee600000|100%| E|CS|TAMS 0x00000000ee500000, 0x00000000ee500000| Complete 
| 230|0x00000000ee600000, 0x00000000ee700000, 0x00000000ee700000|100%| E|CS|TAMS 0x00000000ee600000, 0x00000000ee600000| Complete 
| 231|0x00000000ee700000, 0x00000000ee800000, 0x00000000ee800000|100%| E|CS|TAMS 0x00000000ee700000, 0x00000000ee700000| Complete 
| 232|0x00000000ee800000, 0x00000000ee900000, 0x00000000ee900000|100%| E|CS|TAMS 0x00000000ee800000, 0x00000000ee800000| Complete 
| 233|0x00000000ee900000, 0x00000000eea00000, 0x00000000eea00000|100%| E|CS|TAMS 0x00000000ee900000, 0x00000000ee900000| Complete 
| 234|0x00000000eea00000, 0x00000000eeb00000, 0x00000000eeb00000|100%| E|CS|TAMS 0x00000000eea00000, 0x00000000eea00000| Complete 
| 235|0x00000000eeb00000, 0x00000000eec00000, 0x00000000eec00000|100%| E|CS|TAMS 0x00000000eeb00000, 0x00000000eeb00000| Complete 
| 236|0x00000000eec00000, 0x00000000eed00000, 0x00000000eed00000|100%| E|CS|TAMS 0x00000000eec00000, 0x00000000eec00000| Complete 
| 237|0x00000000eed00000, 0x00000000eee00000, 0x00000000eee00000|100%| E|CS|TAMS 0x00000000eed00000, 0x00000000eed00000| Complete 
| 238|0x00000000eee00000, 0x00000000eef00000, 0x00000000eef00000|100%| E|CS|TAMS 0x00000000eee00000, 0x00000000eee00000| Complete 
| 239|0x00000000eef00000, 0x00000000ef000000, 0x00000000ef000000|100%| E|CS|TAMS 0x00000000eef00000, 0x00000000eef00000| Complete 
| 240|0x00000000ef000000, 0x00000000ef100000, 0x00000000ef100000|100%| E|CS|TAMS 0x00000000ef000000, 0x00000000ef000000| Complete 
| 241|0x00000000ef100000, 0x00000000ef200000, 0x00000000ef200000|100%| E|CS|TAMS 0x00000000ef100000, 0x00000000ef100000| Complete 
| 242|0x00000000ef200000, 0x00000000ef300000, 0x00000000ef300000|100%| E|CS|TAMS 0x00000000ef200000, 0x00000000ef200000| Complete 
| 243|0x00000000ef300000, 0x00000000ef400000, 0x00000000ef400000|100%| E|CS|TAMS 0x00000000ef300000, 0x00000000ef300000| Complete 
| 244|0x00000000ef400000, 0x00000000ef500000, 0x00000000ef500000|100%| E|CS|TAMS 0x00000000ef400000, 0x00000000ef400000| Complete 
| 245|0x00000000ef500000, 0x00000000ef600000, 0x00000000ef600000|100%| E|CS|TAMS 0x00000000ef500000, 0x00000000ef500000| Complete 
| 246|0x00000000ef600000, 0x00000000ef700000, 0x00000000ef700000|100%| E|CS|TAMS 0x00000000ef600000, 0x00000000ef600000| Complete 
| 247|0x00000000ef700000, 0x00000000ef800000, 0x00000000ef800000|100%| E|CS|TAMS 0x00000000ef700000, 0x00000000ef700000| Complete 
| 248|0x00000000ef800000, 0x00000000ef900000, 0x00000000ef900000|100%| E|CS|TAMS 0x00000000ef800000, 0x00000000ef800000| Complete 
| 249|0x00000000ef900000, 0x00000000efa00000, 0x00000000efa00000|100%| E|CS|TAMS 0x00000000ef900000, 0x00000000ef900000| Complete 
| 250|0x00000000efa00000, 0x00000000efb00000, 0x00000000efb00000|100%| E|CS|TAMS 0x00000000efa00000, 0x00000000efa00000| Complete 
| 251|0x00000000efb00000, 0x00000000efc00000, 0x00000000efc00000|100%| E|CS|TAMS 0x00000000efb00000, 0x00000000efb00000| Complete 
| 252|0x00000000efc00000, 0x00000000efd00000, 0x00000000efd00000|100%| E|CS|TAMS 0x00000000efc00000, 0x00000000efc00000| Complete 
| 253|0x00000000efd00000, 0x00000000efe00000, 0x00000000efe00000|100%| E|CS|TAMS 0x00000000efd00000, 0x00000000efd00000| Complete 
| 254|0x00000000efe00000, 0x00000000eff00000, 0x00000000eff00000|100%| E|CS|TAMS 0x00000000efe00000, 0x00000000efe00000| Complete 
| 255|0x00000000eff00000, 0x00000000f0000000, 0x00000000f0000000|100%| E|CS|TAMS 0x00000000eff00000, 0x00000000eff00000| Complete 

Card table byte_map: [0x000001f673580000,0x000001f673680000] _byte_map_base: 0x000001f672e80000

Marking Bits (Prev, Next): (CMBitMap*) 0x000001f659f30a40, (CMBitMap*) 0x000001f659f30a08
 Prev Bits: [0x000001f673f80000, 0x000001f674780000)
 Next Bits: [0x000001f673780000, 0x000001f673f80000)

Polling page: 0x000001f659fd0000

Metaspace:

Usage:
  Non-class:     54.12 MB capacity,    52.99 MB ( 98%) used,   888.48 KB (  2%) free+waste,   259.94 KB ( <1%) overhead. 
      Class:      7.33 MB capacity,     6.41 MB ( 87%) used,   819.17 KB ( 11%) free+waste,   128.44 KB (  2%) overhead. 
       Both:     61.45 MB capacity,    59.40 MB ( 97%) used,     1.67 MB (  3%) free+waste,   388.38 KB ( <1%) overhead. 

Virtual space:
  Non-class space:       56.00 MB reserved,      54.28 MB ( 97%) committed 
      Class space:        1.00 GB reserved,       7.38 MB ( <1%) committed 
             Both:        1.05 GB reserved,      61.65 MB (  6%) committed 

Chunk freelists:
   Non-Class:  37.00 KB
       Class:  0 bytes
        Both:  37.00 KB

MaxMetaspaceSize: 17179869184.00 GB
CompressedClassSpaceSize: 1.00 GB
Initial GC threshold: 20.80 MB
Current GC threshold: 98.59 MB
CDS: off

CodeHeap 'non-profiled nmethods': size=120064Kb used=2973Kb max_used=2973Kb free=117090Kb
 bounds [0x000001f66b910000, 0x000001f66bc00000, 0x000001f672e50000]
CodeHeap 'profiled nmethods': size=120000Kb used=11424Kb max_used=11424Kb free=108576Kb
 bounds [0x000001f6643e0000, 0x000001f664f10000, 0x000001f66b910000]
CodeHeap 'non-nmethods': size=5696Kb used=1455Kb max_used=1481Kb free=4240Kb
 bounds [0x000001f663e50000, 0x000001f6640c0000, 0x000001f6643e0000]
 total_blobs=6074 nmethods=5277 adapters=708
 compilation: enabled
              stopped_count=0, restarted_count=0
 full_count=0

Compilation events (20 events):
Event: 7.626 Thread 0x000001f67764a000 nmethod 5270% 0x000001f664ee9190 code [0x000001f664ee93e0, 0x000001f664ee9d68]
Event: 7.626 Thread 0x000001f67764a000 5271       3       com.intellij.util.indexing.impl.EmptyInputDataDiffBuilder::processAllKeyValuesAsAdded (82 bytes)
Event: 7.626 Thread 0x000001f67764a000 nmethod 5271 0x000001f664eea010 code [0x000001f664eea260, 0x000001f664eeab48]
Event: 7.628 Thread 0x000001f67764a000 5272   !   2       com.intellij.util.io.PersistentMapImpl::get (45 bytes)
Event: 7.628 Thread 0x000001f67764a000 nmethod 5272 0x000001f664eeae10 code [0x000001f664eeb0a0, 0x000001f664eeb578]
Event: 7.645 Thread 0x000001f67764a000 5273 %     3       com.intellij.openapi.util.text.TrigramBuilder$AddonlyIntSet::rehash @ 34 (68 bytes)
Event: 7.645 Thread 0x000001f67764a000 nmethod 5273% 0x000001f664eebb90 code [0x000001f664eebd60, 0x000001f664eec148]
Event: 7.645 Thread 0x000001f67764a000 5274       3       com.intellij.openapi.util.text.TrigramBuilder$AddonlyIntSet::rehash (68 bytes)
Event: 7.646 Thread 0x000001f67764a000 nmethod 5274 0x000001f664eec310 code [0x000001f664eec4e0, 0x000001f664eec868]
Event: 7.648 Thread 0x000001f67764a000 5275       2       com.intellij.util.io.PersistentHashMap::get (11 bytes)
Event: 7.649 Thread 0x000001f67764a000 nmethod 5275 0x000001f664eeca10 code [0x000001f664eecbc0, 0x000001f664eecce8]
Event: 7.651 Thread 0x000001f67764a000 5276       2       java.lang.invoke.DirectMethodHandle$Holder::invokeStatic (18 bytes)
Event: 7.651 Thread 0x000001f67764a000 nmethod 5276 0x000001f664eecd90 code [0x000001f664eecf60, 0x000001f664eed098]
Event: 7.653 Thread 0x000001f67764a000 5277       2       com.intellij.openapi.fileTypes.impl.FileTypeManagerImpl$$Lambda$722/0x00000001006d4c40::get$Lambda (9 bytes)
Event: 7.653 Thread 0x000001f67764a000 nmethod 5277 0x000001f664eed190 code [0x000001f664eed340, 0x000001f664eed4b8]
Event: 7.653 Thread 0x000001f67764a000 5280   !   2       com.intellij.openapi.extensions.impl.ExtensionProcessingHelper::computeSafeIfAny (85 bytes)
Event: 7.654 Thread 0x000001f67764a000 nmethod 5280 0x000001f664eed590 code [0x000001f664eed7c0, 0x000001f664eedb28]
Event: 7.654 Thread 0x000001f67764a000 5278       2       com.intellij.openapi.fileTypes.impl.FileTypeManagerImpl$$Lambda$722/0x00000001006d4c40::<init> (10 bytes)
Event: 7.654 Thread 0x000001f67764a000 nmethod 5278 0x000001f664eedd10 code [0x000001f664eedec0, 0x000001f664eedff8]
Event: 7.654 Thread 0x000001f67764a000 5279       2       com.intellij.openapi.extensions.ExtensionPointName::computeSafeIfAny (19 bytes)

GC Heap History (20 events):
Event: 2.825 GC heap before
{Heap before GC invocations=2 (full 0):
 garbage-first heap   total 262144K, used 43900K [0x00000000e0000000, 0x0000000100000000)
  region size 1024K, 25 young (25600K), 1 survivors (1024K)
 Metaspace       used 20557K, capacity 21165K, committed 21296K, reserved 1069056K
  class space    used 2159K, capacity 2396K, committed 2432K, reserved 1048576K
}
Event: 2.828 GC heap after
{Heap after GC invocations=3 (full 0):
 garbage-first heap   total 262144K, used 22401K [0x00000000e0000000, 0x0000000100000000)
  region size 1024K, 2 young (2048K), 2 survivors (2048K)
 Metaspace       used 20557K, capacity 21165K, committed 21296K, reserved 1069056K
  class space    used 2159K, capacity 2396K, committed 2432K, reserved 1048576K
}
Event: 3.256 GC heap before
{Heap before GC invocations=4 (full 0):
 garbage-first heap   total 262144K, used 58241K [0x00000000e0000000, 0x0000000100000000)
  region size 1024K, 38 young (38912K), 2 survivors (2048K)
 Metaspace       used 23961K, capacity 24649K, committed 24752K, reserved 1071104K
  class space    used 2485K, capacity 2754K, committed 2816K, reserved 1048576K
}
Event: 3.260 GC heap after
{Heap after GC invocations=5 (full 0):
 garbage-first heap   total 262144K, used 24063K [0x00000000e0000000, 0x0000000100000000)
  region size 1024K, 4 young (4096K), 4 survivors (4096K)
 Metaspace       used 23961K, capacity 24649K, committed 24752K, reserved 1071104K
  class space    used 2485K, capacity 2754K, committed 2816K, reserved 1048576K
}
Event: 3.689 GC heap before
{Heap before GC invocations=5 (full 0):
 garbage-first heap   total 262144K, used 81407K [0x00000000e0000000, 0x0000000100000000)
  region size 1024K, 60 young (61440K), 4 survivors (4096K)
 Metaspace       used 28271K, capacity 29013K, committed 29232K, reserved 1075200K
  class space    used 2832K, capacity 3124K, committed 3200K, reserved 1048576K
}
Event: 3.694 GC heap after
{Heap after GC invocations=6 (full 0):
 garbage-first heap   total 262144K, used 26916K [0x00000000e0000000, 0x0000000100000000)
  region size 1024K, 6 young (6144K), 6 survivors (6144K)
 Metaspace       used 28271K, capacity 29013K, committed 29232K, reserved 1075200K
  class space    used 2832K, capacity 3124K, committed 3200K, reserved 1048576K
}
Event: 4.037 GC heap before
{Heap before GC invocations=6 (full 0):
 garbage-first heap   total 262144K, used 138532K [0x00000000e0000000, 0x0000000100000000)
  region size 1024K, 116 young (118784K), 6 survivors (6144K)
 Metaspace       used 34965K, capacity 35807K, committed 35888K, reserved 1081344K
  class space    used 3550K, capacity 3929K, committed 3968K, reserved 1048576K
}
Event: 4.045 GC heap after
{Heap after GC invocations=7 (full 0):
 garbage-first heap   total 262144K, used 28684K [0x00000000e0000000, 0x0000000100000000)
  region size 1024K, 8 young (8192K), 8 survivors (8192K)
 Metaspace       used 34965K, capacity 35807K, committed 35888K, reserved 1081344K
  class space    used 3550K, capacity 3929K, committed 3968K, reserved 1048576K
}
Event: 4.424 GC heap before
{Heap before GC invocations=8 (full 0):
 garbage-first heap   total 262144K, used 164876K [0x00000000e0000000, 0x0000000100000000)
  region size 1024K, 141 young (144384K), 8 survivors (8192K)
 Metaspace       used 40846K, capacity 41951K, committed 42032K, reserved 1087488K
  class space    used 4198K, capacity 4714K, committed 4736K, reserved 1048576K
}
Event: 4.432 GC heap after
{Heap after GC invocations=9 (full 0):
 garbage-first heap   total 262144K, used 31676K [0x00000000e0000000, 0x0000000100000000)
  region size 1024K, 11 young (11264K), 11 survivors (11264K)
 Metaspace       used 40846K, capacity 41951K, committed 42032K, reserved 1087488K
  class space    used 4198K, capacity 4714K, committed 4736K, reserved 1048576K
}
Event: 4.845 GC heap before
{Heap before GC invocations=9 (full 0):
 garbage-first heap   total 262144K, used 176060K [0x00000000e0000000, 0x0000000100000000)
  region size 1024K, 153 young (156672K), 11 survivors (11264K)
 Metaspace       used 45314K, capacity 46456K, committed 46640K, reserved 1091584K
  class space    used 4693K, capacity 5196K, committed 5248K, reserved 1048576K
}
Event: 4.855 GC heap after
{Heap after GC invocations=10 (full 0):
 garbage-first heap   total 262144K, used 32497K [0x00000000e0000000, 0x0000000100000000)
  region size 1024K, 12 young (12288K), 12 survivors (12288K)
 Metaspace       used 45314K, capacity 46456K, committed 46640K, reserved 1091584K
  class space    used 4693K, capacity 5196K, committed 5248K, reserved 1048576K
}
Event: 5.540 GC heap before
{Heap before GC invocations=10 (full 0):
 garbage-first heap   total 262144K, used 176881K [0x00000000e0000000, 0x0000000100000000)
  region size 1024K, 153 young (156672K), 12 survivors (12288K)
 Metaspace       used 51311K, capacity 52888K, committed 53040K, reserved 1095680K
  class space    used 5515K, capacity 6232K, committed 6272K, reserved 1048576K
}
Event: 5.551 GC heap after
{Heap after GC invocations=11 (full 0):
 garbage-first heap   total 262144K, used 34553K [0x00000000e0000000, 0x0000000100000000)
  region size 1024K, 12 young (12288K), 12 survivors (12288K)
 Metaspace       used 51311K, capacity 52888K, committed 53040K, reserved 1095680K
  class space    used 5515K, capacity 6232K, committed 6272K, reserved 1048576K
}
Event: 6.143 GC heap before
{Heap before GC invocations=11 (full 0):
 garbage-first heap   total 262144K, used 177913K [0x00000000e0000000, 0x0000000100000000)
  region size 1024K, 153 young (156672K), 12 survivors (12288K)
 Metaspace       used 56239K, capacity 58004K, committed 58160K, reserved 1099776K
  class space    used 6163K, capacity 6985K, committed 7040K, reserved 1048576K
}
Event: 6.153 GC heap after
{Heap after GC invocations=12 (full 0):
 garbage-first heap   total 262144K, used 36683K [0x00000000e0000000, 0x0000000100000000)
  region size 1024K, 13 young (13312K), 13 survivors (13312K)
 Metaspace       used 56239K, capacity 58004K, committed 58160K, reserved 1099776K
  class space    used 6163K, capacity 6985K, committed 7040K, reserved 1048576K
}
Event: 6.795 GC heap before
{Heap before GC invocations=12 (full 0):
 garbage-first heap   total 262144K, used 105291K [0x00000000e0000000, 0x0000000100000000)
  region size 1024K, 80 young (81920K), 13 survivors (13312K)
 Metaspace       used 58258K, capacity 60168K, committed 60240K, reserved 1101824K
  class space    used 6282K, capacity 7147K, committed 7168K, reserved 1048576K
}
Event: 6.820 GC heap after
{Heap after GC invocations=13 (full 0):
 garbage-first heap   total 262144K, used 49220K [0x00000000e0000000, 0x0000000100000000)
  region size 1024K, 20 young (20480K), 20 survivors (20480K)
 Metaspace       used 58258K, capacity 60168K, committed 60240K, reserved 1101824K
  class space    used 6282K, capacity 7147K, committed 7168K, reserved 1048576K
}
Event: 7.400 GC heap before
{Heap before GC invocations=14 (full 0):
 garbage-first heap   total 262144K, used 184388K [0x00000000e0000000, 0x0000000100000000)
  region size 1024K, 153 young (156672K), 20 survivors (20480K)
 Metaspace       used 60527K, capacity 62641K, committed 62876K, reserved 1105920K
  class space    used 6539K, capacity 7500K, committed 7552K, reserved 1048576K
}
Event: 7.423 GC heap after
{Heap after GC invocations=15 (full 0):
 garbage-first heap   total 262144K, used 52552K [0x00000000e0000000, 0x0000000100000000)
  region size 1024K, 5 young (5120K), 5 survivors (5120K)
 Metaspace       used 60527K, capacity 62641K, committed 62876K, reserved 1105920K
  class space    used 6539K, capacity 7500K, committed 7552K, reserved 1048576K
}

Deoptimization events (20 events):
Event: 7.552 Thread 0x000001f679554000 Uncommon trap: trap_request=0xffffffc6 fr.pc=0x000001f66bbcffd8 relative=0x00000000000008f8
Event: 7.552 Thread 0x000001f679554000 Uncommon trap: reason=bimorphic_or_optimized_type_check action=maybe_recompile pc=0x000001f66bbcffd8 method=com.intellij.util.containers.hash.LinkedHashMap.remove(Ljava/lang/Object;)Ljava/lang/Object; @ 127 c2
Event: 7.552 Thread 0x000001f679554000 DEOPT PACKING pc=0x000001f66bbcffd8 sp=0x000000decf3fbe50
Event: 7.552 Thread 0x000001f679554000 DEOPT UNPACKING pc=0x000001f663e9a1af sp=0x000000decf3fbdf0 mode 2
Event: 7.553 Thread 0x000001f679554000 Uncommon trap: trap_request=0xffffffc6 fr.pc=0x000001f66bbcffd8 relative=0x00000000000008f8
Event: 7.553 Thread 0x000001f679554000 Uncommon trap: reason=bimorphic_or_optimized_type_check action=maybe_recompile pc=0x000001f66bbcffd8 method=com.intellij.util.containers.hash.LinkedHashMap.remove(Ljava/lang/Object;)Ljava/lang/Object; @ 127 c2
Event: 7.553 Thread 0x000001f679554000 DEOPT PACKING pc=0x000001f66bbcffd8 sp=0x000000decf3fbe50
Event: 7.553 Thread 0x000001f679554000 DEOPT UNPACKING pc=0x000001f663e9a1af sp=0x000000decf3fbdf0 mode 2
Event: 7.575 Thread 0x000001f679558000 DEOPT PACKING pc=0x000001f664dad87a sp=0x000000decf1fb8b0
Event: 7.575 Thread 0x000001f679558000 DEOPT UNPACKING pc=0x000001f663e9a95e sp=0x000000decf1fad10 mode 0
Event: 7.580 Thread 0x000001f679559000 DEOPT PACKING pc=0x000001f664dadbd0 sp=0x000000decf4fb790
Event: 7.580 Thread 0x000001f679559000 DEOPT UNPACKING pc=0x000001f663e9a95e sp=0x000000decf4fabf0 mode 0
Event: 7.605 Thread 0x000001f679559000 DEOPT PACKING pc=0x000001f664dad87a sp=0x000000decf4fb610
Event: 7.605 Thread 0x000001f679559000 DEOPT UNPACKING pc=0x000001f663e9a95e sp=0x000000decf4faa70 mode 0
Event: 7.623 Thread 0x000001f679554000 DEOPT PACKING pc=0x000001f664dadbd0 sp=0x000000decf3fb300
Event: 7.623 Thread 0x000001f679554000 DEOPT UNPACKING pc=0x000001f663e9a95e sp=0x000000decf3fa760 mode 0
Event: 7.626 Thread 0x000001f679559000 DEOPT PACKING pc=0x000001f664edf865 sp=0x000000decf4fc640
Event: 7.626 Thread 0x000001f679559000 DEOPT UNPACKING pc=0x000001f663e9a95e sp=0x000000decf4fbb00 mode 0
Event: 7.646 Thread 0x000001f679559000 DEOPT PACKING pc=0x000001f664e8b880 sp=0x000000decf4fbb50
Event: 7.646 Thread 0x000001f679559000 DEOPT UNPACKING pc=0x000001f663e9a95e sp=0x000000decf4fafe8 mode 0

Classes redefined (0 events):
No events

Internal exceptions (20 events):
Event: 7.445 Thread 0x000001f676db8000 Exception <a 'java/lang/NullPointerException'{0x00000000ef4ccb68}> (0x00000000ef4ccb68) thrown at [./src/hotspot/share/interpreter/linkResolver.cpp, line 1358]
Event: 7.445 Thread 0x000001f676db8000 Exception <a 'java/lang/NullPointerException'{0x00000000ef4cce38}> (0x00000000ef4cce38) thrown at [./src/hotspot/share/interpreter/linkResolver.cpp, line 1358]
Event: 7.445 Thread 0x000001f676db8000 Exception <a 'java/lang/NullPointerException'{0x00000000ef4cd108}> (0x00000000ef4cd108) thrown at [./src/hotspot/share/interpreter/linkResolver.cpp, line 1358]
Event: 7.445 Thread 0x000001f676db8000 Exception <a 'java/lang/NullPointerException'{0x00000000ef4cd3d8}> (0x00000000ef4cd3d8) thrown at [./src/hotspot/share/interpreter/linkResolver.cpp, line 1358]
Event: 7.445 Thread 0x000001f676db8000 Exception <a 'java/lang/NullPointerException'{0x00000000ef4cd6a8}> (0x00000000ef4cd6a8) thrown at [./src/hotspot/share/interpreter/linkResolver.cpp, line 1358]
Event: 7.445 Thread 0x000001f676db8000 Exception <a 'java/lang/NullPointerException'{0x00000000ef4cd978}> (0x00000000ef4cd978) thrown at [./src/hotspot/share/interpreter/linkResolver.cpp, line 1358]
Event: 7.445 Thread 0x000001f676db8000 Exception <a 'java/lang/NullPointerException'{0x00000000ef4cdc48}> (0x00000000ef4cdc48) thrown at [./src/hotspot/share/interpreter/linkResolver.cpp, line 1358]
Event: 7.445 Thread 0x000001f676db8000 Exception <a 'java/lang/NullPointerException'{0x00000000ef4cdf18}> (0x00000000ef4cdf18) thrown at [./src/hotspot/share/interpreter/linkResolver.cpp, line 1358]
Event: 7.445 Thread 0x000001f676db8000 Exception <a 'java/lang/NullPointerException'{0x00000000ef4ce1e8}> (0x00000000ef4ce1e8) thrown at [./src/hotspot/share/interpreter/linkResolver.cpp, line 1358]
Event: 7.445 Thread 0x000001f676db8000 Exception <a 'java/lang/NullPointerException'{0x00000000ef4ce4b8}> (0x00000000ef4ce4b8) thrown at [./src/hotspot/share/interpreter/linkResolver.cpp, line 1358]
Event: 7.445 Thread 0x000001f676db8000 Exception <a 'java/lang/NullPointerException'{0x00000000ef4ce788}> (0x00000000ef4ce788) thrown at [./src/hotspot/share/interpreter/linkResolver.cpp, line 1358]
Event: 7.445 Thread 0x000001f676db8000 Exception <a 'java/lang/NullPointerException'{0x00000000ef4cea58}> (0x00000000ef4cea58) thrown at [./src/hotspot/share/interpreter/linkResolver.cpp, line 1358]
Event: 7.445 Thread 0x000001f676db8000 Exception <a 'java/lang/NullPointerException'{0x00000000ef4ced28}> (0x00000000ef4ced28) thrown at [./src/hotspot/share/interpreter/linkResolver.cpp, line 1358]
Event: 7.445 Thread 0x000001f676db8000 Exception <a 'java/lang/NullPointerException'{0x00000000ef4ceff8}> (0x00000000ef4ceff8) thrown at [./src/hotspot/share/interpreter/linkResolver.cpp, line 1358]
Event: 7.532 Thread 0x000001f679554000 Exception <a 'sun/nio/fs/WindowsException'{0x00000000eed55698}> (0x00000000eed55698) thrown at [./src/hotspot/share/prims/jni.cpp, line 617]
Event: 7.534 Thread 0x000001f679554000 Exception <a 'java/lang/NoSuchMethodError'{0x00000000eed58ee8}: 'java.lang.Object java.lang.invoke.DirectMethodHandle$Holder.invokeStatic(java.lang.Object, java.lang.Object, int, int, long, java.lang.Object)'> (0x00000000eed58ee8) thrown at [./src/hotspot/share/interpreter/linkResolver.cpp, line 773]
Event: 7.535 Thread 0x000001f679554000 Exception <a 'java/lang/NoSuchMethodError'{0x00000000eed5f9b8}: 'java.lang.Object java.lang.invoke.DirectMethodHandle$Holder.invokeStatic(java.lang.Object, java.lang.Object, int, int, long)'> (0x00000000eed5f9b8) thrown at [./src/hotspot/share/interpreter/linkResolver.cpp, line 773]
Event: 7.536 Thread 0x000001f679554000 Exception <a 'java/lang/NoSuchMethodError'{0x00000000eed63570}: 'java.lang.Object java.lang.invoke.DirectMethodHandle$Holder.invokeSpecial(java.lang.Object, java.lang.Object, java.lang.Object, int, int, long)'> (0x00000000eed63570) thrown at [./src/hotspot/share/interpreter/linkResolver.cpp, line 773]
Event: 7.536 Thread 0x000001f679554000 Exception <a 'java/lang/NoSuchMethodError'{0x00000000eed66c48}: 'java.lang.Object java.lang.invoke.Invokers$Holder.linkToTargetMethod(java.lang.Object, int, int, long, java.lang.Object)'> (0x00000000eed66c48) thrown at [./src/hotspot/share/interpreter/linkResolver.cpp, line 773]
Event: 7.537 Thread 0x000001f679554000 Exception <a 'sun/nio/fs/WindowsException'{0x00000000eed6bc10}> (0x00000000eed6bc10) thrown at [./src/hotspot/share/prims/jni.cpp, line 617]

Events (20 events):
Event: 7.503 loading class net/jpountz/lz4/LZ4Constants
Event: 7.503 loading class net/jpountz/lz4/LZ4Constants done
Event: 7.504 loading class net/jpountz/lz4/LZ4UnsafeUtils
Event: 7.504 loading class net/jpountz/lz4/LZ4UnsafeUtils done
Event: 7.506 loading class net/jpountz/lz4/LZ4SafeUtils
Event: 7.506 loading class net/jpountz/lz4/LZ4SafeUtils done
Event: 7.508 loading class net/jpountz/lz4/LZ4HCJavaUnsafeCompressor$HashTable
Event: 7.508 loading class net/jpountz/lz4/LZ4HCJavaUnsafeCompressor$HashTable done
Event: 7.510 loading class net/jpountz/lz4/LZ4Utils$Match
Event: 7.510 loading class net/jpountz/lz4/LZ4Utils$Match done
Event: 7.529 loading class com/intellij/util/io/FileAccessorCache$Handle
Event: 7.529 loading class com/intellij/util/io/FileAccessorCache$Handle done
Event: 7.531 loading class com/intellij/util/io/FileChannelWithSizeTracking
Event: 7.531 loading class com/intellij/util/io/FileChannelWithSizeTracking done
Event: 7.534 loading class com/intellij/util/io/UnInterruptibleFileChannelHandle$FileChannelIdempotentOperation
Event: 7.534 loading class com/intellij/util/io/UnInterruptibleFileChannelHandle$FileChannelIdempotentOperation done
Event: 7.535 loading class com/intellij/util/io/UnInterruptibleFileChannelHandle$FileChannelIdempotentOperation
Event: 7.535 loading class com/intellij/util/io/UnInterruptibleFileChannelHandle$FileChannelIdempotentOperation done
Event: 7.539 loading class com/intellij/util/io/CompressedAppendableFile$FileChunkReadCache
Event: 7.539 loading class com/intellij/util/io/CompressedAppendableFile$FileChunkReadCache done


Dynamic libraries:
0x00007ff783db0000 - 0x00007ff783dbd000 	C:\Program Files\OpenJDK\openjdk-11.0.16_8\bin\java.exe
0x00007ff949430000 - 0x00007ff949644000 	C:\WINDOWS\SYSTEM32\ntdll.dll
0x00007ff9488e0000 - 0x00007ff9489a3000 	C:\WINDOWS\System32\KERNEL32.DLL
0x00007ff946d80000 - 0x00007ff94711c000 	C:\WINDOWS\System32\KERNELBASE.dll
0x00007ff946c60000 - 0x00007ff946d71000 	C:\WINDOWS\System32\ucrtbase.dll
0x00007ff9355f0000 - 0x00007ff935605000 	C:\Program Files\OpenJDK\openjdk-11.0.16_8\bin\VCRUNTIME140.dll
0x00007ff9355d0000 - 0x00007ff9355e7000 	C:\Program Files\OpenJDK\openjdk-11.0.16_8\bin\jli.dll
0x00007ff948240000 - 0x00007ff9483ed000 	C:\WINDOWS\System32\USER32.dll
0x00007ff93e810000 - 0x00007ff93ea9e000 	C:\WINDOWS\WinSxS\amd64_microsoft.windows.common-controls_6595b64144ccf1df_6.0.22621.608_none_a9444ca7c10bb01d\COMCTL32.dll
0x00007ff9469e0000 - 0x00007ff946a06000 	C:\WINDOWS\System32\win32u.dll
0x00007ff948410000 - 0x00007ff9484b7000 	C:\WINDOWS\System32\msvcrt.dll
0x00007ff948f30000 - 0x00007ff948f59000 	C:\WINDOWS\System32\GDI32.dll
0x00007ff946a10000 - 0x00007ff946b23000 	C:\WINDOWS\System32\gdi32full.dll
0x00007ff947120000 - 0x00007ff9471ba000 	C:\WINDOWS\System32\msvcp_win.dll
0x00007ff9489b0000 - 0x00007ff9489e1000 	C:\WINDOWS\System32\IMM32.DLL
0x00007ff92f880000 - 0x00007ff92f91b000 	C:\Program Files\OpenJDK\openjdk-11.0.16_8\bin\msvcp140.dll
0x00007ff916010000 - 0x00007ff916b1e000 	C:\Program Files\OpenJDK\openjdk-11.0.16_8\bin\server\jvm.dll
0x00007ff9487d0000 - 0x00007ff94887e000 	C:\WINDOWS\System32\ADVAPI32.dll
0x00007ff948090000 - 0x00007ff948134000 	C:\WINDOWS\System32\sechost.dll
0x00007ff947640000 - 0x00007ff947755000 	C:\WINDOWS\System32\RPCRT4.dll
0x00007ff9485a0000 - 0x00007ff9485a8000 	C:\WINDOWS\System32\PSAPI.DLL
0x00007ff941960000 - 0x00007ff941969000 	C:\WINDOWS\SYSTEM32\WSOCK32.dll
0x00007ff93ec00000 - 0x00007ff93ec34000 	C:\WINDOWS\SYSTEM32\WINMM.dll
0x00007ff93fc90000 - 0x00007ff93fc9a000 	C:\WINDOWS\SYSTEM32\VERSION.dll
0x00007ff948520000 - 0x00007ff948591000 	C:\WINDOWS\System32\WS2_32.dll
0x00007ff945930000 - 0x00007ff945948000 	C:\WINDOWS\SYSTEM32\kernel.appcore.dll
0x00007ff9355c0000 - 0x00007ff9355d0000 	C:\Program Files\OpenJDK\openjdk-11.0.16_8\bin\verify.dll
0x00007ff935950000 - 0x00007ff935b7e000 	C:\WINDOWS\SYSTEM32\DBGHELP.DLL
0x00007ff947240000 - 0x00007ff9475c9000 	C:\WINDOWS\System32\combase.dll
0x00007ff9486f0000 - 0x00007ff9487c7000 	C:\WINDOWS\System32\OLEAUT32.dll
0x00007ff935250000 - 0x00007ff935282000 	C:\WINDOWS\SYSTEM32\dbgcore.DLL
0x00007ff9471c0000 - 0x00007ff94723b000 	C:\WINDOWS\System32\bcryptPrimitives.dll
0x00007ff935590000 - 0x00007ff9355b8000 	C:\Program Files\OpenJDK\openjdk-11.0.16_8\bin\java.dll
0x00007ff935580000 - 0x00007ff93558a000 	C:\Program Files\OpenJDK\openjdk-11.0.16_8\bin\jimage.dll
0x00007ff935020000 - 0x00007ff935038000 	C:\Program Files\OpenJDK\openjdk-11.0.16_8\bin\zip.dll
0x00007ff9478a0000 - 0x00007ff948090000 	C:\WINDOWS\System32\SHELL32.dll
0x00007ff944880000 - 0x00007ff94514e000 	C:\WINDOWS\SYSTEM32\windows.storage.dll
0x00007ff944740000 - 0x00007ff94487e000 	C:\WINDOWS\SYSTEM32\wintypes.dll
0x00007ff948e30000 - 0x00007ff948f21000 	C:\WINDOWS\System32\SHCORE.dll
0x00007ff9475d0000 - 0x00007ff94762e000 	C:\WINDOWS\System32\shlwapi.dll
0x00007ff9467a0000 - 0x00007ff9467c1000 	C:\WINDOWS\SYSTEM32\profapi.dll
0x00007ff934f50000 - 0x00007ff934f69000 	C:\Program Files\OpenJDK\openjdk-11.0.16_8\bin\net.dll
0x00007ff940580000 - 0x00007ff9406af000 	C:\WINDOWS\SYSTEM32\WINHTTP.dll
0x00007ff945e20000 - 0x00007ff945e89000 	C:\WINDOWS\system32\mswsock.dll
0x00007ff934f30000 - 0x00007ff934f43000 	C:\Program Files\OpenJDK\openjdk-11.0.16_8\bin\nio.dll
0x00007ff946080000 - 0x00007ff94609b000 	C:\WINDOWS\SYSTEM32\CRYPTSP.dll
0x00007ff9458a0000 - 0x00007ff9458d5000 	C:\WINDOWS\system32\rsaenh.dll
0x00007ff945f20000 - 0x00007ff945f48000 	C:\WINDOWS\SYSTEM32\USERENV.dll
0x00007ff946220000 - 0x00007ff946248000 	C:\WINDOWS\SYSTEM32\bcrypt.dll
0x00007ff9460a0000 - 0x00007ff9460ac000 	C:\WINDOWS\SYSTEM32\CRYPTBASE.dll
0x00007ff9453a0000 - 0x00007ff9453cd000 	C:\WINDOWS\SYSTEM32\IPHLPAPI.DLL
0x00007ff947630000 - 0x00007ff947639000 	C:\WINDOWS\System32\NSI.dll
0x00007ff940540000 - 0x00007ff940559000 	C:\WINDOWS\SYSTEM32\dhcpcsvc6.DLL
0x00007ff940520000 - 0x00007ff94053f000 	C:\WINDOWS\SYSTEM32\dhcpcsvc.DLL
0x00007ff945460000 - 0x00007ff945553000 	C:\WINDOWS\SYSTEM32\DNSAPI.dll
0x00007ff9335f0000 - 0x00007ff93378a000 	C:\Program Files\OpenJDK\openjdk-11.0.16_8\bin\awt.dll
0x00007ff943ca0000 - 0x00007ff943d37000 	C:\WINDOWS\SYSTEM32\apphelp.dll
0x00007ff943eb0000 - 0x00007ff943f5b000 	C:\WINDOWS\system32\uxtheme.dll
0x00007ff9485b0000 - 0x00007ff9486ce000 	C:\WINDOWS\System32\MSCTF.dll
0x00007ff948ad0000 - 0x00007ff948c6c000 	C:\WINDOWS\System32\ole32.dll
0x00007ff9354d0000 - 0x00007ff9354d9000 	C:\Program Files\OpenJDK\openjdk-11.0.16_8\bin\management.dll
0x00007ff9350e0000 - 0x00007ff9350eb000 	C:\Program Files\OpenJDK\openjdk-11.0.16_8\bin\management_ext.dll
0x00007ff9442c0000 - 0x00007ff9442eb000 	C:\WINDOWS\system32\DWMAPI.DLL
0x00007ff93a0b0000 - 0x00007ff93a0be000 	C:\Program Files\OpenJDK\openjdk-11.0.16_8\bin\sunmscapi.dll
0x00007ff946870000 - 0x00007ff9469d6000 	C:\WINDOWS\System32\CRYPT32.dll
0x00007ff9461f0000 - 0x00007ff94621d000 	C:\WINDOWS\SYSTEM32\ncrypt.dll
0x00007ff9461b0000 - 0x00007ff9461e7000 	C:\WINDOWS\SYSTEM32\NTASN1.dll
0x00007ff934f00000 - 0x00007ff934f25000 	C:\Program Files\OpenJDK\openjdk-11.0.16_8\bin\sunec.dll
0x00007ff938970000 - 0x00007ff93898b000 	C:\Users\patrickfv\.gradle\caches\modules-2\files-2.1\com.jetbrains.intellij.idea\ideaIC\2022.1.4\e3ffd300c9b86b78a24cd23fdc358ac8493afdf5\ideaIC-2022.1.4\bin\IdeaWin64.dll
0x00007ff9350f0000 - 0x00007ff935135000 	C:\Users\patrickfv\AppData\Local\Temp\jna--82566062\jna12856633999894026128.dll
0x00007ff943bc0000 - 0x00007ff943bc9000 	C:\Program Files\OpenJDK\openjdk-11.0.16_8\bin\prefs.dll

dbghelp: loaded successfully - version: 4.0.5 - missing functions: none
symbol engine: initialized successfully - sym options: 0x614 - pdb path: .;C:\Program Files\OpenJDK\openjdk-11.0.16_8\bin;C:\WINDOWS\SYSTEM32;C:\WINDOWS\WinSxS\amd64_microsoft.windows.common-controls_6595b64144ccf1df_6.0.22621.608_none_a9444ca7c10bb01d;C:\Program Files\OpenJDK\openjdk-11.0.16_8\bin\server;C:\Users\patrickfv\.gradle\caches\modules-2\files-2.1\com.jetbrains.intellij.idea\ideaIC\2022.1.4\e3ffd300c9b86b78a24cd23fdc358ac8493afdf5\ideaIC-2022.1.4\bin;C:\Users\patrickfv\AppData\Local\Temp\jna--82566062

VM Arguments:
jvm_args: -Didea.config.path=C:\Users\patrickfv\horizon-intellij\build\idea-sandbox\config-test -Didea.force.use.core.classloader=true -Didea.plugins.path=C:\Users\patrickfv\horizon-intellij\build\idea-sandbox\plugins-test -Didea.required.plugins.id=com.github.patrickfv.horizonintellij -Didea.system.path=C:\Users\patrickfv\horizon-intellij\build\idea-sandbox\system-test -Didea.use.core.classloader.for=com.github.patrickfv.horizonintellij -Didea.use.core.classloader.for.plugin.path=true -Dorg.gradle.internal.worker.tmpdir=C:\Users\patrickfv\horizon-intellij\build\tmp\test\work -Dorg.gradle.native=false -Dplugin.path=C:\Users\patrickfv\horizon-intellij\build\idea-sandbox\plugins-test\horizon-intellij --add-opens=java.base/java.io=ALL-UNNAMED --add-opens=java.base/java.lang=ALL-UNNAMED --add-opens=java.base/java.lang.reflect=ALL-UNNAMED --add-opens=java.base/java.net=ALL-UNNAMED --add-opens=java.base/java.nio=ALL-UNNAMED --add-opens=java.base/java.nio.charset=ALL-UNNAMED --add-opens=java.base/java.text=ALL-UNNAMED --add-opens=java.base/java.time=ALL-UNNAMED --add-opens=java.base/java.util=ALL-UNNAMED --add-opens=java.base/java.util.concurrent=ALL-UNNAMED --add-opens=java.base/java.util.concurrent.atomic=ALL-UNNAMED --add-opens=java.base/jdk.internal.vm=ALL-UNNAMED --add-opens=java.base/sun.nio.ch=ALL-UNNAMED --add-opens=java.base/sun.security.ssl=ALL-UNNAMED --add-opens=java.base/sun.security.util=ALL-UNNAMED --add-opens=java.desktop/java.awt=ALL-UNNAMED --add-opens=java.desktop/java.awt.dnd.peer=ALL-UNNAMED --add-opens=java.desktop/java.awt.event=ALL-UNNAMED --add-opens=java.desktop/java.awt.image=ALL-UNNAMED --add-opens=java.desktop/java.awt.peer=ALL-UNNAMED --add-opens=java.desktop/javax.swing=ALL-UNNAMED --add-opens=java.desktop/javax.swing.plaf.basic=ALL-UNNAMED --add-opens=java.desktop/javax.swing.text.html=ALL-UNNAMED --add-opens=java.desktop/sun.awt.datatransfer=ALL-UNNAMED --add-opens=java.desktop/sun.awt.image=ALL-UNNAMED --add-opens=java.desktop/sun.awt=ALL-UNNAMED --add-opens=java.desktop/sun.font=ALL-UNNAMED --add-opens=java.desktop/sun.java2d=ALL-UNNAMED --add-opens=java.desktop/sun.swing=ALL-UNNAMED --add-opens=jdk.attach/sun.tools.attach=ALL-UNNAMED --add-opens=jdk.compiler/com.sun.tools.javac.api=ALL-UNNAMED --add-opens=jdk.internal.jvmstat/sun.jvmstat.monitor=ALL-UNNAMED --add-opens=jdk.jdi/com.sun.tools.jdi=ALL-UNNAMED --add-opens=java.desktop/sun.awt.windows=ALL-UNNAMED -Xms256m -Xmx512m -Dfile.encoding=windows-1252 -Duser.country=BR -Duser.language=pt -Duser.variant -ea 
java_command: worker.org.gradle.process.internal.worker.GradleWorkerMain 'Gradle Test Executor 1'
java_class_path (initial): C:\\Users\\patrickfv\\.gradle\\caches\\7.5.1\\workerMain\\gradle-worker.jar;C:\\Users\\patrickfv\\horizon-intellij\\build\\instrumented\\instrumentTestCode;C:\\Users\\patrickfv\\horizon-intellij\\build\\instrumented\\instrumentCode;C:\\Users\\patrickfv\\horizon-intellij\\build\\resources\\main;C:\\Users\\patrickfv\\.gradle\\caches\\modules-2\\files-2.1\\org.jetbrains\\annotations\\23.0.0\\8cc20c07506ec18e0834947b84a864bfc094484e\\annotations-23.0.0.jar;C:\\Users\\patrickfv\\.gradle\\caches\\modules-2\\files-2.1\\com.jetbrains.intellij.idea\\ideaIC\\2022.1.4\\e3ffd300c9b86b78a24cd23fdc358ac8493afdf5\\ideaIC-2022.1.4\\lib\\3rd-party-rt.jar;C:\\Users\\patrickfv\\.gradle\\caches\\modules-2\\files-2.1\\com.jetbrains.intellij.idea\\ideaIC\\2022.1.4\\e3ffd300c9b86b78a24cd23fdc358ac8493afdf5\\ideaIC-2022.1.4\\lib\\app.jar;C:\\Users\\patrickfv\\.gradle\\caches\\modules-2\\files-2.1\\com.jetbrains.intellij.idea\\ideaIC\\2022.1.4\\e3ffd300c9b86b78a24cd23fdc358ac8493afdf5\\ideaIC-2022.1.4\\lib\\asm-7.1.jar;C:\\Users\\patrickfv\\.gradle\\caches\\modules-2\\files-2.1\\com.jetbrains.intellij.idea\\ideaIC\\2022.1.4\\e3ffd300c9b86b78a24cd23fdc358ac8493afdf5\\ideaIC-2022.1.4\\lib\\asm-analysis-7.1.jar;C:\\Users\\patrickfv\\.gradle\\caches\\modules-2\\files-2.1\\com.jetbrains.intellij.idea\\ideaIC\\2022.1.4\\e3ffd300c9b86b78a24cd23fdc358ac8493afdf5\\ideaIC-2022.1.4\\lib\\asm-commons-7.1.jar;C:\\Users\\patrickfv\\.gradle\\caches\\modules-2\\files-2.1\\com.jetbrains.intellij.idea\\ideaIC\\2022.1.4\\e3ffd300c9b86b78a24cd23fdc358ac8493afdf5\\ideaIC-2022.1.4\\lib\\asm-tree-7.1.jar;C:\\Users\\patrickfv\\.gradle\\caches\\modules-2\\files-2.1\\com.jetbrains.intellij.idea\\ideaIC\\2022.1.4\\e3ffd300c9b86b78a24cd23fdc358ac8493afdf5\\ideaIC-2022.1.4\\lib\\asm-util-7.1.jar;C:\\Users\\patrickfv\\.gradle\\caches\\modules-2\\files-2.1\\com.jetbrains.intellij.idea\\ideaIC\\2022.1.4\\e3ffd300c9b86b78a24cd23fdc358ac8493afdf5\\ideaIC-2022.1.4\\lib\\byte-buddy-agent.jar;C:\\U
Launcher Type: SUN_STANDARD

[Global flags]
     intx CICompilerCount                          = 3                                         {product} {ergonomic}
     uint ConcGCThreads                            = 1                                         {product} {ergonomic}
     uint G1ConcRefinementThreads                  = 4                                         {product} {ergonomic}
   size_t G1HeapRegionSize                         = 1048576                                   {product} {ergonomic}
    uintx GCDrainStackTargetSize                   = 64                                        {product} {ergonomic}
   size_t InitialHeapSize                          = 268435456                                 {product} {command line}
   size_t MarkStackSize                            = 4194304                                   {product} {ergonomic}
   size_t MaxHeapSize                              = 536870912                                 {product} {command line}
   size_t MaxNewSize                               = 321912832                                 {product} {ergonomic}
   size_t MinHeapDeltaBytes                        = 1048576                                   {product} {ergonomic}
    uintx NonNMethodCodeHeapSize                   = 5830732                                {pd product} {ergonomic}
    uintx NonProfiledCodeHeapSize                  = 122913754                              {pd product} {ergonomic}
    uintx ProfiledCodeHeapSize                     = 122913754                              {pd product} {ergonomic}
    uintx ReservedCodeCacheSize                    = 251658240                              {pd product} {ergonomic}
     bool SegmentedCodeCache                       = true                                      {product} {ergonomic}
     bool UseCompressedClassPointers               = true                                 {lp64_product} {ergonomic}
     bool UseCompressedOops                        = true                                 {lp64_product} {ergonomic}
     bool UseG1GC                                  = true                                      {product} {ergonomic}
     bool UseLargePagesIndividualAllocation        = false                                  {pd product} {ergonomic}

Logging:
Log output configuration:
 #0: stdout all=warning uptime,level,tags
 #1: stderr all=off uptime,level,tags

Environment Variables:
JAVA_HOME=C:\Program Files\OpenJDK\openjdk-11.0.16_8
PATH=C:\Program Files (x86)\NVIDIA Corporation\PhysX\Common;C:\WINDOWS\system32;C:\WINDOWS;C:\WINDOWS\System32\Wbem;C:\WINDOWS\System32\WindowsPowerShell\v1.0\;C:\WINDOWS\System32\OpenSSH\;C:\Program Files\Git\cmd;C:\Program Files\nodejs\;C:\ProgramData\chocolatey\bin;C:\Program Files\OpenJDK\openjdk-11.0.16_8\bin;C:\Program Files (x86)\Yarn\bin\;C:\Program Files\PowerShell\7\;C:\Users\patrickfv\AppData\Local\Microsoft\WindowsApps;C:\Users\patrickfv\AppData\Local\Programs\Microsoft VS Code\bin;C:\Users\patrickfv\AppData\Roaming\npm;C:\tools\flutter\bin;E:\programs\IntelliJ IDEA Community Edition 2022.2.1\bin;C:\Users\patrickfv\AppData\Local\JetBrains\Toolbox\scripts;C:\Users\patrickfv\AppData\Local\Yarn\bin;C:\Users\patrickfv\AppData\Local\Programs\Hyper\resources\bin;C:\Program Files\JetBrains\PyCharm Community Edition 2022.3.1\bin;;C:\Users\patrickfv\AppData\Local\Microsoft\WindowsApps;C:\tools\mysql\current\bin;
USERNAME=patrickfv
OS=Windows_NT
PROCESSOR_IDENTIFIER=Intel64 Family 6 Model 158 Stepping 10, GenuineIntel
TMP=C:\Users\PATRIC~1\AppData\Local\Temp
TEMP=C:\Users\PATRIC~1\AppData\Local\Temp



---------------  S Y S T E M  ---------------

OS: Windows 11 , 64 bit Build 22621 (10.0.22621.1344)
OS uptime: 0 days 3:46 hours

CPU:total 4 (initial active 4) (4 cores per cpu, 1 threads per core) family 6 model 158 stepping 10 microcode 0xde, cmov, cx8, fxsr, mmx, sse, sse2, sse3, ssse3, sse4.1, sse4.2, popcnt, avx, avx2, aes, clmul, erms, 3dnowpref, lzcnt, tsc, tscinvbit, bmi1, bmi2, adx, fma

Memory: 4k page, system-wide physical 4018M (271M free)
TotalPageFile size 8114M (AvailPageFile size 5M)
current process WorkingSet (physical memory assigned to process): 367M, peak: 367M
current process commit charge ("private bytes"): 444M, peak: 445M

vm_info: OpenJDK 64-Bit Server VM (11.0.16+8) for windows-amd64 JRE (11.0.16+8), built on Jul 17 2022 01:33:05 by "tester" with MS VC++ 15.9 (VS2017)

END.
